[2019-03-29 16:42:19.832] [sharedprocess] [info] main {"machineId":"5e2425dc87c111f6616c9a3f37e64ffc76b2929faa087c699ea3e24845361143"}
[2019-03-29 16:42:19.970] [sharedprocess] [info] Scanned user extensions: 13
[2019-03-29 16:42:19.987] [sharedprocess] [info] Scanned user extensions: 13
[2019-03-29 16:42:19.988] [sharedprocess] [info] Scanned user extensions: 13
[2019-03-29 16:42:20.001] [sharedprocess] [info] Scanned user extensions: 13
[2019-03-29 16:42:20.042] [sharedprocess] [info] Deleted from disk dsznajder.es7-react-js-snippets /home/wikt/.vscode/extensions/dsznajder.es7-react-js-snippets-2.1.1
[2019-03-29 16:42:20.048] [sharedprocess] [info] Scanned system extensions: 71
[2019-03-29 16:42:20.051] [sharedprocess] [info] Scanned system extensions: 71
[2019-03-29 16:42:20.055] [sharedprocess] [info] Scanned system extensions: 71
[2019-03-29 16:42:21.981] [sharedprocess] [info] Installing extension: gruntfuggly.todo-tree
[2019-03-29 16:42:21.982] [sharedprocess] [info] Installing extension: wix.glean
[2019-03-29 16:42:22.006] [sharedprocess] [info] Scanned user extensions: 13
[2019-03-29 16:42:22.008] [sharedprocess] [info] Scanned user extensions: 13
[2019-03-29 16:42:24.111] [sharedprocess] [info] Downloaded extension: gruntfuggly.todo-tree /tmp/dbd4b2c4-a1fc-4a6f-8015-db3375cc36bb
[2019-03-29 16:42:26.367] [sharedprocess] [info] Extracted extension to /home/wikt/.vscode/extensions/.gruntfuggly.todo-tree-0.0.126: gruntfuggly.todo-tree
[2019-03-29 16:42:26.367] [sharedprocess] [info] Renamed to /home/wikt/.vscode/extensions/gruntfuggly.todo-tree-0.0.126
[2019-03-29 16:42:26.368] [sharedprocess] [info] Installation completed. gruntfuggly.todo-tree
[2019-03-29 16:42:26.394] [sharedprocess] [info] Extensions installed successfully: gruntfuggly.todo-tree
[2019-03-29 16:42:29.037] [sharedprocess] [info] Downloaded extension: wix.glean /tmp/1a8b8895-2878-484b-9f2d-e98df7319d50
[2019-03-29 16:42:30.898] [sharedprocess] [info] Extracted extension to /home/wikt/.vscode/extensions/.wix.glean-4.10.1: wix.glean
[2019-03-29 16:42:30.898] [sharedprocess] [info] Renamed to /home/wikt/.vscode/extensions/wix.glean-4.10.1
[2019-03-29 16:42:30.899] [sharedprocess] [info] Installation completed. wix.glean
[2019-03-29 16:42:31.278] [sharedprocess] [info] Extensions installed successfully: wix.glean
[2019-03-29 16:42:59.841] [sharedprocess] [info] Starting to clean up unused language packs.
[2019-03-29 16:47:20.042] [sharedprocess] [info] Scanned user extensions: 13
[2019-03-29 16:52:20.069] [sharedprocess] [info] Scanned user extensions: 13
