[2019-03-28 21:13:28.491] [renderer1] [error] Cannot read property 'superClass' of undefined: TypeError: Cannot read property 'superClass' of undefined
	at isSupportedComponent (/home/wikt/.vscode/extensions/wix.glean-4.10.0/out/modules/stateful-to-stateless.js:303:28)
	at Object.isStatefulComp (/home/wikt/.vscode/extensions/wix.glean-4.10.0/out/modules/stateful-to-stateless.js:310:9)
	at CompleteActionProvider.provideCodeActions (/home/wikt/.vscode/extensions/wix.glean-4.10.0/out/extension.js:39:37)
	at /opt/visual-studio-code/resources/app/out/vs/workbench/services/extensions/node/extensionHostProcess.js:541:390
	at t.asPromise (/opt/visual-studio-code/resources/app/out/vs/workbench/services/extensions/node/extensionHostProcess.js:50:385)
	at new Promise (<anonymous>)
	at Object.t.asPromise (/opt/visual-studio-code/resources/app/out/vs/workbench/services/extensions/node/extensionHostProcess.js:50:353)
	at e.provideCodeActions (/opt/visual-studio-code/resources/app/out/vs/workbench/services/extensions/node/extensionHostProcess.js:541:350)
	at /opt/visual-studio-code/resources/app/out/vs/workbench/services/extensions/node/extensionHostProcess.js:558:130
	at e._withAdapter (/opt/visual-studio-code/resources/app/out/vs/workbench/services/extensions/node/extensionHostProcess.js:553:292)
	at e.$provideCodeActions (/opt/visual-studio-code/resources/app/out/vs/workbench/services/extensions/node/extensionHostProcess.js:558:92)
	at t._doInvokeHandler (/opt/visual-studio-code/resources/app/out/vs/workbench/services/extensions/node/extensionHostProcess.js:644:118)
	at t._invokeHandler (/opt/visual-studio-code/resources/app/out/vs/workbench/services/extensions/node/extensionHostProcess.js:643:744)
	at t._receiveRequest (/opt/visual-studio-code/resources/app/out/vs/workbench/services/extensions/node/extensionHostProcess.js:642:256)
	at t._receiveOneMessage (/opt/visual-studio-code/resources/app/out/vs/workbench/services/extensions/node/extensionHostProcess.js:641:155)
	at /opt/visual-studio-code/resources/app/out/vs/workbench/services/extensions/node/extensionHostProcess.js:638:960
	at /opt/visual-studio-code/resources/app/out/vs/workbench/services/extensions/node/extensionHostProcess.js:38:994
	at e.fire (/opt/visual-studio-code/resources/app/out/vs/workbench/services/extensions/node/extensionHostProcess.js:44:113)
	at a (/opt/visual-studio-code/resources/app/out/vs/workbench/services/extensions/node/extensionHostProcess.js:170:213)
	at Socket.f._socketDataListener (/opt/visual-studio-code/resources/app/out/vs/workbench/services/extensions/node/extensionHostProcess.js:170:434)
	at Socket.emit (events.js:182:13)
	at addChunk (_stream_readable.js:279:12)
	at readableAddChunk (_stream_readable.js:264:11)
	at Socket.Readable.push (_stream_readable.js:219:10)
	at Pipe.onread (net.js:636:20)
[2019-03-28 21:13:29.482] [renderer1] [info] no standard startup: panel is active
[2019-03-28 21:14:19.877] [renderer1] [info] no standard startup: not just one text editor
[2019-03-28 21:46:10.828] [renderer1] [error] net::ERR_TIMED_OUT: {1}
