[2019-03-28 21:13:29.110] [sharedprocess] [info] main {"machineId":"5e2425dc87c111f6616c9a3f37e64ffc76b2929faa087c699ea3e24845361143"}
[2019-03-28 21:13:29.224] [sharedprocess] [info] Scanned user extensions: 13
[2019-03-28 21:13:29.246] [sharedprocess] [info] Scanned user extensions: 13
[2019-03-28 21:13:29.313] [sharedprocess] [info] Scanned system extensions: 71
[2019-03-28 21:13:29.322] [sharedprocess] [info] Scanned system extensions: 71
[2019-03-28 21:14:07.416] [sharedprocess] [info] Scanned user extensions: 13
[2019-03-28 21:14:09.118] [sharedprocess] [info] Starting to clean up unused language packs.
[2019-03-28 21:14:14.552] [sharedprocess] [info] Scanned user extensions: 13
[2019-03-28 21:14:14.586] [sharedprocess] [info] Scanned system extensions: 71
[2019-03-28 21:14:19.956] [sharedprocess] [info] Scanned user extensions: 13
[2019-03-28 21:16:33.995] [sharedprocess] [info] Installing extension: dsznajder.es7-react-js-snippets
[2019-03-28 21:16:34.011] [sharedprocess] [info] Scanned user extensions: 13
[2019-03-28 21:16:42.319] [sharedprocess] [info] Downloaded extension: dsznajder.es7-react-js-snippets /tmp/dcaa2a5c-0a0e-4fd2-9dfb-a9543477af5a
[2019-03-28 21:16:42.350] [sharedprocess] [info] Extracted extension to /home/wikt/.vscode/extensions/.dsznajder.es7-react-js-snippets-2.1.2: dsznajder.es7-react-js-snippets
[2019-03-28 21:16:42.351] [sharedprocess] [info] Renamed to /home/wikt/.vscode/extensions/dsznajder.es7-react-js-snippets-2.1.2
[2019-03-28 21:16:42.351] [sharedprocess] [info] Installation completed. dsznajder.es7-react-js-snippets
[2019-03-28 21:16:42.381] [sharedprocess] [info] Extensions installed successfully: dsznajder.es7-react-js-snippets
[2019-03-28 21:19:20.661] [sharedprocess] [info] Scanned user extensions: 13
[2019-03-28 21:39:30.611] [sharedprocess] [info] Scanned user extensions: 13
[2019-03-28 21:44:30.632] [sharedprocess] [info] Scanned user extensions: 13
[2019-03-28 21:49:30.658] [sharedprocess] [info] Scanned user extensions: 13
[2019-03-28 21:54:30.692] [sharedprocess] [info] Scanned user extensions: 13
[2019-03-28 21:59:30.712] [sharedprocess] [info] Scanned user extensions: 13
[2019-03-28 22:04:30.731] [sharedprocess] [info] Scanned user extensions: 13
[2019-03-28 22:09:30.751] [sharedprocess] [info] Scanned user extensions: 13
[2019-03-28 22:14:30.771] [sharedprocess] [info] Scanned user extensions: 13
[2019-03-28 22:16:15.934] [sharedprocess] [info] Scanned user extensions: 13
[2019-03-28 22:16:15.984] [sharedprocess] [info] Scanned system extensions: 71
[2019-03-28 22:19:31.158] [sharedprocess] [info] Scanned user extensions: 13
[2019-03-28 22:24:31.179] [sharedprocess] [info] Scanned user extensions: 13
[2019-03-28 22:29:31.198] [sharedprocess] [info] Scanned user extensions: 13
[2019-03-28 22:34:31.220] [sharedprocess] [info] Scanned user extensions: 13
[2019-03-28 22:39:31.235] [sharedprocess] [info] Scanned user extensions: 13
[2019-03-28 22:44:31.257] [sharedprocess] [info] Scanned user extensions: 13
[2019-03-28 22:46:20.344] [sharedprocess] [info] Scanned user extensions: 13
[2019-03-28 22:46:20.436] [sharedprocess] [info] Scanned system extensions: 71
[2019-03-28 22:49:31.278] [sharedprocess] [info] Scanned user extensions: 13
[2019-03-28 22:54:31.300] [sharedprocess] [info] Scanned user extensions: 13
[2019-03-28 22:59:31.318] [sharedprocess] [info] Scanned user extensions: 13
[2019-03-28 23:04:31.337] [sharedprocess] [info] Scanned user extensions: 13
[2019-03-28 23:09:31.357] [sharedprocess] [info] Scanned user extensions: 13
[2019-03-28 23:14:31.379] [sharedprocess] [info] Scanned user extensions: 13
[2019-03-28 23:15:30.190] [sharedprocess] [info] Scanned user extensions: 13
[2019-03-28 23:15:30.228] [sharedprocess] [info] Scanned system extensions: 71
[2019-03-28 23:19:31.784] [sharedprocess] [info] Scanned user extensions: 13
[2019-03-28 23:24:31.806] [sharedprocess] [info] Scanned user extensions: 13
[2019-03-28 23:29:31.824] [sharedprocess] [info] Scanned user extensions: 13
[2019-03-28 23:34:31.843] [sharedprocess] [info] Scanned user extensions: 13
[2019-03-28 23:39:31.864] [sharedprocess] [info] Scanned user extensions: 13
[2019-03-28 23:44:31.881] [sharedprocess] [info] Scanned user extensions: 13
[2019-03-28 23:49:31.903] [sharedprocess] [info] Scanned user extensions: 13
[2019-03-28 23:54:31.923] [sharedprocess] [info] Scanned user extensions: 13
[2019-03-28 23:59:31.942] [sharedprocess] [info] Scanned user extensions: 13
[2019-03-29 00:04:31.961] [sharedprocess] [info] Scanned user extensions: 13
[2019-03-29 00:09:31.983] [sharedprocess] [info] Scanned user extensions: 13
[2019-03-29 00:14:32.004] [sharedprocess] [info] Scanned user extensions: 13
[2019-03-29 00:19:32.438] [sharedprocess] [info] Scanned user extensions: 13
[2019-03-29 00:24:32.457] [sharedprocess] [info] Scanned user extensions: 13
[2019-03-29 00:29:32.476] [sharedprocess] [info] Scanned user extensions: 13
[2019-03-29 00:34:32.497] [sharedprocess] [info] Scanned user extensions: 13
[2019-03-29 00:39:32.519] [sharedprocess] [info] Scanned user extensions: 13
[2019-03-29 00:44:32.539] [sharedprocess] [info] Scanned user extensions: 13
[2019-03-29 00:49:32.560] [sharedprocess] [info] Scanned user extensions: 13
[2019-03-29 00:54:32.576] [sharedprocess] [info] Scanned user extensions: 13
[2019-03-29 00:59:32.590] [sharedprocess] [info] Scanned user extensions: 13
[2019-03-29 01:04:32.624] [sharedprocess] [info] Scanned user extensions: 13
[2019-03-29 01:09:32.656] [sharedprocess] [info] Scanned user extensions: 13
[2019-03-29 01:14:32.677] [sharedprocess] [info] Scanned user extensions: 13
[2019-03-29 01:19:33.131] [sharedprocess] [info] Scanned user extensions: 13
[2019-03-29 01:24:33.151] [sharedprocess] [info] Scanned user extensions: 13
[2019-03-29 01:29:33.171] [sharedprocess] [info] Scanned user extensions: 13
[2019-03-29 01:34:33.191] [sharedprocess] [info] Scanned user extensions: 13
[2019-03-29 01:34:40.205] [sharedprocess] [info] Scanned user extensions: 13
[2019-03-29 01:34:40.229] [sharedprocess] [info] Scanned system extensions: 71
[2019-03-29 01:39:33.211] [sharedprocess] [info] Scanned user extensions: 13
[2019-03-29 01:44:33.232] [sharedprocess] [info] Scanned user extensions: 13
[2019-03-29 01:49:33.254] [sharedprocess] [info] Scanned user extensions: 13
[2019-03-29 01:54:33.273] [sharedprocess] [info] Scanned user extensions: 13
[2019-03-29 01:59:33.291] [sharedprocess] [info] Scanned user extensions: 13
[2019-03-29 02:04:33.304] [sharedprocess] [info] Scanned user extensions: 13
[2019-03-29 02:09:33.324] [sharedprocess] [info] Scanned user extensions: 13
[2019-03-29 02:14:33.364] [sharedprocess] [info] Scanned user extensions: 13
[2019-03-29 02:19:33.937] [sharedprocess] [info] Scanned user extensions: 13
[2019-03-29 02:24:33.956] [sharedprocess] [info] Scanned user extensions: 13
[2019-03-29 16:16:58.683] [sharedprocess] [info] Scanned user extensions: 13
[2019-03-29 16:21:59.869] [sharedprocess] [info] Scanned user extensions: 13
[2019-03-29 16:26:59.911] [sharedprocess] [info] Scanned user extensions: 13
[2019-03-29 16:32:00.144] [sharedprocess] [info] Scanned user extensions: 13
