Installing crash catcher
Loading config file: /home/wikt/.config/openmw/openmw.cfg... done.
Loading config file: /etc/openmw/openmw.cfg... done.
OpenMW version 0.44.0
Using default (English) font encoding.
OSG version: 3.4.1
Loading settings file: /etc/openmw/settings-default.cfg
Loading settings file: /home/wikt/.config/openmw/settings.cfg
Adding BSA archive /home/wikt/Games/Morrowind/Data Files/Morrowind.bsa
Adding BSA archive /home/wikt/Games/Morrowind/Data Files/Tribunal.bsa
Adding BSA archive /home/wikt/Games/Morrowind/Data Files/Bloodmoon.bsa
Adding data directory /home/wikt/Games/Morrowind/Data Files
Adding data directory /usr/share/games/openmw/data
Initializing OpenAL...
Opened "Built-in Audio Analog Stereo"
  ALC Version: 1.1
  ALC Extensions: ALC_ENUMERATE_ALL_EXT ALC_ENUMERATION_EXT ALC_EXT_CAPTURE ALC_EXT_DEDICATED ALC_EXT_disconnect ALC_EXT_EFX ALC_EXT_thread_local_context ALC_SOFT_device_clock ALC_SOFT_HRTF ALC_SOFT_loopback ALC_SOFT_output_limiter ALC_SOFT_pause_device
  Vendor: OpenAL Community
  Renderer: OpenAL Soft
  Version: 1.1 ALSOFT 1.19.1
  Extensions: AL_EXT_ALAW AL_EXT_BFORMAT AL_EXT_DOUBLE AL_EXT_EXPONENT_DISTANCE AL_EXT_FLOAT32 AL_EXT_IMA4 AL_EXT_LINEAR_DISTANCE AL_EXT_MCFORMATS AL_EXT_MULAW AL_EXT_MULAW_BFORMAT AL_EXT_MULAW_MCFORMATS AL_EXT_OFFSET AL_EXT_source_distance_model AL_EXT_SOURCE_RADIUS AL_EXT_STEREO_ANGLES AL_LOKI_quadriphonic AL_SOFT_block_alignment AL_SOFT_deferred_updates AL_SOFT_direct_channels AL_SOFTX_events AL_SOFTX_filter_gain_ex AL_SOFT_gain_clamp_ex AL_SOFT_loop_points AL_SOFTX_map_buffer AL_SOFT_MSADPCM AL_SOFT_source_latency AL_SOFT_source_length AL_SOFT_source_resampler AL_SOFT_source_spatialize
HRTF disabled
Allocated 256 sound sources
Low-pass filter supported
EAX Reverb supported
Enumerated output devices:
  Built-in Audio Analog Stereo
Enumerated HRTF names:
  default-44100
  default-48000
  Built-In 44100hz
  Built-In 48000hz
Failed to open video: Resource 'video/bethesda logo.bik' not found
Loading content file Morrowind.esm
Loading content file Tribunal.esm
Loading content file Bloodmoon.esm
Playing Music/Special/morrowind title.mp3
Failed to open video: Resource 'video/mw_logo.bik' not found
Changing to interior
Loading cell Imperial Prison Ship
Failed to open video: Resource 'video/mw_intro.bik' not found
Warning: controller R2_Claw02 present more than once in meshes/r/xsiltstrider.kf, ignoring later version
Playing music/explore/morrowind title.mp3
AiTravel: 90, -90, -88
AiEscort: 195, 100, 170, 12
AiTravel: 185, 174, 170
Playing music/explore/mx_explore_1.mp3
Unloading cell
Loading cell -3, -10
Loading cell -3, -9
Loading cell -3, -8
Loading cell -2, -10
Loading cell -2, -9
Loading cell -2, -8
Loading cell -1, -10
Loading cell -1, -9
Loading cell -1, -8
warning fallingScript line 46, column 6 (endif)
    endif without matching if/elseif
AiTravel: -8914, -73093, 126
Playing music/explore/mx_explore_7.mp3
Playing music/explore/mx_explore_6.mp3
AiTravel: -9944, -72481, 126
Playing music/explore/mx_explore_3.mp3
Playing music/explore/mx_explore_2.mp3
Changing to interior
Unloading cell
Unloading cell
Unloading cell
Unloading cell
Unloading cell
Unloading cell
Unloading cell
Unloading cell
Unloading cell
Loading cell Seyda Neen, Census and Excise Office
