[2019-03-29 19:16:39.149] [exthost] [info] extension host started
[2019-03-29 19:16:39.232] [exthost] [info] ExtensionService#_doActivateExtension vscode.debug-auto-launch {"startup":true,"activationEvent":"*"}
[2019-03-29 19:16:39.232] [exthost] [info] ExtensionService#loadCommonJSModule /opt/visual-studio-code/resources/app/extensions/debug-auto-launch/dist/extension
[2019-03-29 19:16:39.234] [exthost] [info] ExtensionService#_doActivateExtension vscode.emmet {"startup":true,"activationEvent":"*"}
[2019-03-29 19:16:39.234] [exthost] [info] ExtensionService#loadCommonJSModule /opt/visual-studio-code/resources/app/extensions/emmet/dist/extension
[2019-03-29 19:16:39.239] [exthost] [info] ExtensionService#_doActivateExtension vscode.git {"startup":true,"activationEvent":"*"}
[2019-03-29 19:16:39.239] [exthost] [info] ExtensionService#loadCommonJSModule /opt/visual-studio-code/resources/app/extensions/git/dist/main
[2019-03-29 19:16:39.270] [exthost] [info] ExtensionService#_doActivateExtension vscode.merge-conflict {"startup":true,"activationEvent":"*"}
[2019-03-29 19:16:39.270] [exthost] [info] ExtensionService#loadCommonJSModule /opt/visual-studio-code/resources/app/extensions/merge-conflict/dist/extension
[2019-03-29 19:16:39.275] [exthost] [info] ExtensionService#_doActivateExtension christian-kohler.path-intellisense {"startup":true,"activationEvent":"*"}
[2019-03-29 19:16:39.275] [exthost] [info] ExtensionService#loadCommonJSModule /home/wikt/.vscode/extensions/christian-kohler.path-intellisense-1.4.2/out/src/extension
[2019-03-29 19:16:39.287] [exthost] [info] ExtensionService#_doActivateExtension dbaeumer.vscode-eslint {"startup":true,"activationEvent":"*"}
[2019-03-29 19:16:39.287] [exthost] [info] ExtensionService#loadCommonJSModule /home/wikt/.vscode/extensions/dbaeumer.vscode-eslint-1.8.2/client/out/extension
[2019-03-29 19:16:39.298] [exthost] [info] ExtensionService#_doActivateExtension Equinusocio.vsc-material-theme {"startup":true,"activationEvent":"*"}
[2019-03-29 19:16:39.298] [exthost] [info] ExtensionService#loadCommonJSModule /home/wikt/.vscode/extensions/equinusocio.vsc-material-theme-2.8.2/out/src/material.theme.config
[2019-03-29 19:16:39.304] [exthost] [info] ExtensionService#_doActivateExtension esbenp.prettier-vscode {"startup":true,"activationEvent":"*"}
[2019-03-29 19:16:39.304] [exthost] [info] ExtensionService#loadCommonJSModule /home/wikt/.vscode/extensions/esbenp.prettier-vscode-1.8.1/out/src/extension
[2019-03-29 19:16:39.363] [exthost] [info] ExtensionService#_doActivateExtension Gruntfuggly.todo-tree {"startup":true,"activationEvent":"*"}
[2019-03-29 19:16:39.363] [exthost] [info] ExtensionService#loadCommonJSModule /home/wikt/.vscode/extensions/gruntfuggly.todo-tree-0.0.126/extension
[2019-03-29 19:16:39.622] [exthost] [info] ExtensionService#_doActivateExtension monokai.theme-monokai-pro-vscode {"startup":true,"activationEvent":"*"}
[2019-03-29 19:16:39.622] [exthost] [info] ExtensionService#loadCommonJSModule /home/wikt/.vscode/extensions/monokai.theme-monokai-pro-vscode-1.1.12/js/main
[2019-03-29 19:16:39.624] [exthost] [info] ExtensionService#_doActivateExtension PKief.material-icon-theme {"startup":true,"activationEvent":"*"}
[2019-03-29 19:16:39.624] [exthost] [info] ExtensionService#loadCommonJSModule /home/wikt/.vscode/extensions/pkief.material-icon-theme-3.7.0/dist/extension
[2019-03-29 19:16:39.630] [exthost] [info] ExtensionService#_doActivateExtension wix.glean {"startup":true,"activationEvent":"*"}
[2019-03-29 19:16:39.630] [exthost] [info] ExtensionService#loadCommonJSModule /home/wikt/.vscode/extensions/wix.glean-4.10.1/out/extension
[2019-03-29 19:16:39.854] [exthost] [info] eager extensions activated
