[1320][1553520993645][main][info]["Booting Postman 7.0.6, linux-4.14.107-1-MANJARO on x64"]
[1320][1553520993650][main][info]["EventBus~initialize - Success"]
[1320][1553520993654][main][info]["LinuxAutoUpdater~cleanUp: Skipping cleanUp operation"]
[1320][1553520993655][main][error]["LinuxAutoUpdater~Cleanup - Error in initial cleanup"]
[1320][1553520993659][main][info]["UpdateHandler~init - Success"]
[1320][1553520993664][main][info]["RuntimeExecutionService~initialized: Success"]
[1320][1553520993782][main][info]["ProtocolHandler~init - Success with status: false]"]
[1320][1553520993795][main][info]["PluginHost~bootHost: Booted - 1"]
[1320][1553520994243][main][info]["Bootstrap-models~bootstrap - Success"]
[1320][1553520997500][main][info]["Main~AppEvents - Received booted event for process shared"]
[1320][1553521000016][main][info]["UpdateHandler~app-update-events - Received event",{"name":"checkForElectronVersionUpdated","namespace":"appUpdate"}]
[1320][1553521000021][main][info]["Main~AppEvents - Received booted event for process requester"]
[4935][1553606795405][main][info]["Booting Postman 7.0.6, linux-4.14.107-1-MANJARO on x64"]
[4935][1553606795409][main][info]["EventBus~initialize - Success"]
[4935][1553606795411][main][info]["LinuxAutoUpdater~cleanUp: Skipping cleanUp operation"]
[4935][1553606795412][main][error]["LinuxAutoUpdater~Cleanup - Error in initial cleanup"]
[4935][1553606795419][main][info]["UpdateHandler~init - Success"]
[4935][1553606795425][main][info]["RuntimeExecutionService~initialized: Success"]
[4935][1553606795538][main][info]["ProtocolHandler~init - Success with status: false]"]
[4935][1553606795548][main][info]["PluginHost~bootHost: Booted - 1"]
[4935][1553606796045][main][info]["Bootstrap-models~bootstrap - Success"]
[4935][1553606798197][main][info]["Main~AppEvents - Received booted event for process shared"]
[4935][1553606800786][main][info]["UpdateHandler~app-update-events - Received event",{"name":"checkForElectronVersionUpdated","namespace":"appUpdate"}]
[4935][1553606800789][main][info]["Main~AppEvents - Received booted event for process requester"]
[4935][1553632445322][main][info]["WindowManager~closeHandler - Closed Window (id: 3 )"]
[4935][1553632445420][main][info]["Quitting app"]
[4935][1553632445423][main][info][null]
[4935][1553632445481][main][error][{"name":"Error","message":"PluginHost~hostErrorOrExit: Exited with code null with signal SIGINT","stack":"Error: PluginHost~hostErrorOrExit: Exited with code null with signal SIGINT\n    at ChildProcess.host.on (/opt/postman/app/resources/app/node_modules/@postman/app-plugins-host/index.js:63:25)\n    at emitTwo (events.js:125:13)\n    at ChildProcess.emit (events.js:213:7)\n    at Process.ChildProcess._handle.onexit (internal/child_process.js:200:12)"}]
[4935][1553632445484][main][error][{"name":"Error","message":"PluginHost~bootHost: Disabling boot since it has exceeded the maximum allowed boot count 2","stack":"Error: PluginHost~bootHost: Disabling boot since it has exceeded the maximum allowed boot count 2\n    at PluginHost.bootHost (/opt/postman/app/resources/app/node_modules/@postman/app-plugins-host/index.js:26:9)\n    at <anonymous>\n    at process._tickDomainCallback (internal/process/next_tick.js:228:7)"}]
[6948][1553633561907][main][info]["Booting Postman 7.0.6, linux-4.14.107-1-MANJARO on x64"]
[6948][1553633561911][main][info]["EventBus~initialize - Success"]
[6948][1553633561914][main][info]["LinuxAutoUpdater~cleanUp: Skipping cleanUp operation"]
[6948][1553633561914][main][error]["LinuxAutoUpdater~Cleanup - Error in initial cleanup"]
[6948][1553633561918][main][info]["UpdateHandler~init - Success"]
[6948][1553633561923][main][info]["RuntimeExecutionService~initialized: Success"]
[6948][1553633562088][main][info]["ProtocolHandler~init - Success with status: false]"]
[6948][1553633562106][main][info]["PluginHost~bootHost: Booted - 1"]
[6948][1553633562616][main][info]["Bootstrap-models~bootstrap - Success"]
[6948][1553633564660][main][info]["Main~AppEvents - Received booted event for process shared"]
[6948][1553633567055][main][info]["UpdateHandler~app-update-events - Received event",{"name":"checkForElectronVersionUpdated","namespace":"appUpdate"}]
[6948][1553633567057][main][info]["Main~AppEvents - Received booted event for process requester"]
[6948][1553633567705][main][info]["WindowManager~closeHandler - Closed Window (id: 3 )"]
[6948][1553633567739][main][info]["Quitting app"]
[6948][1553633567754][main][info][null]
[6948][1553633567769][main][error][{"name":"Error","message":"PluginHost~hostErrorOrExit: Exited with code null with signal SIGINT","stack":"Error: PluginHost~hostErrorOrExit: Exited with code null with signal SIGINT\n    at ChildProcess.host.on (/opt/postman/app/resources/app/node_modules/@postman/app-plugins-host/index.js:63:25)\n    at emitTwo (events.js:125:13)\n    at ChildProcess.emit (events.js:213:7)\n    at Process.ChildProcess._handle.onexit (internal/child_process.js:200:12)"}]
[6948][1553633567771][main][error][{"name":"Error","message":"PluginHost~bootHost: Disabling boot since it has exceeded the maximum allowed boot count 2","stack":"Error: PluginHost~bootHost: Disabling boot since it has exceeded the maximum allowed boot count 2\n    at PluginHost.bootHost (/opt/postman/app/resources/app/node_modules/@postman/app-plugins-host/index.js:26:9)\n    at <anonymous>\n    at process._tickDomainCallback (internal/process/next_tick.js:228:7)"}]
[1498][1553662217245][main][info]["Booting Postman 7.0.6, linux-4.14.107-1-MANJARO on x64"]
[1498][1553662217249][main][info]["EventBus~initialize - Success"]
[1498][1553662217258][main][info]["LinuxAutoUpdater~cleanUp: Skipping cleanUp operation"]
[1498][1553662217258][main][error]["LinuxAutoUpdater~Cleanup - Error in initial cleanup"]
[1498][1553662217263][main][info]["UpdateHandler~init - Success"]
[1498][1553662217271][main][info]["RuntimeExecutionService~initialized: Success"]
[1498][1553662217392][main][info]["ProtocolHandler~init - Success with status: false]"]
[1498][1553662217407][main][info]["PluginHost~bootHost: Booted - 1"]
[1498][1553662218299][main][info]["Bootstrap-models~bootstrap - Success"]
[1498][1553662220445][main][info]["Main~AppEvents - Received booted event for process shared"]
[1498][1553662222763][main][info]["UpdateHandler~app-update-events - Received event",{"name":"checkForElectronVersionUpdated","namespace":"appUpdate"}]
[1498][1553662222767][main][info]["Main~AppEvents - Received booted event for process requester"]
[1498][1553662226241][main][info]["WindowManager~closeHandler - Closed Window (id: 3 )"]
[1498][1553662226260][main][info]["Quitting app"]
[1498][1553662226263][main][info][null]
[1498][1553662226280][main][error][{"name":"Error","message":"PluginHost~hostErrorOrExit: Exited with code null with signal SIGINT","stack":"Error: PluginHost~hostErrorOrExit: Exited with code null with signal SIGINT\n    at ChildProcess.host.on (/opt/postman/app/resources/app/node_modules/@postman/app-plugins-host/index.js:63:25)\n    at emitTwo (events.js:125:13)\n    at ChildProcess.emit (events.js:213:7)\n    at Process.ChildProcess._handle.onexit (internal/child_process.js:200:12)"}]
[1498][1553662226281][main][error][{"name":"Error","message":"PluginHost~bootHost: Disabling boot since it has exceeded the maximum allowed boot count 2","stack":"Error: PluginHost~bootHost: Disabling boot since it has exceeded the maximum allowed boot count 2\n    at PluginHost.bootHost (/opt/postman/app/resources/app/node_modules/@postman/app-plugins-host/index.js:26:9)\n    at <anonymous>\n    at process._tickDomainCallback (internal/process/next_tick.js:228:7)"}]
[7076][1553671339147][main][info]["Booting Postman 7.0.6, linux-4.14.107-1-MANJARO on x64"]
[7076][1553671339151][main][info]["EventBus~initialize - Success"]
[7076][1553671339154][main][info]["LinuxAutoUpdater~cleanUp: Skipping cleanUp operation"]
[7076][1553671339155][main][error]["LinuxAutoUpdater~Cleanup - Error in initial cleanup"]
[7076][1553671339165][main][info]["UpdateHandler~init - Success"]
[7076][1553671339175][main][info]["RuntimeExecutionService~initialized: Success"]
[7076][1553671339301][main][info]["ProtocolHandler~init - Success with status: false]"]
[7076][1553671339316][main][info]["PluginHost~bootHost: Booted - 1"]
[7076][1553671340255][main][info]["Bootstrap-models~bootstrap - Success"]
[7076][1553671342550][main][info]["Main~AppEvents - Received booted event for process shared"]
[7076][1553671344805][main][info]["UpdateHandler~app-update-events - Received event",{"name":"checkForElectronVersionUpdated","namespace":"appUpdate"}]
[7076][1553671344807][main][info]["Main~AppEvents - Received booted event for process requester"]
[27994][1553773875410][main][info]["Booting Postman 7.0.6, linux-4.19.30-1-MANJARO on x64"]
[27994][1553773875416][main][info]["EventBus~initialize - Success"]
[27994][1553773875419][main][info]["LinuxAutoUpdater~cleanUp: Skipping cleanUp operation"]
[27994][1553773875420][main][error]["LinuxAutoUpdater~Cleanup - Error in initial cleanup"]
[27994][1553773875424][main][info]["UpdateHandler~init - Success"]
[27994][1553773875432][main][info]["RuntimeExecutionService~initialized: Success"]
[27994][1553773875538][main][info]["ProtocolHandler~init - Success with status: false]"]
[27994][1553773875555][main][info]["PluginHost~bootHost: Booted - 1"]
[27994][1553773876010][main][info]["Bootstrap-models~bootstrap - Success"]
[27994][1553773878730][main][info]["Main~AppEvents - Received booted event for process shared"]
[27994][1553773881105][main][info]["UpdateHandler~app-update-events - Received event",{"name":"checkForElectronVersionUpdated","namespace":"appUpdate"}]
[27994][1553773881108][main][info]["Main~AppEvents - Received booted event for process requester"]
[19683][1553842760214][main][info]["Booting Postman 7.0.6, linux-4.19.30-1-MANJARO on x64"]
[19683][1553842760219][main][info]["EventBus~initialize - Success"]
[19683][1553842760223][main][info]["LinuxAutoUpdater~cleanUp: Skipping cleanUp operation"]
[19683][1553842760224][main][error]["LinuxAutoUpdater~Cleanup - Error in initial cleanup"]
[19683][1553842760234][main][info]["UpdateHandler~init - Success"]
[19683][1553842760242][main][info]["RuntimeExecutionService~initialized: Success"]
[19683][1553842760370][main][info]["ProtocolHandler~init - Success with status: false]"]
[19683][1553842760386][main][info]["PluginHost~bootHost: Booted - 1"]
[19683][1553842760791][main][info]["Bootstrap-models~bootstrap - Success"]
[19683][1553842763080][main][info]["Main~AppEvents - Received booted event for process shared"]
[19683][1553842765299][main][info]["UpdateHandler~app-update-events - Received event",{"name":"checkForElectronVersionUpdated","namespace":"appUpdate"}]
[19683][1553842765301][main][info]["Main~AppEvents - Received booted event for process requester"]
[19683][1553842765333][main][info]["WindowManager~closeHandler - Closed Window (id: 3 )"]
[19683][1553842765357][main][info]["Quitting app"]
[19683][1553842765373][main][info][null]
[19683][1553842765388][main][error][{"name":"Error","message":"PluginHost~hostErrorOrExit: Exited with code null with signal SIGINT","stack":"Error: PluginHost~hostErrorOrExit: Exited with code null with signal SIGINT\n    at ChildProcess.host.on (/opt/postman/app/resources/app/node_modules/@postman/app-plugins-host/index.js:63:25)\n    at emitTwo (events.js:125:13)\n    at ChildProcess.emit (events.js:213:7)\n    at Process.ChildProcess._handle.onexit (internal/child_process.js:200:12)"}]
[19683][1553842765391][main][error][{"name":"Error","message":"PluginHost~bootHost: Disabling boot since it has exceeded the maximum allowed boot count 2","stack":"Error: PluginHost~bootHost: Disabling boot since it has exceeded the maximum allowed boot count 2\n    at PluginHost.bootHost (/opt/postman/app/resources/app/node_modules/@postman/app-plugins-host/index.js:26:9)\n    at <anonymous>\n    at process._tickDomainCallback (internal/process/next_tick.js:228:7)"}]
