[1320][1553520994323][pluginHost][info]["Booting Plugin Host for Postman 7.0.6, linux-4.14.107-1-MANJARO on x64"]
[1320][1553520994333][pluginHost][info]["PluginsHost: Booted"]
[1320][1553520994337][pluginHost][info]["not exist",{"errno":-2,"code":"ENOENT","syscall":"open","path":"/home/wikt/.config/Postman/plugins/postman.openApi/version.json","name":"Error","message":"ENOENT: no such file or directory, open '/home/wikt/.config/Postman/plugins/postman.openApi/version.json'","stack":"Error: ENOENT: no such file or directory, open '/home/wikt/.config/Postman/plugins/postman.openApi/version.json'"}]
[1320][1553520994338][pluginHost][info]["PluginInstallationService~installOrUpdatePlugins Installing plugin",{"version":"0.0.10","pluginId":"postman.openApi","isInstalled":false}]
[1320][1553520994339][pluginHost][info]["PluginInstallationService~installFromLocal",{"pluginZipPath":"/opt/postman/app/resources/app/plugins/postman.openApi.zip","pluginsDir":"/home/wikt/.config/Postman/plugins","currVersionDirPath":"/home/wikt/.config/Postman/plugins/postman.openApi/0.0.10","tempDir":"/tmp","result":{"pluginId":"postman.openApi","version":"0.0.10","status":null}}]
[1320][1553520994339][pluginHost][info]["PluginInstallationService~installFromLocal extracting"]
[1320][1553520994340][pluginHost][info]["not exist",{"errno":-2,"code":"ENOENT","syscall":"open","path":"/home/wikt/.config/Postman/plugins/postman.sample/version.json","name":"Error","message":"ENOENT: no such file or directory, open '/home/wikt/.config/Postman/plugins/postman.sample/version.json'","stack":"Error: ENOENT: no such file or directory, open '/home/wikt/.config/Postman/plugins/postman.sample/version.json'"}]
[1320][1553520994340][pluginHost][info]["PluginInstallationService~installOrUpdatePlugins Installing plugin",{"version":"0.0.1","pluginId":"postman.sample","isInstalled":false}]
[1320][1553520994341][pluginHost][info]["PluginInstallationService~installFromLocal",{"pluginZipPath":"/opt/postman/app/resources/app/plugins/postman.sample.zip","pluginsDir":"/home/wikt/.config/Postman/plugins","currVersionDirPath":"/home/wikt/.config/Postman/plugins/postman.sample/0.0.1","tempDir":"/tmp","result":{"pluginId":"postman.sample","version":"0.0.1","status":null}}]
[1320][1553520994341][pluginHost][info]["PluginInstallationService~installFromLocal extracting"]
[1320][1553520994713][pluginHost][info]["PluginInstallationService~installFromLocal extracted",{"pluginId":"postman.sample","version":"0.0.1","status":null}]
[1320][1553520994714][pluginHost][info]["PluginInstallationService~installFromLocal moving",{"extractedPluginPath":"/tmp/postman.sample"}]
[1320][1553520994714][pluginHost][info]["PluginInstallationService~installFromLocal extracted",{"pluginId":"postman.openApi","version":"0.0.10","status":null}]
[1320][1553520994715][pluginHost][info]["PluginInstallationService~installFromLocal moving",{"extractedPluginPath":"/tmp/postman.openApi"}]
[1320][1553520994716][pluginHost][warn]["PluginInstallationService~installFromLocal Caught an error",{"errno":-18,"code":"EXDEV","syscall":"rename","path":"/tmp/postman.sample","dest":"/home/wikt/.config/Postman/plugins/postman.sample/0.0.1","name":"Error","message":"EXDEV: cross-device link not permitted, rename '/tmp/postman.sample' -> '/home/wikt/.config/Postman/plugins/postman.sample/0.0.1'","stack":"Error: EXDEV: cross-device link not permitted, rename '/tmp/postman.sample' -> '/home/wikt/.config/Postman/plugins/postman.sample/0.0.1'"},{"pluginId":"postman.sample","version":"0.0.1","status":"failed","error":{}}]
[1320][1553520994717][pluginHost][info]["PluginInstallationService~installFromLocal Completed installing plugin",{"pluginId":"postman.sample","version":"0.0.1","status":"failed","error":{}}]
[1320][1553520994717][pluginHost][warn]["PluginInstallationService~installFromLocal Caught an error",{"errno":-18,"code":"EXDEV","syscall":"rename","path":"/tmp/postman.openApi","dest":"/home/wikt/.config/Postman/plugins/postman.openApi/0.0.10","name":"Error","message":"EXDEV: cross-device link not permitted, rename '/tmp/postman.openApi' -> '/home/wikt/.config/Postman/plugins/postman.openApi/0.0.10'","stack":"Error: EXDEV: cross-device link not permitted, rename '/tmp/postman.openApi' -> '/home/wikt/.config/Postman/plugins/postman.openApi/0.0.10'"},{"pluginId":"postman.openApi","version":"0.0.10","status":"failed","error":{}}]
[1320][1553520994718][pluginHost][info]["PluginInstallationService~installFromLocal Completed installing plugin",{"pluginId":"postman.openApi","version":"0.0.10","status":"failed","error":{}}]
[1320][1553520994718][pluginHost][info]["PluginsHost~installOrUpdatePlugins: Synced all plugins",[{"pluginId":"postman.openApi","version":"0.0.10","status":"failed","error":{}},{"pluginId":"postman.sample","version":"0.0.1","status":"failed","error":{}}]]
[4935][1553606796419][pluginHost][info]["Booting Plugin Host for Postman 7.0.6, linux-4.14.107-1-MANJARO on x64"]
[4935][1553606796431][pluginHost][info]["PluginsHost: Booted"]
[4935][1553606796446][pluginHost][info]["not exist",{"errno":-2,"code":"ENOENT","syscall":"open","path":"/home/wikt/.config/Postman/plugins/postman.openApi/version.json","name":"Error","message":"ENOENT: no such file or directory, open '/home/wikt/.config/Postman/plugins/postman.openApi/version.json'","stack":"Error: ENOENT: no such file or directory, open '/home/wikt/.config/Postman/plugins/postman.openApi/version.json'"}]
[4935][1553606796447][pluginHost][info]["PluginInstallationService~installOrUpdatePlugins Installing plugin",{"version":"0.0.10","pluginId":"postman.openApi","isInstalled":false}]
[4935][1553606796447][pluginHost][info]["PluginInstallationService~installFromLocal",{"pluginZipPath":"/opt/postman/app/resources/app/plugins/postman.openApi.zip","pluginsDir":"/home/wikt/.config/Postman/plugins","currVersionDirPath":"/home/wikt/.config/Postman/plugins/postman.openApi/0.0.10","tempDir":"/tmp","result":{"pluginId":"postman.openApi","version":"0.0.10","status":null}}]
[4935][1553606796448][pluginHost][info]["PluginInstallationService~installFromLocal extracting"]
[4935][1553606796448][pluginHost][info]["not exist",{"errno":-2,"code":"ENOENT","syscall":"open","path":"/home/wikt/.config/Postman/plugins/postman.sample/version.json","name":"Error","message":"ENOENT: no such file or directory, open '/home/wikt/.config/Postman/plugins/postman.sample/version.json'","stack":"Error: ENOENT: no such file or directory, open '/home/wikt/.config/Postman/plugins/postman.sample/version.json'"}]
[4935][1553606796449][pluginHost][info]["PluginInstallationService~installOrUpdatePlugins Installing plugin",{"version":"0.0.1","pluginId":"postman.sample","isInstalled":false}]
[4935][1553606796449][pluginHost][info]["PluginInstallationService~installFromLocal",{"pluginZipPath":"/opt/postman/app/resources/app/plugins/postman.sample.zip","pluginsDir":"/home/wikt/.config/Postman/plugins","currVersionDirPath":"/home/wikt/.config/Postman/plugins/postman.sample/0.0.1","tempDir":"/tmp","result":{"pluginId":"postman.sample","version":"0.0.1","status":null}}]
[4935][1553606796449][pluginHost][info]["PluginInstallationService~installFromLocal extracting"]
[4935][1553606796741][pluginHost][info]["PluginInstallationService~installFromLocal extracted",{"pluginId":"postman.openApi","version":"0.0.10","status":null}]
[4935][1553606796741][pluginHost][info]["PluginInstallationService~installFromLocal moving",{"extractedPluginPath":"/tmp/postman.openApi"}]
[4935][1553606796746][pluginHost][warn]["PluginInstallationService~installFromLocal Caught an error",{"errno":-18,"code":"EXDEV","syscall":"rename","path":"/tmp/postman.openApi","dest":"/home/wikt/.config/Postman/plugins/postman.openApi/0.0.10","name":"Error","message":"EXDEV: cross-device link not permitted, rename '/tmp/postman.openApi' -> '/home/wikt/.config/Postman/plugins/postman.openApi/0.0.10'","stack":"Error: EXDEV: cross-device link not permitted, rename '/tmp/postman.openApi' -> '/home/wikt/.config/Postman/plugins/postman.openApi/0.0.10'"},{"pluginId":"postman.openApi","version":"0.0.10","status":"failed","error":{}}]
[4935][1553606796747][pluginHost][info]["PluginInstallationService~installFromLocal Completed installing plugin",{"pluginId":"postman.openApi","version":"0.0.10","status":"failed","error":{}}]
[4935][1553606796748][pluginHost][info]["PluginInstallationService~installFromLocal extracted",{"pluginId":"postman.sample","version":"0.0.1","status":null}]
[4935][1553606796748][pluginHost][info]["PluginInstallationService~installFromLocal moving",{"extractedPluginPath":"/tmp/postman.sample"}]
[4935][1553606796749][pluginHost][warn]["PluginInstallationService~installFromLocal Caught an error",{"errno":-18,"code":"EXDEV","syscall":"rename","path":"/tmp/postman.sample","dest":"/home/wikt/.config/Postman/plugins/postman.sample/0.0.1","name":"Error","message":"EXDEV: cross-device link not permitted, rename '/tmp/postman.sample' -> '/home/wikt/.config/Postman/plugins/postman.sample/0.0.1'","stack":"Error: EXDEV: cross-device link not permitted, rename '/tmp/postman.sample' -> '/home/wikt/.config/Postman/plugins/postman.sample/0.0.1'"},{"pluginId":"postman.sample","version":"0.0.1","status":"failed","error":{}}]
[4935][1553606796749][pluginHost][info]["PluginInstallationService~installFromLocal Completed installing plugin",{"pluginId":"postman.sample","version":"0.0.1","status":"failed","error":{}}]
[4935][1553606796750][pluginHost][info]["PluginsHost~installOrUpdatePlugins: Synced all plugins",[{"pluginId":"postman.openApi","version":"0.0.10","status":"failed","error":{}},{"pluginId":"postman.sample","version":"0.0.1","status":"failed","error":{}}]]
[6948][1553633563071][pluginHost][info]["Booting Plugin Host for Postman 7.0.6, linux-4.14.107-1-MANJARO on x64"]
[6948][1553633563077][pluginHost][info]["PluginsHost: Booted"]
[6948][1553633563100][pluginHost][info]["not exist",{"errno":-2,"code":"ENOENT","syscall":"open","path":"/home/wikt/.config/Postman/plugins/postman.openApi/version.json","name":"Error","message":"ENOENT: no such file or directory, open '/home/wikt/.config/Postman/plugins/postman.openApi/version.json'","stack":"Error: ENOENT: no such file or directory, open '/home/wikt/.config/Postman/plugins/postman.openApi/version.json'"}]
[6948][1553633563101][pluginHost][info]["PluginInstallationService~installOrUpdatePlugins Installing plugin",{"version":"0.0.10","pluginId":"postman.openApi","isInstalled":false}]
[6948][1553633563102][pluginHost][info]["PluginInstallationService~installFromLocal",{"pluginZipPath":"/opt/postman/app/resources/app/plugins/postman.openApi.zip","pluginsDir":"/home/wikt/.config/Postman/plugins","currVersionDirPath":"/home/wikt/.config/Postman/plugins/postman.openApi/0.0.10","tempDir":"/tmp","result":{"pluginId":"postman.openApi","version":"0.0.10","status":null}}]
[6948][1553633563102][pluginHost][info]["PluginInstallationService~installFromLocal extracting"]
[6948][1553633563103][pluginHost][info]["not exist",{"errno":-2,"code":"ENOENT","syscall":"open","path":"/home/wikt/.config/Postman/plugins/postman.sample/version.json","name":"Error","message":"ENOENT: no such file or directory, open '/home/wikt/.config/Postman/plugins/postman.sample/version.json'","stack":"Error: ENOENT: no such file or directory, open '/home/wikt/.config/Postman/plugins/postman.sample/version.json'"}]
[6948][1553633563103][pluginHost][info]["PluginInstallationService~installOrUpdatePlugins Installing plugin",{"version":"0.0.1","pluginId":"postman.sample","isInstalled":false}]
[6948][1553633563103][pluginHost][info]["PluginInstallationService~installFromLocal",{"pluginZipPath":"/opt/postman/app/resources/app/plugins/postman.sample.zip","pluginsDir":"/home/wikt/.config/Postman/plugins","currVersionDirPath":"/home/wikt/.config/Postman/plugins/postman.sample/0.0.1","tempDir":"/tmp","result":{"pluginId":"postman.sample","version":"0.0.1","status":null}}]
[6948][1553633563103][pluginHost][info]["PluginInstallationService~installFromLocal extracting"]
[6948][1553633563360][pluginHost][info]["PluginInstallationService~installFromLocal extracted",{"pluginId":"postman.sample","version":"0.0.1","status":null}]
[6948][1553633563361][pluginHost][info]["PluginInstallationService~installFromLocal moving",{"extractedPluginPath":"/tmp/postman.sample"}]
[6948][1553633563362][pluginHost][info]["PluginInstallationService~installFromLocal extracted",{"pluginId":"postman.openApi","version":"0.0.10","status":null}]
[6948][1553633563362][pluginHost][info]["PluginInstallationService~installFromLocal moving",{"extractedPluginPath":"/tmp/postman.openApi"}]
[6948][1553633563363][pluginHost][warn]["PluginInstallationService~installFromLocal Caught an error",{"errno":-18,"code":"EXDEV","syscall":"rename","path":"/tmp/postman.sample","dest":"/home/wikt/.config/Postman/plugins/postman.sample/0.0.1","name":"Error","message":"EXDEV: cross-device link not permitted, rename '/tmp/postman.sample' -> '/home/wikt/.config/Postman/plugins/postman.sample/0.0.1'","stack":"Error: EXDEV: cross-device link not permitted, rename '/tmp/postman.sample' -> '/home/wikt/.config/Postman/plugins/postman.sample/0.0.1'"},{"pluginId":"postman.sample","version":"0.0.1","status":"failed","error":{}}]
[6948][1553633563363][pluginHost][info]["PluginInstallationService~installFromLocal Completed installing plugin",{"pluginId":"postman.sample","version":"0.0.1","status":"failed","error":{}}]
[6948][1553633563364][pluginHost][warn]["PluginInstallationService~installFromLocal Caught an error",{"errno":-18,"code":"EXDEV","syscall":"rename","path":"/tmp/postman.openApi","dest":"/home/wikt/.config/Postman/plugins/postman.openApi/0.0.10","name":"Error","message":"EXDEV: cross-device link not permitted, rename '/tmp/postman.openApi' -> '/home/wikt/.config/Postman/plugins/postman.openApi/0.0.10'","stack":"Error: EXDEV: cross-device link not permitted, rename '/tmp/postman.openApi' -> '/home/wikt/.config/Postman/plugins/postman.openApi/0.0.10'"},{"pluginId":"postman.openApi","version":"0.0.10","status":"failed","error":{}}]
[6948][1553633563364][pluginHost][info]["PluginInstallationService~installFromLocal Completed installing plugin",{"pluginId":"postman.openApi","version":"0.0.10","status":"failed","error":{}}]
[6948][1553633563364][pluginHost][info]["PluginsHost~installOrUpdatePlugins: Synced all plugins",[{"pluginId":"postman.openApi","version":"0.0.10","status":"failed","error":{}},{"pluginId":"postman.sample","version":"0.0.1","status":"failed","error":{}}]]
[1498][1553662217996][pluginHost][info]["Booting Plugin Host for Postman 7.0.6, linux-4.14.107-1-MANJARO on x64"]
[1498][1553662218001][pluginHost][info]["PluginsHost: Booted"]
[1498][1553662218069][pluginHost][info]["not exist",{"errno":-2,"code":"ENOENT","syscall":"open","path":"/home/wikt/.config/Postman/plugins/postman.sample/version.json","name":"Error","message":"ENOENT: no such file or directory, open '/home/wikt/.config/Postman/plugins/postman.sample/version.json'","stack":"Error: ENOENT: no such file or directory, open '/home/wikt/.config/Postman/plugins/postman.sample/version.json'"}]
[1498][1553662218070][pluginHost][info]["PluginInstallationService~installOrUpdatePlugins Installing plugin",{"version":"0.0.1","pluginId":"postman.sample","isInstalled":false}]
[1498][1553662218071][pluginHost][info]["PluginInstallationService~installFromLocal",{"pluginZipPath":"/opt/postman/app/resources/app/plugins/postman.sample.zip","pluginsDir":"/home/wikt/.config/Postman/plugins","currVersionDirPath":"/home/wikt/.config/Postman/plugins/postman.sample/0.0.1","tempDir":"/tmp","result":{"pluginId":"postman.sample","version":"0.0.1","status":null}}]
[1498][1553662218071][pluginHost][info]["PluginInstallationService~installFromLocal extracting"]
[1498][1553662218072][pluginHost][info]["not exist",{"errno":-2,"code":"ENOENT","syscall":"open","path":"/home/wikt/.config/Postman/plugins/postman.openApi/version.json","name":"Error","message":"ENOENT: no such file or directory, open '/home/wikt/.config/Postman/plugins/postman.openApi/version.json'","stack":"Error: ENOENT: no such file or directory, open '/home/wikt/.config/Postman/plugins/postman.openApi/version.json'"}]
[1498][1553662218072][pluginHost][info]["PluginInstallationService~installOrUpdatePlugins Installing plugin",{"version":"0.0.10","pluginId":"postman.openApi","isInstalled":false}]
[1498][1553662218072][pluginHost][info]["PluginInstallationService~installFromLocal",{"pluginZipPath":"/opt/postman/app/resources/app/plugins/postman.openApi.zip","pluginsDir":"/home/wikt/.config/Postman/plugins","currVersionDirPath":"/home/wikt/.config/Postman/plugins/postman.openApi/0.0.10","tempDir":"/tmp","result":{"pluginId":"postman.openApi","version":"0.0.10","status":null}}]
[1498][1553662218072][pluginHost][info]["PluginInstallationService~installFromLocal extracting"]
[1498][1553662218316][pluginHost][info]["PluginInstallationService~installFromLocal extracted",{"pluginId":"postman.openApi","version":"0.0.10","status":null}]
[1498][1553662218316][pluginHost][info]["PluginInstallationService~installFromLocal moving",{"extractedPluginPath":"/tmp/postman.openApi"}]
[1498][1553662218317][pluginHost][info]["PluginInstallationService~installFromLocal extracted",{"pluginId":"postman.sample","version":"0.0.1","status":null}]
[1498][1553662218318][pluginHost][info]["PluginInstallationService~installFromLocal moving",{"extractedPluginPath":"/tmp/postman.sample"}]
[1498][1553662218319][pluginHost][warn]["PluginInstallationService~installFromLocal Caught an error",{"errno":-18,"code":"EXDEV","syscall":"rename","path":"/tmp/postman.openApi","dest":"/home/wikt/.config/Postman/plugins/postman.openApi/0.0.10","name":"Error","message":"EXDEV: cross-device link not permitted, rename '/tmp/postman.openApi' -> '/home/wikt/.config/Postman/plugins/postman.openApi/0.0.10'","stack":"Error: EXDEV: cross-device link not permitted, rename '/tmp/postman.openApi' -> '/home/wikt/.config/Postman/plugins/postman.openApi/0.0.10'"},{"pluginId":"postman.openApi","version":"0.0.10","status":"failed","error":{}}]
[1498][1553662218319][pluginHost][info]["PluginInstallationService~installFromLocal Completed installing plugin",{"pluginId":"postman.openApi","version":"0.0.10","status":"failed","error":{}}]
[1498][1553662218320][pluginHost][warn]["PluginInstallationService~installFromLocal Caught an error",{"errno":-18,"code":"EXDEV","syscall":"rename","path":"/tmp/postman.sample","dest":"/home/wikt/.config/Postman/plugins/postman.sample/0.0.1","name":"Error","message":"EXDEV: cross-device link not permitted, rename '/tmp/postman.sample' -> '/home/wikt/.config/Postman/plugins/postman.sample/0.0.1'","stack":"Error: EXDEV: cross-device link not permitted, rename '/tmp/postman.sample' -> '/home/wikt/.config/Postman/plugins/postman.sample/0.0.1'"},{"pluginId":"postman.sample","version":"0.0.1","status":"failed","error":{}}]
[1498][1553662218321][pluginHost][info]["PluginInstallationService~installFromLocal Completed installing plugin",{"pluginId":"postman.sample","version":"0.0.1","status":"failed","error":{}}]
[1498][1553662218321][pluginHost][info]["PluginsHost~installOrUpdatePlugins: Synced all plugins",[{"pluginId":"postman.openApi","version":"0.0.10","status":"failed","error":{}},{"pluginId":"postman.sample","version":"0.0.1","status":"failed","error":{}}]]
[7076][1553671339904][pluginHost][info]["Booting Plugin Host for Postman 7.0.6, linux-4.14.107-1-MANJARO on x64"]
[7076][1553671339909][pluginHost][info]["PluginsHost: Booted"]
[7076][1553671339946][pluginHost][info]["not exist",{"errno":-2,"code":"ENOENT","syscall":"open","path":"/home/wikt/.config/Postman/plugins/postman.openApi/version.json","name":"Error","message":"ENOENT: no such file or directory, open '/home/wikt/.config/Postman/plugins/postman.openApi/version.json'","stack":"Error: ENOENT: no such file or directory, open '/home/wikt/.config/Postman/plugins/postman.openApi/version.json'"}]
[7076][1553671339947][pluginHost][info]["PluginInstallationService~installOrUpdatePlugins Installing plugin",{"version":"0.0.10","pluginId":"postman.openApi","isInstalled":false}]
[7076][1553671339948][pluginHost][info]["PluginInstallationService~installFromLocal",{"pluginZipPath":"/opt/postman/app/resources/app/plugins/postman.openApi.zip","pluginsDir":"/home/wikt/.config/Postman/plugins","currVersionDirPath":"/home/wikt/.config/Postman/plugins/postman.openApi/0.0.10","tempDir":"/tmp","result":{"pluginId":"postman.openApi","version":"0.0.10","status":null}}]
[7076][1553671339948][pluginHost][info]["PluginInstallationService~installFromLocal extracting"]
[7076][1553671339949][pluginHost][info]["not exist",{"errno":-2,"code":"ENOENT","syscall":"open","path":"/home/wikt/.config/Postman/plugins/postman.sample/version.json","name":"Error","message":"ENOENT: no such file or directory, open '/home/wikt/.config/Postman/plugins/postman.sample/version.json'","stack":"Error: ENOENT: no such file or directory, open '/home/wikt/.config/Postman/plugins/postman.sample/version.json'"}]
[7076][1553671339949][pluginHost][info]["PluginInstallationService~installOrUpdatePlugins Installing plugin",{"version":"0.0.1","pluginId":"postman.sample","isInstalled":false}]
[7076][1553671339949][pluginHost][info]["PluginInstallationService~installFromLocal",{"pluginZipPath":"/opt/postman/app/resources/app/plugins/postman.sample.zip","pluginsDir":"/home/wikt/.config/Postman/plugins","currVersionDirPath":"/home/wikt/.config/Postman/plugins/postman.sample/0.0.1","tempDir":"/tmp","result":{"pluginId":"postman.sample","version":"0.0.1","status":null}}]
[7076][1553671339949][pluginHost][info]["PluginInstallationService~installFromLocal extracting"]
[7076][1553671340125][pluginHost][info]["PluginInstallationService~installFromLocal extracted",{"pluginId":"postman.openApi","version":"0.0.10","status":null}]
[7076][1553671340125][pluginHost][info]["PluginInstallationService~installFromLocal moving",{"extractedPluginPath":"/tmp/postman.openApi"}]
[7076][1553671340125][pluginHost][info]["PluginInstallationService~installFromLocal extracted",{"pluginId":"postman.sample","version":"0.0.1","status":null}]
[7076][1553671340126][pluginHost][info]["PluginInstallationService~installFromLocal moving",{"extractedPluginPath":"/tmp/postman.sample"}]
[7076][1553671340128][pluginHost][warn]["PluginInstallationService~installFromLocal Caught an error",{"errno":-18,"code":"EXDEV","syscall":"rename","path":"/tmp/postman.openApi","dest":"/home/wikt/.config/Postman/plugins/postman.openApi/0.0.10","name":"Error","message":"EXDEV: cross-device link not permitted, rename '/tmp/postman.openApi' -> '/home/wikt/.config/Postman/plugins/postman.openApi/0.0.10'","stack":"Error: EXDEV: cross-device link not permitted, rename '/tmp/postman.openApi' -> '/home/wikt/.config/Postman/plugins/postman.openApi/0.0.10'"},{"pluginId":"postman.openApi","version":"0.0.10","status":"failed","error":{}}]
[7076][1553671340129][pluginHost][info]["PluginInstallationService~installFromLocal Completed installing plugin",{"pluginId":"postman.openApi","version":"0.0.10","status":"failed","error":{}}]
[7076][1553671340129][pluginHost][warn]["PluginInstallationService~installFromLocal Caught an error",{"errno":-18,"code":"EXDEV","syscall":"rename","path":"/tmp/postman.sample","dest":"/home/wikt/.config/Postman/plugins/postman.sample/0.0.1","name":"Error","message":"EXDEV: cross-device link not permitted, rename '/tmp/postman.sample' -> '/home/wikt/.config/Postman/plugins/postman.sample/0.0.1'","stack":"Error: EXDEV: cross-device link not permitted, rename '/tmp/postman.sample' -> '/home/wikt/.config/Postman/plugins/postman.sample/0.0.1'"},{"pluginId":"postman.sample","version":"0.0.1","status":"failed","error":{}}]
[7076][1553671340130][pluginHost][info]["PluginInstallationService~installFromLocal Completed installing plugin",{"pluginId":"postman.sample","version":"0.0.1","status":"failed","error":{}}]
[7076][1553671340130][pluginHost][info]["PluginsHost~installOrUpdatePlugins: Synced all plugins",[{"pluginId":"postman.openApi","version":"0.0.10","status":"failed","error":{}},{"pluginId":"postman.sample","version":"0.0.1","status":"failed","error":{}}]]
[27994][1553773876380][pluginHost][info]["Booting Plugin Host for Postman 7.0.6, linux-4.19.30-1-MANJARO on x64"]
[27994][1553773876387][pluginHost][info]["PluginsHost: Booted"]
[27994][1553773876398][pluginHost][info]["not exist",{"errno":-2,"code":"ENOENT","syscall":"open","path":"/home/wikt/.config/Postman/plugins/postman.sample/version.json","name":"Error","message":"ENOENT: no such file or directory, open '/home/wikt/.config/Postman/plugins/postman.sample/version.json'","stack":"Error: ENOENT: no such file or directory, open '/home/wikt/.config/Postman/plugins/postman.sample/version.json'"}]
[27994][1553773876400][pluginHost][info]["PluginInstallationService~installOrUpdatePlugins Installing plugin",{"version":"0.0.1","pluginId":"postman.sample","isInstalled":false}]
[27994][1553773876401][pluginHost][info]["PluginInstallationService~installFromLocal",{"pluginZipPath":"/opt/postman/app/resources/app/plugins/postman.sample.zip","pluginsDir":"/home/wikt/.config/Postman/plugins","currVersionDirPath":"/home/wikt/.config/Postman/plugins/postman.sample/0.0.1","tempDir":"/tmp","result":{"pluginId":"postman.sample","version":"0.0.1","status":null}}]
[27994][1553773876402][pluginHost][info]["PluginInstallationService~installFromLocal extracting"]
[27994][1553773876403][pluginHost][info]["not exist",{"errno":-2,"code":"ENOENT","syscall":"open","path":"/home/wikt/.config/Postman/plugins/postman.openApi/version.json","name":"Error","message":"ENOENT: no such file or directory, open '/home/wikt/.config/Postman/plugins/postman.openApi/version.json'","stack":"Error: ENOENT: no such file or directory, open '/home/wikt/.config/Postman/plugins/postman.openApi/version.json'"}]
[27994][1553773876404][pluginHost][info]["PluginInstallationService~installOrUpdatePlugins Installing plugin",{"version":"0.0.10","pluginId":"postman.openApi","isInstalled":false}]
[27994][1553773876404][pluginHost][info]["PluginInstallationService~installFromLocal",{"pluginZipPath":"/opt/postman/app/resources/app/plugins/postman.openApi.zip","pluginsDir":"/home/wikt/.config/Postman/plugins","currVersionDirPath":"/home/wikt/.config/Postman/plugins/postman.openApi/0.0.10","tempDir":"/tmp","result":{"pluginId":"postman.openApi","version":"0.0.10","status":null}}]
[27994][1553773876405][pluginHost][info]["PluginInstallationService~installFromLocal extracting"]
[27994][1553773876725][pluginHost][info]["PluginInstallationService~installFromLocal extracted",{"pluginId":"postman.sample","version":"0.0.1","status":null}]
[27994][1553773876725][pluginHost][info]["PluginInstallationService~installFromLocal moving",{"extractedPluginPath":"/tmp/postman.sample"}]
[27994][1553773876727][pluginHost][info]["PluginInstallationService~installFromLocal extracted",{"pluginId":"postman.openApi","version":"0.0.10","status":null}]
[27994][1553773876729][pluginHost][info]["PluginInstallationService~installFromLocal moving",{"extractedPluginPath":"/tmp/postman.openApi"}]
[27994][1553773876734][pluginHost][warn]["PluginInstallationService~installFromLocal Caught an error",{"errno":-18,"code":"EXDEV","syscall":"rename","path":"/tmp/postman.sample","dest":"/home/wikt/.config/Postman/plugins/postman.sample/0.0.1","name":"Error","message":"EXDEV: cross-device link not permitted, rename '/tmp/postman.sample' -> '/home/wikt/.config/Postman/plugins/postman.sample/0.0.1'","stack":"Error: EXDEV: cross-device link not permitted, rename '/tmp/postman.sample' -> '/home/wikt/.config/Postman/plugins/postman.sample/0.0.1'"},{"pluginId":"postman.sample","version":"0.0.1","status":"failed","error":{}}]
[27994][1553773876735][pluginHost][info]["PluginInstallationService~installFromLocal Completed installing plugin",{"pluginId":"postman.sample","version":"0.0.1","status":"failed","error":{}}]
[27994][1553773876735][pluginHost][warn]["PluginInstallationService~installFromLocal Caught an error",{"errno":-18,"code":"EXDEV","syscall":"rename","path":"/tmp/postman.openApi","dest":"/home/wikt/.config/Postman/plugins/postman.openApi/0.0.10","name":"Error","message":"EXDEV: cross-device link not permitted, rename '/tmp/postman.openApi' -> '/home/wikt/.config/Postman/plugins/postman.openApi/0.0.10'","stack":"Error: EXDEV: cross-device link not permitted, rename '/tmp/postman.openApi' -> '/home/wikt/.config/Postman/plugins/postman.openApi/0.0.10'"},{"pluginId":"postman.openApi","version":"0.0.10","status":"failed","error":{}}]
[27994][1553773876736][pluginHost][info]["PluginInstallationService~installFromLocal Completed installing plugin",{"pluginId":"postman.openApi","version":"0.0.10","status":"failed","error":{}}]
[27994][1553773876736][pluginHost][info]["PluginsHost~installOrUpdatePlugins: Synced all plugins",[{"pluginId":"postman.openApi","version":"0.0.10","status":"failed","error":{}},{"pluginId":"postman.sample","version":"0.0.1","status":"failed","error":{}}]]
[19683][1553842761241][pluginHost][info]["Booting Plugin Host for Postman 7.0.6, linux-4.19.30-1-MANJARO on x64"]
[19683][1553842761252][pluginHost][info]["PluginsHost: Booted"]
[19683][1553842761265][pluginHost][info]["not exist",{"errno":-2,"code":"ENOENT","syscall":"open","path":"/home/wikt/.config/Postman/plugins/postman.openApi/version.json","name":"Error","message":"ENOENT: no such file or directory, open '/home/wikt/.config/Postman/plugins/postman.openApi/version.json'","stack":"Error: ENOENT: no such file or directory, open '/home/wikt/.config/Postman/plugins/postman.openApi/version.json'"}]
[19683][1553842761266][pluginHost][info]["PluginInstallationService~installOrUpdatePlugins Installing plugin",{"version":"0.0.10","pluginId":"postman.openApi","isInstalled":false}]
[19683][1553842761267][pluginHost][info]["PluginInstallationService~installFromLocal",{"pluginZipPath":"/opt/postman/app/resources/app/plugins/postman.openApi.zip","pluginsDir":"/home/wikt/.config/Postman/plugins","currVersionDirPath":"/home/wikt/.config/Postman/plugins/postman.openApi/0.0.10","tempDir":"/tmp","result":{"pluginId":"postman.openApi","version":"0.0.10","status":null}}]
[19683][1553842761268][pluginHost][info]["PluginInstallationService~installFromLocal extracting"]
[19683][1553842761269][pluginHost][info]["not exist",{"errno":-2,"code":"ENOENT","syscall":"open","path":"/home/wikt/.config/Postman/plugins/postman.sample/version.json","name":"Error","message":"ENOENT: no such file or directory, open '/home/wikt/.config/Postman/plugins/postman.sample/version.json'","stack":"Error: ENOENT: no such file or directory, open '/home/wikt/.config/Postman/plugins/postman.sample/version.json'"}]
[19683][1553842761269][pluginHost][info]["PluginInstallationService~installOrUpdatePlugins Installing plugin",{"version":"0.0.1","pluginId":"postman.sample","isInstalled":false}]
[19683][1553842761269][pluginHost][info]["PluginInstallationService~installFromLocal",{"pluginZipPath":"/opt/postman/app/resources/app/plugins/postman.sample.zip","pluginsDir":"/home/wikt/.config/Postman/plugins","currVersionDirPath":"/home/wikt/.config/Postman/plugins/postman.sample/0.0.1","tempDir":"/tmp","result":{"pluginId":"postman.sample","version":"0.0.1","status":null}}]
[19683][1553842761270][pluginHost][info]["PluginInstallationService~installFromLocal extracting"]
[19683][1553842761582][pluginHost][info]["PluginInstallationService~installFromLocal extracted",{"pluginId":"postman.sample","version":"0.0.1","status":null}]
[19683][1553842761583][pluginHost][info]["PluginInstallationService~installFromLocal moving",{"extractedPluginPath":"/tmp/postman.sample"}]
[19683][1553842761583][pluginHost][info]["PluginInstallationService~installFromLocal extracted",{"pluginId":"postman.openApi","version":"0.0.10","status":null}]
[19683][1553842761584][pluginHost][info]["PluginInstallationService~installFromLocal moving",{"extractedPluginPath":"/tmp/postman.openApi"}]
[19683][1553842761585][pluginHost][warn]["PluginInstallationService~installFromLocal Caught an error",{"errno":-18,"code":"EXDEV","syscall":"rename","path":"/tmp/postman.sample","dest":"/home/wikt/.config/Postman/plugins/postman.sample/0.0.1","name":"Error","message":"EXDEV: cross-device link not permitted, rename '/tmp/postman.sample' -> '/home/wikt/.config/Postman/plugins/postman.sample/0.0.1'","stack":"Error: EXDEV: cross-device link not permitted, rename '/tmp/postman.sample' -> '/home/wikt/.config/Postman/plugins/postman.sample/0.0.1'"},{"pluginId":"postman.sample","version":"0.0.1","status":"failed","error":{}}]
[19683][1553842761586][pluginHost][info]["PluginInstallationService~installFromLocal Completed installing plugin",{"pluginId":"postman.sample","version":"0.0.1","status":"failed","error":{}}]
[19683][1553842761586][pluginHost][warn]["PluginInstallationService~installFromLocal Caught an error",{"errno":-18,"code":"EXDEV","syscall":"rename","path":"/tmp/postman.openApi","dest":"/home/wikt/.config/Postman/plugins/postman.openApi/0.0.10","name":"Error","message":"EXDEV: cross-device link not permitted, rename '/tmp/postman.openApi' -> '/home/wikt/.config/Postman/plugins/postman.openApi/0.0.10'","stack":"Error: EXDEV: cross-device link not permitted, rename '/tmp/postman.openApi' -> '/home/wikt/.config/Postman/plugins/postman.openApi/0.0.10'"},{"pluginId":"postman.openApi","version":"0.0.10","status":"failed","error":{}}]
[19683][1553842761587][pluginHost][info]["PluginInstallationService~installFromLocal Completed installing plugin",{"pluginId":"postman.openApi","version":"0.0.10","status":"failed","error":{}}]
[19683][1553842761587][pluginHost][info]["PluginsHost~installOrUpdatePlugins: Synced all plugins",[{"pluginId":"postman.openApi","version":"0.0.10","status":"failed","error":{}},{"pluginId":"postman.sample","version":"0.0.1","status":"failed","error":{}}]]
