[1320][1553520996304][shared][info]["EventBus~initialize - Success"]
[1320][1553520996306][shared][info]["Messaging~boot - Success"]
[1320][1553520996320][shared][info]["Telemetry~boot - Success"]
[1320][1553520996324][shared][info]["bootConfigurations~initialize - Success"]
[1320][1553520996333][shared][info]["Settings~boot - Success"]
[1320][1553520996334][shared][info]["Migrations: Starting migrations"]
[1320][1553520996335][shared][info]["Migrations: Walking migration","0000_initial"]
[1320][1553520996335][shared][info]["Migrations: Walking migration","0001_add_archived_resources_table"]
[1320][1553520996336][shared][info]["Migrations: Walking migration","0002_add_variable_sessions_table"]
[1320][1553520996336][shared][info]["Migrations: Walking migration","0003_add_editor_tables"]
[1320][1553520996336][shared][info]["Migrations: Walking migration","0004_migrate_ws_session_data"]
[1320][1553520996336][shared][info]["Migrations: Walking migration","0005_cleanup_request_response_and_history_body"]
[1320][1553520996337][shared][info]["Migrations: Walking migration","0006_add_dbp_to_request_response_and_history"]
[1320][1553520996337][shared][info]["Migrations: Walking migration","0007_add_sync_client_buckets_by_order_id_table"]
[1320][1553520996338][shared][info]["Migrations: Walking migration","0008_migrate_to_sync_client_buckets_by_order_id"]
[1320][1553520996338][shared][info]["Migrations: Walking migration","0009_remove_sync_client_buckets_table"]
[1320][1553520996339][shared][info]["Migrations: Walking migration","0010_add_history_owner"]
[1320][1553520996339][shared][info]["Migrations: Walking migration","0011_add_history_response_table"]
[1320][1553520996339][shared][info]["Migrations: Walking migration","0012_add_user_data_table"]
[1320][1553520996340][shared][info]["Migrations: Walking migration","0013_sanitize_request_response_and_history_methods"]
[1320][1553520996340][shared][info]["Migrations: Walking migration","0014_sanitize_response_requestobject_rawmodedata"]
[1320][1553520996340][shared][info]["Migrations: Walking migration","0015_add_favorited_collections_table"]
[1320][1553520996340][shared][info]["Migrations: Walking migration","0016_add_permission_table"]
[1320][1553520996340][shared][info]["Migrations: Walking migration","0017_add_user_preferences_table"]
[1320][1553520996341][shared][info]["Migrations: Walking migration","0018_index_header_presets"]
[1320][1553520996341][shared][info]["Migrations: Walking migration","0019_migrate_favorite_collections_data"]
[1320][1553520996341][shared][info]["Migrations: Walking migration","0020_migrate_sync_client_revision"]
[1320][1553520996341][shared][info]["Migrations: Walking migration","0021_clear_permissions"]
[1320][1553520996342][shared][info]["Migrations: Walking migration","0022_add_workspace_header_presets"]
[1320][1553520996342][shared][info]["Migrations: Walking migration","0023_remove_collection_permissions_and_shared"]
[1320][1553520996343][shared][info]["Migrations: Starting migration","0000_initial"]
[1320][1553520996344][shared][info]["Migrations: Setting context before starting migration","0000_initial",{"0000_initial":"started"}]
[1320][1553520996344][shared][info]["Migrations: Applying migration","0000_initial"]
[1320][1553520996345][shared][info]["Migrations: Upgrading IndexedDB to version","0000_initial",1]
[1320][1553520996348][shared][info]["Migrations: Adding pending commit to queue","0000_initial"]
[1320][1553520996348][shared][info]["Migrations: Starting migration","0001_add_archived_resources_table"]
[1320][1553520996349][shared][info]["Migrations: Setting context before starting migration","0001_add_archived_resources_table",{"0000_initial":"started","0001_add_archived_resources_table":"started"}]
[1320][1553520996349][shared][info]["Migrations: Applying migration","0001_add_archived_resources_table"]
[1320][1553520996349][shared][info]["Migrations: Upgrading IndexedDB to version","0001_add_archived_resources_table",2]
[1320][1553520996350][shared][info]["Migrations: Adding pending commit to queue","0001_add_archived_resources_table"]
[1320][1553520996350][shared][info]["Migrations: Starting migration","0002_add_variable_sessions_table"]
[1320][1553520996350][shared][info]["Migrations: Setting context before starting migration","0002_add_variable_sessions_table",{"0000_initial":"started","0001_add_archived_resources_table":"started","0002_add_variable_sessions_table":"started"}]
[1320][1553520996350][shared][info]["Migrations: Applying migration","0002_add_variable_sessions_table"]
[1320][1553520996351][shared][info]["Migrations: Upgrading IndexedDB to version","0002_add_variable_sessions_table",3]
[1320][1553520996352][shared][info]["Migrations: Adding pending commit to queue","0002_add_variable_sessions_table"]
[1320][1553520996352][shared][info]["Migrations: Starting migration","0003_add_editor_tables"]
[1320][1553520996352][shared][info]["Migrations: Setting context before starting migration","0003_add_editor_tables",{"0000_initial":"started","0001_add_archived_resources_table":"started","0002_add_variable_sessions_table":"started","0003_add_editor_tables":"started"}]
[1320][1553520996353][shared][info]["Migrations: Applying migration","0003_add_editor_tables"]
[1320][1553520996353][shared][info]["Migrations: Upgrading IndexedDB to version","0003_add_editor_tables",4]
[1320][1553520996364][shared][info]["Migrations: Adding pending commit to queue","0003_add_editor_tables"]
[1320][1553520996365][shared][info]["Migrations: Starting migration","0004_migrate_ws_session_data"]
[1320][1553520996365][shared][info]["Migrations: Flushing pending migrations for","0004_migrate_ws_session_data"]
[1320][1553520996366][shared][info]["Migrations: Flushing pending commit for type","IndexeddbSchemaMigration"]
[1320][1553520996366][shared][info]["Migrations: Committing IndexedDB upgrade"]
[1320][1553520996785][shared][info]["Migrations: Updating status in migration context",{"0000_initial":"started","0001_add_archived_resources_table":"started","0002_add_variable_sessions_table":"started","0003_add_editor_tables":"started"}]
[1320][1553520996786][shared][info]["Migrations: Updated status in migration context",{"0000_initial":"finished","0001_add_archived_resources_table":"finished","0002_add_variable_sessions_table":"finished","0003_add_editor_tables":"finished"}]
[1320][1553520996787][shared][info]["Migrations: Setting context before starting migration","0004_migrate_ws_session_data",{"0000_initial":"finished","0001_add_archived_resources_table":"finished","0002_add_variable_sessions_table":"finished","0003_add_editor_tables":"finished","0004_migrate_ws_session_data":"started"}]
[1320][1553520996788][shared][info]["Migrations: Applying migration","0004_migrate_ws_session_data"]
[1320][1553520996789][shared][info]["Migrations: Processing IndexedDB data migration","0004_migrate_ws_session_data"]
[1320][1553520996791][shared][info]["Migration~Tabs: Starting migration"]
[1320][1553520996797][shared][info]["Migration~Tabs: Completed transformation"]
[1320][1553520996798][shared][info]["Migration~Tabs: Creating editors"]
[1320][1553520996800][shared][info]["Migration~Tabs: Creating editor models"]
[1320][1553520996801][shared][info]["Migrations: Saving migration context after completion","0004_migrate_ws_session_data",{"0000_initial":"finished","0001_add_archived_resources_table":"finished","0002_add_variable_sessions_table":"finished","0003_add_editor_tables":"finished","0004_migrate_ws_session_data":"started"}]
[1320][1553520996801][shared][info]["Migrations: Starting migration","0005_cleanup_request_response_and_history_body"]
[1320][1553520996801][shared][info]["Migrations: Flushing pending migrations for","0005_cleanup_request_response_and_history_body"]
[1320][1553520996802][shared][info]["Migrations: Updating status in migration context",{"0000_initial":"finished","0001_add_archived_resources_table":"finished","0002_add_variable_sessions_table":"finished","0003_add_editor_tables":"finished","0004_migrate_ws_session_data":"finished"}]
[1320][1553520996803][shared][info]["Migrations: Updated status in migration context",{"0000_initial":"finished","0001_add_archived_resources_table":"finished","0002_add_variable_sessions_table":"finished","0003_add_editor_tables":"finished","0004_migrate_ws_session_data":"finished"}]
[1320][1553520996803][shared][info]["Migrations: Setting context before starting migration","0005_cleanup_request_response_and_history_body",{"0000_initial":"finished","0001_add_archived_resources_table":"finished","0002_add_variable_sessions_table":"finished","0003_add_editor_tables":"finished","0004_migrate_ws_session_data":"finished","0005_cleanup_request_response_and_history_body":"started"}]
[1320][1553520996803][shared][info]["Migrations: Applying migration","0005_cleanup_request_response_and_history_body"]
[1320][1553520996804][shared][info]["Migrations: Processing IndexedDB data migration","0005_cleanup_request_response_and_history_body"]
[1320][1553520996809][shared][info]["Migrations: Saving migration context after completion","0005_cleanup_request_response_and_history_body",{"0000_initial":"finished","0001_add_archived_resources_table":"finished","0002_add_variable_sessions_table":"finished","0003_add_editor_tables":"finished","0004_migrate_ws_session_data":"finished","0005_cleanup_request_response_and_history_body":"started"}]
[1320][1553520996809][shared][info]["Migrations: Starting migration","0006_add_dbp_to_request_response_and_history"]
[1320][1553520996809][shared][info]["Migrations: Flushing pending migrations for","0006_add_dbp_to_request_response_and_history"]
[1320][1553520996810][shared][info]["Migrations: Updating status in migration context",{"0000_initial":"finished","0001_add_archived_resources_table":"finished","0002_add_variable_sessions_table":"finished","0003_add_editor_tables":"finished","0004_migrate_ws_session_data":"finished","0005_cleanup_request_response_and_history_body":"finished"}]
[1320][1553520996810][shared][info]["Migrations: Updated status in migration context",{"0000_initial":"finished","0001_add_archived_resources_table":"finished","0002_add_variable_sessions_table":"finished","0003_add_editor_tables":"finished","0004_migrate_ws_session_data":"finished","0005_cleanup_request_response_and_history_body":"finished"}]
[1320][1553520996810][shared][info]["Migrations: Setting context before starting migration","0006_add_dbp_to_request_response_and_history",{"0000_initial":"finished","0001_add_archived_resources_table":"finished","0002_add_variable_sessions_table":"finished","0003_add_editor_tables":"finished","0004_migrate_ws_session_data":"finished","0005_cleanup_request_response_and_history_body":"finished","0006_add_dbp_to_request_response_and_history":"started"}]
[1320][1553520996810][shared][info]["Migrations: Applying migration","0006_add_dbp_to_request_response_and_history"]
[1320][1553520996811][shared][info]["Migrations: Processing IndexedDB data migration","0006_add_dbp_to_request_response_and_history"]
[1320][1553520996820][shared][info]["Migrations: Saving migration context after completion","0006_add_dbp_to_request_response_and_history",{"0000_initial":"finished","0001_add_archived_resources_table":"finished","0002_add_variable_sessions_table":"finished","0003_add_editor_tables":"finished","0004_migrate_ws_session_data":"finished","0005_cleanup_request_response_and_history_body":"finished","0006_add_dbp_to_request_response_and_history":"started"}]
[1320][1553520996822][shared][info]["Migrations: Starting migration","0007_add_sync_client_buckets_by_order_id_table"]
[1320][1553520996822][shared][info]["Migrations: Setting context before starting migration","0007_add_sync_client_buckets_by_order_id_table",{"0000_initial":"finished","0001_add_archived_resources_table":"finished","0002_add_variable_sessions_table":"finished","0003_add_editor_tables":"finished","0004_migrate_ws_session_data":"finished","0005_cleanup_request_response_and_history_body":"finished","0006_add_dbp_to_request_response_and_history":"finished","0007_add_sync_client_buckets_by_order_id_table":"started"}]
[1320][1553520996823][shared][info]["Migrations: Applying migration","0007_add_sync_client_buckets_by_order_id_table"]
[1320][1553520996823][shared][info]["Migrations: Upgrading IndexedDB to version","0007_add_sync_client_buckets_by_order_id_table",5]
[1320][1553520996824][shared][info]["Migrations: Adding pending commit to queue","0007_add_sync_client_buckets_by_order_id_table"]
[1320][1553520996824][shared][info]["Migrations: Starting migration","0008_migrate_to_sync_client_buckets_by_order_id"]
[1320][1553520996824][shared][info]["Migrations: Flushing pending migrations for","0008_migrate_to_sync_client_buckets_by_order_id"]
[1320][1553520996825][shared][info]["Migrations: Flushing pending commit for type","IndexeddbSchemaMigration"]
[1320][1553520996825][shared][info]["Migrations: Committing IndexedDB upgrade"]
[1320][1553520996854][shared][info]["Migrations: Updating status in migration context",{"0000_initial":"finished","0001_add_archived_resources_table":"finished","0002_add_variable_sessions_table":"finished","0003_add_editor_tables":"finished","0004_migrate_ws_session_data":"finished","0005_cleanup_request_response_and_history_body":"finished","0006_add_dbp_to_request_response_and_history":"finished","0007_add_sync_client_buckets_by_order_id_table":"started"}]
[1320][1553520996856][shared][info]["Migrations: Updated status in migration context",{"0000_initial":"finished","0001_add_archived_resources_table":"finished","0002_add_variable_sessions_table":"finished","0003_add_editor_tables":"finished","0004_migrate_ws_session_data":"finished","0005_cleanup_request_response_and_history_body":"finished","0006_add_dbp_to_request_response_and_history":"finished","0007_add_sync_client_buckets_by_order_id_table":"finished"}]
[1320][1553520996856][shared][info]["Migrations: Setting context before starting migration","0008_migrate_to_sync_client_buckets_by_order_id",{"0000_initial":"finished","0001_add_archived_resources_table":"finished","0002_add_variable_sessions_table":"finished","0003_add_editor_tables":"finished","0004_migrate_ws_session_data":"finished","0005_cleanup_request_response_and_history_body":"finished","0006_add_dbp_to_request_response_and_history":"finished","0007_add_sync_client_buckets_by_order_id_table":"finished","0008_migrate_to_sync_client_buckets_by_order_id":"started"}]
[1320][1553520996857][shared][info]["Migrations: Applying migration","0008_migrate_to_sync_client_buckets_by_order_id"]
[1320][1553520996857][shared][info]["Migrations: Processing IndexedDB data migration","0008_migrate_to_sync_client_buckets_by_order_id"]
[1320][1553520996869][shared][info]["Migrations: Saving migration context after completion","0008_migrate_to_sync_client_buckets_by_order_id",{"0000_initial":"finished","0001_add_archived_resources_table":"finished","0002_add_variable_sessions_table":"finished","0003_add_editor_tables":"finished","0004_migrate_ws_session_data":"finished","0005_cleanup_request_response_and_history_body":"finished","0006_add_dbp_to_request_response_and_history":"finished","0007_add_sync_client_buckets_by_order_id_table":"finished","0008_migrate_to_sync_client_buckets_by_order_id":"started"}]
[1320][1553520996870][shared][info]["Migrations: Starting migration","0009_remove_sync_client_buckets_table"]
[1320][1553520996871][shared][info]["Migrations: Setting context before starting migration","0009_remove_sync_client_buckets_table",{"0000_initial":"finished","0001_add_archived_resources_table":"finished","0002_add_variable_sessions_table":"finished","0003_add_editor_tables":"finished","0004_migrate_ws_session_data":"finished","0005_cleanup_request_response_and_history_body":"finished","0006_add_dbp_to_request_response_and_history":"finished","0007_add_sync_client_buckets_by_order_id_table":"finished","0008_migrate_to_sync_client_buckets_by_order_id":"finished","0009_remove_sync_client_buckets_table":"started"}]
[1320][1553520996872][shared][info]["Migrations: Applying migration","0009_remove_sync_client_buckets_table"]
[1320][1553520996873][shared][info]["Migrations: Upgrading IndexedDB to version","0009_remove_sync_client_buckets_table",6]
[1320][1553520996874][shared][info]["Migrations: Adding pending commit to queue","0009_remove_sync_client_buckets_table"]
[1320][1553520996874][shared][info]["Migrations: Starting migration","0010_add_history_owner"]
[1320][1553520996874][shared][info]["Migrations: Flushing pending migrations for","0010_add_history_owner"]
[1320][1553520996874][shared][info]["Migrations: Flushing pending commit for type","IndexeddbSchemaMigration"]
[1320][1553520996875][shared][info]["Migrations: Committing IndexedDB upgrade"]
[1320][1553520996916][shared][info]["Migrations: Updating status in migration context",{"0000_initial":"finished","0001_add_archived_resources_table":"finished","0002_add_variable_sessions_table":"finished","0003_add_editor_tables":"finished","0004_migrate_ws_session_data":"finished","0005_cleanup_request_response_and_history_body":"finished","0006_add_dbp_to_request_response_and_history":"finished","0007_add_sync_client_buckets_by_order_id_table":"finished","0008_migrate_to_sync_client_buckets_by_order_id":"finished","0009_remove_sync_client_buckets_table":"started"}]
[1320][1553520996917][shared][info]["Migrations: Updated status in migration context",{"0000_initial":"finished","0001_add_archived_resources_table":"finished","0002_add_variable_sessions_table":"finished","0003_add_editor_tables":"finished","0004_migrate_ws_session_data":"finished","0005_cleanup_request_response_and_history_body":"finished","0006_add_dbp_to_request_response_and_history":"finished","0007_add_sync_client_buckets_by_order_id_table":"finished","0008_migrate_to_sync_client_buckets_by_order_id":"finished","0009_remove_sync_client_buckets_table":"finished"}]
[1320][1553520996917][shared][info]["Migrations: Setting context before starting migration","0010_add_history_owner",{"0000_initial":"finished","0001_add_archived_resources_table":"finished","0002_add_variable_sessions_table":"finished","0003_add_editor_tables":"finished","0004_migrate_ws_session_data":"finished","0005_cleanup_request_response_and_history_body":"finished","0006_add_dbp_to_request_response_and_history":"finished","0007_add_sync_client_buckets_by_order_id_table":"finished","0008_migrate_to_sync_client_buckets_by_order_id":"finished","0009_remove_sync_client_buckets_table":"finished","0010_add_history_owner":"started"}]
[1320][1553520996917][shared][info]["Migrations: Applying migration","0010_add_history_owner"]
[1320][1553520996918][shared][info]["Migrations: Processing IndexedDB data migration","0010_add_history_owner"]
[1320][1553520996926][shared][info]["Migrations: Saving migration context after completion","0010_add_history_owner",{"0000_initial":"finished","0001_add_archived_resources_table":"finished","0002_add_variable_sessions_table":"finished","0003_add_editor_tables":"finished","0004_migrate_ws_session_data":"finished","0005_cleanup_request_response_and_history_body":"finished","0006_add_dbp_to_request_response_and_history":"finished","0007_add_sync_client_buckets_by_order_id_table":"finished","0008_migrate_to_sync_client_buckets_by_order_id":"finished","0009_remove_sync_client_buckets_table":"finished","0010_add_history_owner":"started"}]
[1320][1553520996926][shared][info]["Migrations: Starting migration","0011_add_history_response_table"]
[1320][1553520996926][shared][info]["Migrations: Setting context before starting migration","0011_add_history_response_table",{"0000_initial":"finished","0001_add_archived_resources_table":"finished","0002_add_variable_sessions_table":"finished","0003_add_editor_tables":"finished","0004_migrate_ws_session_data":"finished","0005_cleanup_request_response_and_history_body":"finished","0006_add_dbp_to_request_response_and_history":"finished","0007_add_sync_client_buckets_by_order_id_table":"finished","0008_migrate_to_sync_client_buckets_by_order_id":"finished","0009_remove_sync_client_buckets_table":"finished","0010_add_history_owner":"finished","0011_add_history_response_table":"started"}]
[1320][1553520996927][shared][info]["Migrations: Applying migration","0011_add_history_response_table"]
[1320][1553520996927][shared][info]["Migrations: Upgrading IndexedDB to version","0011_add_history_response_table",7]
[1320][1553520996928][shared][info]["Migrations: Adding pending commit to queue","0011_add_history_response_table"]
[1320][1553520996928][shared][info]["Migrations: Starting migration","0012_add_user_data_table"]
[1320][1553520996929][shared][info]["Migrations: Setting context before starting migration","0012_add_user_data_table",{"0000_initial":"finished","0001_add_archived_resources_table":"finished","0002_add_variable_sessions_table":"finished","0003_add_editor_tables":"finished","0004_migrate_ws_session_data":"finished","0005_cleanup_request_response_and_history_body":"finished","0006_add_dbp_to_request_response_and_history":"finished","0007_add_sync_client_buckets_by_order_id_table":"finished","0008_migrate_to_sync_client_buckets_by_order_id":"finished","0009_remove_sync_client_buckets_table":"finished","0010_add_history_owner":"finished","0011_add_history_response_table":"started","0012_add_user_data_table":"started"}]
[1320][1553520996929][shared][info]["Migrations: Applying migration","0012_add_user_data_table"]
[1320][1553520996930][shared][info]["Migrations: Upgrading IndexedDB to version","0012_add_user_data_table",8]
[1320][1553520996933][shared][info]["Migrations: Adding pending commit to queue","0012_add_user_data_table"]
[1320][1553520996933][shared][info]["Migrations: Starting migration","0013_sanitize_request_response_and_history_methods"]
[1320][1553520996934][shared][info]["Migrations: Flushing pending migrations for","0013_sanitize_request_response_and_history_methods"]
[1320][1553520996934][shared][info]["Migrations: Flushing pending commit for type","IndexeddbSchemaMigration"]
[1320][1553520996934][shared][info]["Migrations: Committing IndexedDB upgrade"]
[1320][1553520996973][shared][info]["Migrations: Updating status in migration context",{"0000_initial":"finished","0001_add_archived_resources_table":"finished","0002_add_variable_sessions_table":"finished","0003_add_editor_tables":"finished","0004_migrate_ws_session_data":"finished","0005_cleanup_request_response_and_history_body":"finished","0006_add_dbp_to_request_response_and_history":"finished","0007_add_sync_client_buckets_by_order_id_table":"finished","0008_migrate_to_sync_client_buckets_by_order_id":"finished","0009_remove_sync_client_buckets_table":"finished","0010_add_history_owner":"finished","0011_add_history_response_table":"started","0012_add_user_data_table":"started"}]
[1320][1553520996973][shared][info]["Migrations: Updated status in migration context",{"0000_initial":"finished","0001_add_archived_resources_table":"finished","0002_add_variable_sessions_table":"finished","0003_add_editor_tables":"finished","0004_migrate_ws_session_data":"finished","0005_cleanup_request_response_and_history_body":"finished","0006_add_dbp_to_request_response_and_history":"finished","0007_add_sync_client_buckets_by_order_id_table":"finished","0008_migrate_to_sync_client_buckets_by_order_id":"finished","0009_remove_sync_client_buckets_table":"finished","0010_add_history_owner":"finished","0011_add_history_response_table":"finished","0012_add_user_data_table":"finished"}]
[1320][1553520996974][shared][info]["Migrations: Setting context before starting migration","0013_sanitize_request_response_and_history_methods",{"0000_initial":"finished","0001_add_archived_resources_table":"finished","0002_add_variable_sessions_table":"finished","0003_add_editor_tables":"finished","0004_migrate_ws_session_data":"finished","0005_cleanup_request_response_and_history_body":"finished","0006_add_dbp_to_request_response_and_history":"finished","0007_add_sync_client_buckets_by_order_id_table":"finished","0008_migrate_to_sync_client_buckets_by_order_id":"finished","0009_remove_sync_client_buckets_table":"finished","0010_add_history_owner":"finished","0011_add_history_response_table":"finished","0012_add_user_data_table":"finished","0013_sanitize_request_response_and_history_methods":"started"}]
[1320][1553520996975][shared][info]["Migrations: Applying migration","0013_sanitize_request_response_and_history_methods"]
[1320][1553520996975][shared][info]["Migrations: Processing IndexedDB data migration","0013_sanitize_request_response_and_history_methods"]
[1320][1553520996978][shared][info]["Migrations: Saving migration context after completion","0013_sanitize_request_response_and_history_methods",{"0000_initial":"finished","0001_add_archived_resources_table":"finished","0002_add_variable_sessions_table":"finished","0003_add_editor_tables":"finished","0004_migrate_ws_session_data":"finished","0005_cleanup_request_response_and_history_body":"finished","0006_add_dbp_to_request_response_and_history":"finished","0007_add_sync_client_buckets_by_order_id_table":"finished","0008_migrate_to_sync_client_buckets_by_order_id":"finished","0009_remove_sync_client_buckets_table":"finished","0010_add_history_owner":"finished","0011_add_history_response_table":"finished","0012_add_user_data_table":"finished","0013_sanitize_request_response_and_history_methods":"started"}]
[1320][1553520996980][shared][info]["Migrations: Starting migration","0014_sanitize_response_requestobject_rawmodedata"]
[1320][1553520996981][shared][info]["Migrations: Flushing pending migrations for","0014_sanitize_response_requestobject_rawmodedata"]
[1320][1553520996982][shared][info]["Migrations: Updating status in migration context",{"0000_initial":"finished","0001_add_archived_resources_table":"finished","0002_add_variable_sessions_table":"finished","0003_add_editor_tables":"finished","0004_migrate_ws_session_data":"finished","0005_cleanup_request_response_and_history_body":"finished","0006_add_dbp_to_request_response_and_history":"finished","0007_add_sync_client_buckets_by_order_id_table":"finished","0008_migrate_to_sync_client_buckets_by_order_id":"finished","0009_remove_sync_client_buckets_table":"finished","0010_add_history_owner":"finished","0011_add_history_response_table":"finished","0012_add_user_data_table":"finished","0013_sanitize_request_response_and_history_methods":"finished"}]
[1320][1553520996982][shared][info]["Migrations: Updated status in migration context",{"0000_initial":"finished","0001_add_archived_resources_table":"finished","0002_add_variable_sessions_table":"finished","0003_add_editor_tables":"finished","0004_migrate_ws_session_data":"finished","0005_cleanup_request_response_and_history_body":"finished","0006_add_dbp_to_request_response_and_history":"finished","0007_add_sync_client_buckets_by_order_id_table":"finished","0008_migrate_to_sync_client_buckets_by_order_id":"finished","0009_remove_sync_client_buckets_table":"finished","0010_add_history_owner":"finished","0011_add_history_response_table":"finished","0012_add_user_data_table":"finished","0013_sanitize_request_response_and_history_methods":"finished"}]
[1320][1553520996983][shared][info]["Migrations: Setting context before starting migration","0014_sanitize_response_requestobject_rawmodedata",{"0000_initial":"finished","0001_add_archived_resources_table":"finished","0002_add_variable_sessions_table":"finished","0003_add_editor_tables":"finished","0004_migrate_ws_session_data":"finished","0005_cleanup_request_response_and_history_body":"finished","0006_add_dbp_to_request_response_and_history":"finished","0007_add_sync_client_buckets_by_order_id_table":"finished","0008_migrate_to_sync_client_buckets_by_order_id":"finished","0009_remove_sync_client_buckets_table":"finished","0010_add_history_owner":"finished","0011_add_history_response_table":"finished","0012_add_user_data_table":"finished","0013_sanitize_request_response_and_history_methods":"finished","0014_sanitize_response_requestobject_rawmodedata":"started"}]
[1320][1553520996983][shared][info]["Migrations: Applying migration","0014_sanitize_response_requestobject_rawmodedata"]
[1320][1553520996983][shared][info]["Migrations: Processing IndexedDB data migration","0014_sanitize_response_requestobject_rawmodedata"]
[1320][1553520997003][shared][info]["Migrations: Saving migration context after completion","0014_sanitize_response_requestobject_rawmodedata",{"0000_initial":"finished","0001_add_archived_resources_table":"finished","0002_add_variable_sessions_table":"finished","0003_add_editor_tables":"finished","0004_migrate_ws_session_data":"finished","0005_cleanup_request_response_and_history_body":"finished","0006_add_dbp_to_request_response_and_history":"finished","0007_add_sync_client_buckets_by_order_id_table":"finished","0008_migrate_to_sync_client_buckets_by_order_id":"finished","0009_remove_sync_client_buckets_table":"finished","0010_add_history_owner":"finished","0011_add_history_response_table":"finished","0012_add_user_data_table":"finished","0013_sanitize_request_response_and_history_methods":"finished","0014_sanitize_response_requestobject_rawmodedata":"started"}]
[1320][1553520997004][shared][info]["Migrations: Starting migration","0015_add_favorited_collections_table"]
[1320][1553520997005][shared][info]["Migrations: Setting context before starting migration","0015_add_favorited_collections_table",{"0000_initial":"finished","0001_add_archived_resources_table":"finished","0002_add_variable_sessions_table":"finished","0003_add_editor_tables":"finished","0004_migrate_ws_session_data":"finished","0005_cleanup_request_response_and_history_body":"finished","0006_add_dbp_to_request_response_and_history":"finished","0007_add_sync_client_buckets_by_order_id_table":"finished","0008_migrate_to_sync_client_buckets_by_order_id":"finished","0009_remove_sync_client_buckets_table":"finished","0010_add_history_owner":"finished","0011_add_history_response_table":"finished","0012_add_user_data_table":"finished","0013_sanitize_request_response_and_history_methods":"finished","0014_sanitize_response_requestobject_rawmodedata":"finished","0015_add_favorited_collections_table":"started"}]
[1320][1553520997006][shared][info]["Migrations: Applying migration","0015_add_favorited_collections_table"]
[1320][1553520997007][shared][info]["Migrations: Upgrading IndexedDB to version","0015_add_favorited_collections_table",9]
[1320][1553520997009][shared][info]["Migrations: Adding pending commit to queue","0015_add_favorited_collections_table"]
[1320][1553520997009][shared][info]["Migrations: Starting migration","0016_add_permission_table"]
[1320][1553520997009][shared][info]["Migrations: Setting context before starting migration","0016_add_permission_table",{"0000_initial":"finished","0001_add_archived_resources_table":"finished","0002_add_variable_sessions_table":"finished","0003_add_editor_tables":"finished","0004_migrate_ws_session_data":"finished","0005_cleanup_request_response_and_history_body":"finished","0006_add_dbp_to_request_response_and_history":"finished","0007_add_sync_client_buckets_by_order_id_table":"finished","0008_migrate_to_sync_client_buckets_by_order_id":"finished","0009_remove_sync_client_buckets_table":"finished","0010_add_history_owner":"finished","0011_add_history_response_table":"finished","0012_add_user_data_table":"finished","0013_sanitize_request_response_and_history_methods":"finished","0014_sanitize_response_requestobject_rawmodedata":"finished","0015_add_favorited_collections_table":"started","0016_add_permission_table":"started"}]
[1320][1553520997010][shared][info]["Migrations: Applying migration","0016_add_permission_table"]
[1320][1553520997010][shared][info]["Migrations: Upgrading IndexedDB to version","0016_add_permission_table",10]
[1320][1553520997011][shared][info]["Migrations: Adding pending commit to queue","0016_add_permission_table"]
[1320][1553520997011][shared][info]["Migrations: Starting migration","0017_add_user_preferences_table"]
[1320][1553520997011][shared][info]["Migrations: Setting context before starting migration","0017_add_user_preferences_table",{"0000_initial":"finished","0001_add_archived_resources_table":"finished","0002_add_variable_sessions_table":"finished","0003_add_editor_tables":"finished","0004_migrate_ws_session_data":"finished","0005_cleanup_request_response_and_history_body":"finished","0006_add_dbp_to_request_response_and_history":"finished","0007_add_sync_client_buckets_by_order_id_table":"finished","0008_migrate_to_sync_client_buckets_by_order_id":"finished","0009_remove_sync_client_buckets_table":"finished","0010_add_history_owner":"finished","0011_add_history_response_table":"finished","0012_add_user_data_table":"finished","0013_sanitize_request_response_and_history_methods":"finished","0014_sanitize_response_requestobject_rawmodedata":"finished","0015_add_favorited_collections_table":"started","0016_add_permission_table":"started","0017_add_user_preferences_table":"started"}]
[1320][1553520997012][shared][info]["Migrations: Applying migration","0017_add_user_preferences_table"]
[1320][1553520997012][shared][info]["Migrations: Upgrading IndexedDB to version","0017_add_user_preferences_table",11]
[1320][1553520997015][shared][info]["Migrations: Adding pending commit to queue","0017_add_user_preferences_table"]
[1320][1553520997016][shared][info]["Migrations: Starting migration","0018_index_header_presets"]
[1320][1553520997016][shared][info]["Migrations: Setting context before starting migration","0018_index_header_presets",{"0000_initial":"finished","0001_add_archived_resources_table":"finished","0002_add_variable_sessions_table":"finished","0003_add_editor_tables":"finished","0004_migrate_ws_session_data":"finished","0005_cleanup_request_response_and_history_body":"finished","0006_add_dbp_to_request_response_and_history":"finished","0007_add_sync_client_buckets_by_order_id_table":"finished","0008_migrate_to_sync_client_buckets_by_order_id":"finished","0009_remove_sync_client_buckets_table":"finished","0010_add_history_owner":"finished","0011_add_history_response_table":"finished","0012_add_user_data_table":"finished","0013_sanitize_request_response_and_history_methods":"finished","0014_sanitize_response_requestobject_rawmodedata":"finished","0015_add_favorited_collections_table":"started","0016_add_permission_table":"started","0017_add_user_preferences_table":"started","0018_index_header_presets":"started"}]
[1320][1553520997017][shared][info]["Migrations: Applying migration","0018_index_header_presets"]
[1320][1553520997018][shared][info]["Migrations: Upgrading IndexedDB to version","0018_index_header_presets",12]
[1320][1553520997020][shared][info]["Migrations: Adding pending commit to queue","0018_index_header_presets"]
[1320][1553520997021][shared][info]["Migrations: Starting migration","0019_migrate_favorite_collections_data"]
[1320][1553520997021][shared][info]["Migrations: Flushing pending migrations for","0019_migrate_favorite_collections_data"]
[1320][1553520997021][shared][info]["Migrations: Flushing pending commit for type","IndexeddbSchemaMigration"]
[1320][1553520997021][shared][info]["Migrations: Committing IndexedDB upgrade"]
[1320][1553520997061][shared][info]["Migrations: Updating status in migration context",{"0000_initial":"finished","0001_add_archived_resources_table":"finished","0002_add_variable_sessions_table":"finished","0003_add_editor_tables":"finished","0004_migrate_ws_session_data":"finished","0005_cleanup_request_response_and_history_body":"finished","0006_add_dbp_to_request_response_and_history":"finished","0007_add_sync_client_buckets_by_order_id_table":"finished","0008_migrate_to_sync_client_buckets_by_order_id":"finished","0009_remove_sync_client_buckets_table":"finished","0010_add_history_owner":"finished","0011_add_history_response_table":"finished","0012_add_user_data_table":"finished","0013_sanitize_request_response_and_history_methods":"finished","0014_sanitize_response_requestobject_rawmodedata":"finished","0015_add_favorited_collections_table":"started","0016_add_permission_table":"started","0017_add_user_preferences_table":"started","0018_index_header_presets":"started"}]
[1320][1553520997062][shared][info]["Migrations: Updated status in migration context",{"0000_initial":"finished","0001_add_archived_resources_table":"finished","0002_add_variable_sessions_table":"finished","0003_add_editor_tables":"finished","0004_migrate_ws_session_data":"finished","0005_cleanup_request_response_and_history_body":"finished","0006_add_dbp_to_request_response_and_history":"finished","0007_add_sync_client_buckets_by_order_id_table":"finished","0008_migrate_to_sync_client_buckets_by_order_id":"finished","0009_remove_sync_client_buckets_table":"finished","0010_add_history_owner":"finished","0011_add_history_response_table":"finished","0012_add_user_data_table":"finished","0013_sanitize_request_response_and_history_methods":"finished","0014_sanitize_response_requestobject_rawmodedata":"finished","0015_add_favorited_collections_table":"finished","0016_add_permission_table":"finished","0017_add_user_preferences_table":"finished","0018_index_header_presets":"finished"}]
[1320][1553520997062][shared][info]["Migrations: Setting context before starting migration","0019_migrate_favorite_collections_data",{"0000_initial":"finished","0001_add_archived_resources_table":"finished","0002_add_variable_sessions_table":"finished","0003_add_editor_tables":"finished","0004_migrate_ws_session_data":"finished","0005_cleanup_request_response_and_history_body":"finished","0006_add_dbp_to_request_response_and_history":"finished","0007_add_sync_client_buckets_by_order_id_table":"finished","0008_migrate_to_sync_client_buckets_by_order_id":"finished","0009_remove_sync_client_buckets_table":"finished","0010_add_history_owner":"finished","0011_add_history_response_table":"finished","0012_add_user_data_table":"finished","0013_sanitize_request_response_and_history_methods":"finished","0014_sanitize_response_requestobject_rawmodedata":"finished","0015_add_favorited_collections_table":"finished","0016_add_permission_table":"finished","0017_add_user_preferences_table":"finished","0018_index_header_presets":"finished","0019_migrate_favorite_collections_data":"started"}]
[1320][1553520997064][shared][info]["Migrations: Applying migration","0019_migrate_favorite_collections_data"]
[1320][1553520997065][shared][info]["Migrations: Processing IndexedDB data migration","0019_migrate_favorite_collections_data"]
[1320][1553520997071][shared][info]["Migration~FavoriteCollections: Starting migration"]
[1320][1553520997076][shared][info]["Migrations: Saving migration context after completion","0019_migrate_favorite_collections_data",{"0000_initial":"finished","0001_add_archived_resources_table":"finished","0002_add_variable_sessions_table":"finished","0003_add_editor_tables":"finished","0004_migrate_ws_session_data":"finished","0005_cleanup_request_response_and_history_body":"finished","0006_add_dbp_to_request_response_and_history":"finished","0007_add_sync_client_buckets_by_order_id_table":"finished","0008_migrate_to_sync_client_buckets_by_order_id":"finished","0009_remove_sync_client_buckets_table":"finished","0010_add_history_owner":"finished","0011_add_history_response_table":"finished","0012_add_user_data_table":"finished","0013_sanitize_request_response_and_history_methods":"finished","0014_sanitize_response_requestobject_rawmodedata":"finished","0015_add_favorited_collections_table":"finished","0016_add_permission_table":"finished","0017_add_user_preferences_table":"finished","0018_index_header_presets":"finished","0019_migrate_favorite_collections_data":"started"}]
[1320][1553520997077][shared][info]["Migrations: Starting migration","0020_migrate_sync_client_revision"]
[1320][1553520997077][shared][info]["Migrations: Flushing pending migrations for","0020_migrate_sync_client_revision"]
[1320][1553520997077][shared][info]["Migrations: Updating status in migration context",{"0000_initial":"finished","0001_add_archived_resources_table":"finished","0002_add_variable_sessions_table":"finished","0003_add_editor_tables":"finished","0004_migrate_ws_session_data":"finished","0005_cleanup_request_response_and_history_body":"finished","0006_add_dbp_to_request_response_and_history":"finished","0007_add_sync_client_buckets_by_order_id_table":"finished","0008_migrate_to_sync_client_buckets_by_order_id":"finished","0009_remove_sync_client_buckets_table":"finished","0010_add_history_owner":"finished","0011_add_history_response_table":"finished","0012_add_user_data_table":"finished","0013_sanitize_request_response_and_history_methods":"finished","0014_sanitize_response_requestobject_rawmodedata":"finished","0015_add_favorited_collections_table":"finished","0016_add_permission_table":"finished","0017_add_user_preferences_table":"finished","0018_index_header_presets":"finished","0019_migrate_favorite_collections_data":"finished"}]
[1320][1553520997078][shared][info]["Migrations: Updated status in migration context",{"0000_initial":"finished","0001_add_archived_resources_table":"finished","0002_add_variable_sessions_table":"finished","0003_add_editor_tables":"finished","0004_migrate_ws_session_data":"finished","0005_cleanup_request_response_and_history_body":"finished","0006_add_dbp_to_request_response_and_history":"finished","0007_add_sync_client_buckets_by_order_id_table":"finished","0008_migrate_to_sync_client_buckets_by_order_id":"finished","0009_remove_sync_client_buckets_table":"finished","0010_add_history_owner":"finished","0011_add_history_response_table":"finished","0012_add_user_data_table":"finished","0013_sanitize_request_response_and_history_methods":"finished","0014_sanitize_response_requestobject_rawmodedata":"finished","0015_add_favorited_collections_table":"finished","0016_add_permission_table":"finished","0017_add_user_preferences_table":"finished","0018_index_header_presets":"finished","0019_migrate_favorite_collections_data":"finished"}]
[1320][1553520997078][shared][info]["Migrations: Setting context before starting migration","0020_migrate_sync_client_revision",{"0000_initial":"finished","0001_add_archived_resources_table":"finished","0002_add_variable_sessions_table":"finished","0003_add_editor_tables":"finished","0004_migrate_ws_session_data":"finished","0005_cleanup_request_response_and_history_body":"finished","0006_add_dbp_to_request_response_and_history":"finished","0007_add_sync_client_buckets_by_order_id_table":"finished","0008_migrate_to_sync_client_buckets_by_order_id":"finished","0009_remove_sync_client_buckets_table":"finished","0010_add_history_owner":"finished","0011_add_history_response_table":"finished","0012_add_user_data_table":"finished","0013_sanitize_request_response_and_history_methods":"finished","0014_sanitize_response_requestobject_rawmodedata":"finished","0015_add_favorited_collections_table":"finished","0016_add_permission_table":"finished","0017_add_user_preferences_table":"finished","0018_index_header_presets":"finished","0019_migrate_favorite_collections_data":"finished","0020_migrate_sync_client_revision":"started"}]
[1320][1553520997079][shared][info]["Migrations: Applying migration","0020_migrate_sync_client_revision"]
[1320][1553520997079][shared][info]["Migrations: Processing IndexedDB data migration","0020_migrate_sync_client_revision"]
[1320][1553520997087][shared][info]["Migration~SyncClientRevision: Migrating revision id for timelines"]
[1320][1553520997091][shared][info]["Migrations: Saving migration context after completion","0020_migrate_sync_client_revision",{"0000_initial":"finished","0001_add_archived_resources_table":"finished","0002_add_variable_sessions_table":"finished","0003_add_editor_tables":"finished","0004_migrate_ws_session_data":"finished","0005_cleanup_request_response_and_history_body":"finished","0006_add_dbp_to_request_response_and_history":"finished","0007_add_sync_client_buckets_by_order_id_table":"finished","0008_migrate_to_sync_client_buckets_by_order_id":"finished","0009_remove_sync_client_buckets_table":"finished","0010_add_history_owner":"finished","0011_add_history_response_table":"finished","0012_add_user_data_table":"finished","0013_sanitize_request_response_and_history_methods":"finished","0014_sanitize_response_requestobject_rawmodedata":"finished","0015_add_favorited_collections_table":"finished","0016_add_permission_table":"finished","0017_add_user_preferences_table":"finished","0018_index_header_presets":"finished","0019_migrate_favorite_collections_data":"finished","0020_migrate_sync_client_revision":"started"}]
[1320][1553520997091][shared][info]["Migrations: Starting migration","0021_clear_permissions"]
[1320][1553520997092][shared][info]["Migrations: Flushing pending migrations for","0021_clear_permissions"]
[1320][1553520997092][shared][info]["Migrations: Updating status in migration context",{"0000_initial":"finished","0001_add_archived_resources_table":"finished","0002_add_variable_sessions_table":"finished","0003_add_editor_tables":"finished","0004_migrate_ws_session_data":"finished","0005_cleanup_request_response_and_history_body":"finished","0006_add_dbp_to_request_response_and_history":"finished","0007_add_sync_client_buckets_by_order_id_table":"finished","0008_migrate_to_sync_client_buckets_by_order_id":"finished","0009_remove_sync_client_buckets_table":"finished","0010_add_history_owner":"finished","0011_add_history_response_table":"finished","0012_add_user_data_table":"finished","0013_sanitize_request_response_and_history_methods":"finished","0014_sanitize_response_requestobject_rawmodedata":"finished","0015_add_favorited_collections_table":"finished","0016_add_permission_table":"finished","0017_add_user_preferences_table":"finished","0018_index_header_presets":"finished","0019_migrate_favorite_collections_data":"finished","0020_migrate_sync_client_revision":"finished"}]
[1320][1553520997092][shared][info]["Migrations: Updated status in migration context",{"0000_initial":"finished","0001_add_archived_resources_table":"finished","0002_add_variable_sessions_table":"finished","0003_add_editor_tables":"finished","0004_migrate_ws_session_data":"finished","0005_cleanup_request_response_and_history_body":"finished","0006_add_dbp_to_request_response_and_history":"finished","0007_add_sync_client_buckets_by_order_id_table":"finished","0008_migrate_to_sync_client_buckets_by_order_id":"finished","0009_remove_sync_client_buckets_table":"finished","0010_add_history_owner":"finished","0011_add_history_response_table":"finished","0012_add_user_data_table":"finished","0013_sanitize_request_response_and_history_methods":"finished","0014_sanitize_response_requestobject_rawmodedata":"finished","0015_add_favorited_collections_table":"finished","0016_add_permission_table":"finished","0017_add_user_preferences_table":"finished","0018_index_header_presets":"finished","0019_migrate_favorite_collections_data":"finished","0020_migrate_sync_client_revision":"finished"}]
[1320][1553520997093][shared][info]["Migrations: Setting context before starting migration","0021_clear_permissions",{"0000_initial":"finished","0001_add_archived_resources_table":"finished","0002_add_variable_sessions_table":"finished","0003_add_editor_tables":"finished","0004_migrate_ws_session_data":"finished","0005_cleanup_request_response_and_history_body":"finished","0006_add_dbp_to_request_response_and_history":"finished","0007_add_sync_client_buckets_by_order_id_table":"finished","0008_migrate_to_sync_client_buckets_by_order_id":"finished","0009_remove_sync_client_buckets_table":"finished","0010_add_history_owner":"finished","0011_add_history_response_table":"finished","0012_add_user_data_table":"finished","0013_sanitize_request_response_and_history_methods":"finished","0014_sanitize_response_requestobject_rawmodedata":"finished","0015_add_favorited_collections_table":"finished","0016_add_permission_table":"finished","0017_add_user_preferences_table":"finished","0018_index_header_presets":"finished","0019_migrate_favorite_collections_data":"finished","0020_migrate_sync_client_revision":"finished","0021_clear_permissions":"started"}]
[1320][1553520997093][shared][info]["Migrations: Applying migration","0021_clear_permissions"]
[1320][1553520997094][shared][info]["Migrations: Processing IndexedDB data migration","0021_clear_permissions"]
[1320][1553520997095][shared][info]["Migration~Permissions: Starting migration"]
[1320][1553520997098][shared][info]["Migrations: Saving migration context after completion","0021_clear_permissions",{"0000_initial":"finished","0001_add_archived_resources_table":"finished","0002_add_variable_sessions_table":"finished","0003_add_editor_tables":"finished","0004_migrate_ws_session_data":"finished","0005_cleanup_request_response_and_history_body":"finished","0006_add_dbp_to_request_response_and_history":"finished","0007_add_sync_client_buckets_by_order_id_table":"finished","0008_migrate_to_sync_client_buckets_by_order_id":"finished","0009_remove_sync_client_buckets_table":"finished","0010_add_history_owner":"finished","0011_add_history_response_table":"finished","0012_add_user_data_table":"finished","0013_sanitize_request_response_and_history_methods":"finished","0014_sanitize_response_requestobject_rawmodedata":"finished","0015_add_favorited_collections_table":"finished","0016_add_permission_table":"finished","0017_add_user_preferences_table":"finished","0018_index_header_presets":"finished","0019_migrate_favorite_collections_data":"finished","0020_migrate_sync_client_revision":"finished","0021_clear_permissions":"started"}]
[1320][1553520997099][shared][info]["Migrations: Starting migration","0022_add_workspace_header_presets"]
[1320][1553520997099][shared][info]["Migrations: Flushing pending migrations for","0022_add_workspace_header_presets"]
[1320][1553520997099][shared][info]["Migrations: Updating status in migration context",{"0000_initial":"finished","0001_add_archived_resources_table":"finished","0002_add_variable_sessions_table":"finished","0003_add_editor_tables":"finished","0004_migrate_ws_session_data":"finished","0005_cleanup_request_response_and_history_body":"finished","0006_add_dbp_to_request_response_and_history":"finished","0007_add_sync_client_buckets_by_order_id_table":"finished","0008_migrate_to_sync_client_buckets_by_order_id":"finished","0009_remove_sync_client_buckets_table":"finished","0010_add_history_owner":"finished","0011_add_history_response_table":"finished","0012_add_user_data_table":"finished","0013_sanitize_request_response_and_history_methods":"finished","0014_sanitize_response_requestobject_rawmodedata":"finished","0015_add_favorited_collections_table":"finished","0016_add_permission_table":"finished","0017_add_user_preferences_table":"finished","0018_index_header_presets":"finished","0019_migrate_favorite_collections_data":"finished","0020_migrate_sync_client_revision":"finished","0021_clear_permissions":"finished"}]
[1320][1553520997100][shared][info]["Migrations: Updated status in migration context",{"0000_initial":"finished","0001_add_archived_resources_table":"finished","0002_add_variable_sessions_table":"finished","0003_add_editor_tables":"finished","0004_migrate_ws_session_data":"finished","0005_cleanup_request_response_and_history_body":"finished","0006_add_dbp_to_request_response_and_history":"finished","0007_add_sync_client_buckets_by_order_id_table":"finished","0008_migrate_to_sync_client_buckets_by_order_id":"finished","0009_remove_sync_client_buckets_table":"finished","0010_add_history_owner":"finished","0011_add_history_response_table":"finished","0012_add_user_data_table":"finished","0013_sanitize_request_response_and_history_methods":"finished","0014_sanitize_response_requestobject_rawmodedata":"finished","0015_add_favorited_collections_table":"finished","0016_add_permission_table":"finished","0017_add_user_preferences_table":"finished","0018_index_header_presets":"finished","0019_migrate_favorite_collections_data":"finished","0020_migrate_sync_client_revision":"finished","0021_clear_permissions":"finished"}]
[1320][1553520997100][shared][info]["Migrations: Setting context before starting migration","0022_add_workspace_header_presets",{"0000_initial":"finished","0001_add_archived_resources_table":"finished","0002_add_variable_sessions_table":"finished","0003_add_editor_tables":"finished","0004_migrate_ws_session_data":"finished","0005_cleanup_request_response_and_history_body":"finished","0006_add_dbp_to_request_response_and_history":"finished","0007_add_sync_client_buckets_by_order_id_table":"finished","0008_migrate_to_sync_client_buckets_by_order_id":"finished","0009_remove_sync_client_buckets_table":"finished","0010_add_history_owner":"finished","0011_add_history_response_table":"finished","0012_add_user_data_table":"finished","0013_sanitize_request_response_and_history_methods":"finished","0014_sanitize_response_requestobject_rawmodedata":"finished","0015_add_favorited_collections_table":"finished","0016_add_permission_table":"finished","0017_add_user_preferences_table":"finished","0018_index_header_presets":"finished","0019_migrate_favorite_collections_data":"finished","0020_migrate_sync_client_revision":"finished","0021_clear_permissions":"finished","0022_add_workspace_header_presets":"started"}]
[1320][1553520997101][shared][info]["Migrations: Applying migration","0022_add_workspace_header_presets"]
[1320][1553520997101][shared][info]["Migrations: Processing IndexedDB data migration","0022_add_workspace_header_presets"]
[1320][1553520997107][shared][info]["Migration~HeaderPresets: Add workspace property in header presets"]
[1320][1553520997108][shared][info]["Migrations: Saving migration context after completion","0022_add_workspace_header_presets",{"0000_initial":"finished","0001_add_archived_resources_table":"finished","0002_add_variable_sessions_table":"finished","0003_add_editor_tables":"finished","0004_migrate_ws_session_data":"finished","0005_cleanup_request_response_and_history_body":"finished","0006_add_dbp_to_request_response_and_history":"finished","0007_add_sync_client_buckets_by_order_id_table":"finished","0008_migrate_to_sync_client_buckets_by_order_id":"finished","0009_remove_sync_client_buckets_table":"finished","0010_add_history_owner":"finished","0011_add_history_response_table":"finished","0012_add_user_data_table":"finished","0013_sanitize_request_response_and_history_methods":"finished","0014_sanitize_response_requestobject_rawmodedata":"finished","0015_add_favorited_collections_table":"finished","0016_add_permission_table":"finished","0017_add_user_preferences_table":"finished","0018_index_header_presets":"finished","0019_migrate_favorite_collections_data":"finished","0020_migrate_sync_client_revision":"finished","0021_clear_permissions":"finished","0022_add_workspace_header_presets":"started"}]
[1320][1553520997109][shared][info]["Migrations: Starting migration","0023_remove_collection_permissions_and_shared"]
[1320][1553520997109][shared][info]["Migrations: Flushing pending migrations for","0023_remove_collection_permissions_and_shared"]
[1320][1553520997109][shared][info]["Migrations: Updating status in migration context",{"0000_initial":"finished","0001_add_archived_resources_table":"finished","0002_add_variable_sessions_table":"finished","0003_add_editor_tables":"finished","0004_migrate_ws_session_data":"finished","0005_cleanup_request_response_and_history_body":"finished","0006_add_dbp_to_request_response_and_history":"finished","0007_add_sync_client_buckets_by_order_id_table":"finished","0008_migrate_to_sync_client_buckets_by_order_id":"finished","0009_remove_sync_client_buckets_table":"finished","0010_add_history_owner":"finished","0011_add_history_response_table":"finished","0012_add_user_data_table":"finished","0013_sanitize_request_response_and_history_methods":"finished","0014_sanitize_response_requestobject_rawmodedata":"finished","0015_add_favorited_collections_table":"finished","0016_add_permission_table":"finished","0017_add_user_preferences_table":"finished","0018_index_header_presets":"finished","0019_migrate_favorite_collections_data":"finished","0020_migrate_sync_client_revision":"finished","0021_clear_permissions":"finished","0022_add_workspace_header_presets":"finished"}]
[1320][1553520997111][shared][info]["Migrations: Updated status in migration context",{"0000_initial":"finished","0001_add_archived_resources_table":"finished","0002_add_variable_sessions_table":"finished","0003_add_editor_tables":"finished","0004_migrate_ws_session_data":"finished","0005_cleanup_request_response_and_history_body":"finished","0006_add_dbp_to_request_response_and_history":"finished","0007_add_sync_client_buckets_by_order_id_table":"finished","0008_migrate_to_sync_client_buckets_by_order_id":"finished","0009_remove_sync_client_buckets_table":"finished","0010_add_history_owner":"finished","0011_add_history_response_table":"finished","0012_add_user_data_table":"finished","0013_sanitize_request_response_and_history_methods":"finished","0014_sanitize_response_requestobject_rawmodedata":"finished","0015_add_favorited_collections_table":"finished","0016_add_permission_table":"finished","0017_add_user_preferences_table":"finished","0018_index_header_presets":"finished","0019_migrate_favorite_collections_data":"finished","0020_migrate_sync_client_revision":"finished","0021_clear_permissions":"finished","0022_add_workspace_header_presets":"finished"}]
[1320][1553520997112][shared][info]["Migrations: Setting context before starting migration","0023_remove_collection_permissions_and_shared",{"0000_initial":"finished","0001_add_archived_resources_table":"finished","0002_add_variable_sessions_table":"finished","0003_add_editor_tables":"finished","0004_migrate_ws_session_data":"finished","0005_cleanup_request_response_and_history_body":"finished","0006_add_dbp_to_request_response_and_history":"finished","0007_add_sync_client_buckets_by_order_id_table":"finished","0008_migrate_to_sync_client_buckets_by_order_id":"finished","0009_remove_sync_client_buckets_table":"finished","0010_add_history_owner":"finished","0011_add_history_response_table":"finished","0012_add_user_data_table":"finished","0013_sanitize_request_response_and_history_methods":"finished","0014_sanitize_response_requestobject_rawmodedata":"finished","0015_add_favorited_collections_table":"finished","0016_add_permission_table":"finished","0017_add_user_preferences_table":"finished","0018_index_header_presets":"finished","0019_migrate_favorite_collections_data":"finished","0020_migrate_sync_client_revision":"finished","0021_clear_permissions":"finished","0022_add_workspace_header_presets":"finished","0023_remove_collection_permissions_and_shared":"started"}]
[1320][1553520997114][shared][info]["Migrations: Applying migration","0023_remove_collection_permissions_and_shared"]
[1320][1553520997115][shared][info]["Migrations: Processing IndexedDB data migration","0023_remove_collection_permissions_and_shared"]
[1320][1553520997120][shared][info]["Migrations: Saving migration context after completion","0023_remove_collection_permissions_and_shared",{"0000_initial":"finished","0001_add_archived_resources_table":"finished","0002_add_variable_sessions_table":"finished","0003_add_editor_tables":"finished","0004_migrate_ws_session_data":"finished","0005_cleanup_request_response_and_history_body":"finished","0006_add_dbp_to_request_response_and_history":"finished","0007_add_sync_client_buckets_by_order_id_table":"finished","0008_migrate_to_sync_client_buckets_by_order_id":"finished","0009_remove_sync_client_buckets_table":"finished","0010_add_history_owner":"finished","0011_add_history_response_table":"finished","0012_add_user_data_table":"finished","0013_sanitize_request_response_and_history_methods":"finished","0014_sanitize_response_requestobject_rawmodedata":"finished","0015_add_favorited_collections_table":"finished","0016_add_permission_table":"finished","0017_add_user_preferences_table":"finished","0018_index_header_presets":"finished","0019_migrate_favorite_collections_data":"finished","0020_migrate_sync_client_revision":"finished","0021_clear_permissions":"finished","0022_add_workspace_header_presets":"finished","0023_remove_collection_permissions_and_shared":"started"}]
[1320][1553520997124][shared][info]["Migrations: Flushing pending commit steps"]
[1320][1553520997124][shared][info]["Migrations: Updating status in migration context",{"0000_initial":"finished","0001_add_archived_resources_table":"finished","0002_add_variable_sessions_table":"finished","0003_add_editor_tables":"finished","0004_migrate_ws_session_data":"finished","0005_cleanup_request_response_and_history_body":"finished","0006_add_dbp_to_request_response_and_history":"finished","0007_add_sync_client_buckets_by_order_id_table":"finished","0008_migrate_to_sync_client_buckets_by_order_id":"finished","0009_remove_sync_client_buckets_table":"finished","0010_add_history_owner":"finished","0011_add_history_response_table":"finished","0012_add_user_data_table":"finished","0013_sanitize_request_response_and_history_methods":"finished","0014_sanitize_response_requestobject_rawmodedata":"finished","0015_add_favorited_collections_table":"finished","0016_add_permission_table":"finished","0017_add_user_preferences_table":"finished","0018_index_header_presets":"finished","0019_migrate_favorite_collections_data":"finished","0020_migrate_sync_client_revision":"finished","0021_clear_permissions":"finished","0022_add_workspace_header_presets":"finished","0023_remove_collection_permissions_and_shared":"finished"}]
[1320][1553520997125][shared][info]["Migrations: Updated status in migration context",{"0000_initial":"finished","0001_add_archived_resources_table":"finished","0002_add_variable_sessions_table":"finished","0003_add_editor_tables":"finished","0004_migrate_ws_session_data":"finished","0005_cleanup_request_response_and_history_body":"finished","0006_add_dbp_to_request_response_and_history":"finished","0007_add_sync_client_buckets_by_order_id_table":"finished","0008_migrate_to_sync_client_buckets_by_order_id":"finished","0009_remove_sync_client_buckets_table":"finished","0010_add_history_owner":"finished","0011_add_history_response_table":"finished","0012_add_user_data_table":"finished","0013_sanitize_request_response_and_history_methods":"finished","0014_sanitize_response_requestobject_rawmodedata":"finished","0015_add_favorited_collections_table":"finished","0016_add_permission_table":"finished","0017_add_user_preferences_table":"finished","0018_index_header_presets":"finished","0019_migrate_favorite_collections_data":"finished","0020_migrate_sync_client_revision":"finished","0021_clear_permissions":"finished","0022_add_workspace_header_presets":"finished","0023_remove_collection_permissions_and_shared":"finished"}]
[1320][1553520997125][shared][info]["Migration: Finished all migrations"]
[1320][1553520997374][shared][info]["bootstrapModels - Success"]
[1320][1553520997374][shared][info]["WLModels~boot - Success"]
[1320][1553520997403][shared][info]["initializeConfigurationsValues - Success"]
[1320][1553520997459][shared][info]["Migrate - Bailed out due to:","FRESH_INSTALL"]
[1320][1553520997478][shared][info]["AppModels~boot - Success"]
[1320][1553520997482][shared][info]["SharedRuntimeListeners~boot - Success"]
[1320][1553520997497][shared][info]["Sync~boot - Success"]
[1320][1553520997499][shared][info]["Shared~boot - Success"]
[1320][1553520997499][shared][info]["booted - shared"]
[1320][1553565229162][shared][info]["SyncManagerNew~createSocket - Bailed out as websocket disabled"]
[1320][1553567733868][shared][info]["SyncManagerNew~createSocket - Bailed out as websocket disabled"]
[1320][1553567739177][shared][info]["SyncManagerNew~createSocket - Bailed out as websocket disabled"]
[4935][1553606797905][shared][info]["EventBus~initialize - Success"]
[4935][1553606797911][shared][info]["Messaging~boot - Success"]
[4935][1553606797917][shared][info]["Telemetry~boot - Success"]
[4935][1553606797918][shared][info]["bootConfigurations~initialize - Success"]
[4935][1553606797920][shared][info]["Settings~boot - Success"]
[4935][1553606797921][shared][info]["Migrations: Skipping migrations. No migrations to apply."]
[4935][1553606798055][shared][info]["bootstrapModels - Success"]
[4935][1553606798056][shared][info]["WLModels~boot - Success"]
[4935][1553606798099][shared][info]["initializeConfigurationsValues - Success"]
[4935][1553606798155][shared][info]["Migrate - Bailed out due to:","FRESH_INSTALL"]
[4935][1553606798172][shared][info]["AppModels~boot - Success"]
[4935][1553606798178][shared][info]["SharedRuntimeListeners~boot - Success"]
[4935][1553606798194][shared][info]["Sync~boot - Success"]
[4935][1553606798195][shared][info]["Shared~boot - Success"]
[4935][1553606798196][shared][info]["booted - shared"]
[4935][1553629640112][shared][info]["SyncManagerNew~createSocket - Bailed out as websocket disabled"]
[4935][1553629645518][shared][info]["SyncManagerNew~createSocket - Bailed out as websocket disabled"]
[6948][1553633564386][shared][info]["EventBus~initialize - Success"]
[6948][1553633564389][shared][info]["Messaging~boot - Success"]
[6948][1553633564396][shared][info]["Telemetry~boot - Success"]
[6948][1553633564398][shared][info]["bootConfigurations~initialize - Success"]
[6948][1553633564400][shared][info]["Settings~boot - Success"]
[6948][1553633564400][shared][info]["Migrations: Skipping migrations. No migrations to apply."]
[6948][1553633564529][shared][info]["bootstrapModels - Success"]
[6948][1553633564530][shared][info]["WLModels~boot - Success"]
[6948][1553633564570][shared][info]["initializeConfigurationsValues - Success"]
[6948][1553633564629][shared][info]["Migrate - Bailed out due to:","FRESH_INSTALL"]
[6948][1553633564643][shared][info]["AppModels~boot - Success"]
[6948][1553633564646][shared][info]["SharedRuntimeListeners~boot - Success"]
[6948][1553633564658][shared][info]["Sync~boot - Success"]
[6948][1553633564659][shared][info]["Shared~boot - Success"]
[6948][1553633564660][shared][info]["booted - shared"]
[1498][1553662220081][shared][info]["EventBus~initialize - Success"]
[1498][1553662220084][shared][info]["Messaging~boot - Success"]
[1498][1553662220094][shared][info]["Telemetry~boot - Success"]
[1498][1553662220096][shared][info]["bootConfigurations~initialize - Success"]
[1498][1553662220097][shared][info]["Settings~boot - Success"]
[1498][1553662220098][shared][info]["Migrations: Skipping migrations. No migrations to apply."]
[1498][1553662220256][shared][info]["bootstrapModels - Success"]
[1498][1553662220257][shared][info]["WLModels~boot - Success"]
[1498][1553662220320][shared][info]["initializeConfigurationsValues - Success"]
[1498][1553662220396][shared][info]["Migrate - Bailed out due to:","FRESH_INSTALL"]
[1498][1553662220423][shared][info]["AppModels~boot - Success"]
[1498][1553662220429][shared][info]["SharedRuntimeListeners~boot - Success"]
[1498][1553662220440][shared][info]["Sync~boot - Success"]
[1498][1553662220441][shared][info]["Shared~boot - Success"]
[1498][1553662220443][shared][info]["booted - shared"]
[7076][1553671342109][shared][info]["EventBus~initialize - Success"]
[7076][1553671342112][shared][info]["Messaging~boot - Success"]
[7076][1553671342122][shared][info]["Telemetry~boot - Success"]
[7076][1553671342124][shared][info]["bootConfigurations~initialize - Success"]
[7076][1553671342125][shared][info]["Settings~boot - Success"]
[7076][1553671342126][shared][info]["Migrations: Skipping migrations. No migrations to apply."]
[7076][1553671342325][shared][info]["bootstrapModels - Success"]
[7076][1553671342326][shared][info]["WLModels~boot - Success"]
[7076][1553671342443][shared][info]["initializeConfigurationsValues - Success"]
[7076][1553671342515][shared][info]["Migrate - Bailed out due to:","FRESH_INSTALL"]
[7076][1553671342529][shared][info]["AppModels~boot - Success"]
[7076][1553671342532][shared][info]["SharedRuntimeListeners~boot - Success"]
[7076][1553671342548][shared][info]["Sync~boot - Success"]
[7076][1553671342549][shared][info]["Shared~boot - Success"]
[7076][1553671342550][shared][info]["booted - shared"]
[27994][1553773878404][shared][info]["EventBus~initialize - Success"]
[27994][1553773878407][shared][info]["Messaging~boot - Success"]
[27994][1553773878418][shared][info]["Telemetry~boot - Success"]
[27994][1553773878419][shared][info]["bootConfigurations~initialize - Success"]
[27994][1553773878421][shared][info]["Settings~boot - Success"]
[27994][1553773878422][shared][info]["Migrations: Skipping migrations. No migrations to apply."]
[27994][1553773878575][shared][info]["bootstrapModels - Success"]
[27994][1553773878575][shared][info]["WLModels~boot - Success"]
[27994][1553773878625][shared][info]["initializeConfigurationsValues - Success"]
[27994][1553773878690][shared][info]["Migrate - Bailed out due to:","FRESH_INSTALL"]
[27994][1553773878707][shared][info]["AppModels~boot - Success"]
[27994][1553773878711][shared][info]["SharedRuntimeListeners~boot - Success"]
[27994][1553773878727][shared][info]["Sync~boot - Success"]
[27994][1553773878729][shared][info]["Shared~boot - Success"]
[27994][1553773878729][shared][info]["booted - shared"]
[27994][1553836623593][shared][info]["SyncManagerNew~createSocket - Bailed out as websocket disabled"]
[19683][1553842762778][shared][info]["EventBus~initialize - Success"]
[19683][1553842762781][shared][info]["Messaging~boot - Success"]
[19683][1553842762787][shared][info]["Telemetry~boot - Success"]
[19683][1553842762791][shared][info]["bootConfigurations~initialize - Success"]
[19683][1553842762794][shared][info]["Settings~boot - Success"]
[19683][1553842762795][shared][info]["Migrations: Skipping migrations. No migrations to apply."]
[19683][1553842762940][shared][info]["bootstrapModels - Success"]
[19683][1553842762941][shared][info]["WLModels~boot - Success"]
[19683][1553842762983][shared][info]["initializeConfigurationsValues - Success"]
[19683][1553842763036][shared][info]["Migrate - Bailed out due to:","FRESH_INSTALL"]
[19683][1553842763057][shared][info]["AppModels~boot - Success"]
[19683][1553842763062][shared][info]["SharedRuntimeListeners~boot - Success"]
[19683][1553842763077][shared][info]["Sync~boot - Success"]
[19683][1553842763078][shared][info]["Shared~boot - Success"]
[19683][1553842763079][shared][info]["booted - shared"]
