[1320][1553520994398][shell][info]["EventBus~initialize - Success"]
[1320][1553520994404][shell][info]["shellController~init: Success"]
[1320][1553520994405][shell][info]["shellMeta~init: Success"]
[1320][1553520994424][shell][info]["init~setViewAttributes - Initializing view with opts:",{"devtools":false,"id":2,"logPath":"/home/wikt/.config/Postman/logs","sessionId":1320,"startTime":1553520993878,"type":"shared","partitionId":"default"}]
[1320][1553520994435][shell][info]["init~setViewAttributes - Success"]
[1320][1553520997878][shell][info]["EventBus~initialize - Success"]
[1320][1553520997886][shell][info]["shellController~init: Success"]
[1320][1553520997887][shell][info]["shellMeta~init: Success"]
[1320][1553520997901][shell][info]["init~setViewAttributes - Initializing view with opts:",{"allIds":[4],"devtools":false,"id":4,"logPath":"/home/wikt/.config/Postman/logs","primaryId":4,"sessionId":1320,"startTime":1553520997536,"type":"requester","partitionId":"default"}]
[1320][1553520997903][shell][info]["init~setViewAttributes - Success"]
[4935][1553606796240][shell][info]["EventBus~initialize - Success"]
[4935][1553606796249][shell][info]["shellController~init: Success"]
[4935][1553606796250][shell][info]["shellMeta~init: Success"]
[4935][1553606796267][shell][info]["init~setViewAttributes - Initializing view with opts:",{"devtools":false,"id":2,"logPath":"/home/wikt/.config/Postman/logs","sessionId":4935,"startTime":1553606795639,"type":"shared","partitionId":"default"}]
[4935][1553606796269][shell][info]["init~setViewAttributes - Success"]
[4935][1553606798873][shell][info]["EventBus~initialize - Success"]
[4935][1553606798885][shell][info]["shellController~init: Success"]
[4935][1553606798885][shell][info]["shellMeta~init: Success"]
[4935][1553606798905][shell][info]["init~setViewAttributes - Initializing view with opts:",{"allIds":[3],"devtools":false,"id":3,"logPath":"/home/wikt/.config/Postman/logs","primaryId":3,"sessionId":4935,"startTime":1553606798275,"type":"requester","partitionId":"default"}]
[4935][1553606798908][shell][info]["init~setViewAttributes - Success"]
[6948][1553633562924][shell][info]["EventBus~initialize - Success"]
[6948][1553633562934][shell][info]["shellController~init: Success"]
[6948][1553633562934][shell][info]["shellMeta~init: Success"]
[6948][1553633562948][shell][info]["init~setViewAttributes - Initializing view with opts:",{"devtools":false,"id":2,"logPath":"/home/wikt/.config/Postman/logs","sessionId":6948,"startTime":1553633562200,"type":"shared","partitionId":"default"}]
[6948][1553633562951][shell][info]["init~setViewAttributes - Success"]
[6948][1553633565057][shell][info]["EventBus~initialize - Success"]
[6948][1553633565062][shell][info]["shellController~init: Success"]
[6948][1553633565063][shell][info]["shellMeta~init: Success"]
[6948][1553633565073][shell][info]["init~setViewAttributes - Initializing view with opts:",{"allIds":[3],"devtools":false,"id":3,"logPath":"/home/wikt/.config/Postman/logs","primaryId":3,"sessionId":6948,"startTime":1553633564710,"type":"requester","partitionId":"default"}]
[6948][1553633565075][shell][info]["init~setViewAttributes - Success"]
[1498][1553662218464][shell][info]["EventBus~initialize - Success"]
[1498][1553662218470][shell][info]["shellController~init: Success"]
[1498][1553662218471][shell][info]["shellMeta~init: Success"]
[1498][1553662218486][shell][info]["init~setViewAttributes - Initializing view with opts:",{"devtools":false,"id":2,"logPath":"/home/wikt/.config/Postman/logs","sessionId":1498,"startTime":1553662217565,"type":"shared","partitionId":"default"}]
[1498][1553662218488][shell][info]["init~setViewAttributes - Success"]
[1498][1553662220906][shell][info]["EventBus~initialize - Success"]
[1498][1553662220914][shell][info]["shellController~init: Success"]
[1498][1553662220915][shell][info]["shellMeta~init: Success"]
[1498][1553662220925][shell][info]["init~setViewAttributes - Initializing view with opts:",{"allIds":[3],"devtools":false,"id":3,"logPath":"/home/wikt/.config/Postman/logs","primaryId":3,"sessionId":1498,"startTime":1553662220497,"type":"requester","partitionId":"default"}]
[1498][1553662220927][shell][info]["init~setViewAttributes - Success"]
[7076][1553671340414][shell][info]["EventBus~initialize - Success"]
[7076][1553671340425][shell][info]["shellController~init: Success"]
[7076][1553671340427][shell][info]["shellMeta~init: Success"]
[7076][1553671340440][shell][info]["init~setViewAttributes - Initializing view with opts:",{"devtools":false,"id":2,"logPath":"/home/wikt/.config/Postman/logs","sessionId":7076,"startTime":1553671339463,"type":"shared","partitionId":"default"}]
[7076][1553671340445][shell][info]["init~setViewAttributes - Success"]
[7076][1553671342976][shell][info]["EventBus~initialize - Success"]
[7076][1553671342981][shell][info]["shellController~init: Success"]
[7076][1553671342982][shell][info]["shellMeta~init: Success"]
[7076][1553671342992][shell][info]["init~setViewAttributes - Initializing view with opts:",{"allIds":[3],"devtools":false,"id":3,"logPath":"/home/wikt/.config/Postman/logs","primaryId":3,"sessionId":7076,"startTime":1553671342623,"type":"requester","partitionId":"default"}]
[7076][1553671342994][shell][info]["init~setViewAttributes - Success"]
[27994][1553773876350][shell][info]["EventBus~initialize - Success"]
[27994][1553773876362][shell][info]["shellController~init: Success"]
[27994][1553773876363][shell][info]["shellMeta~init: Success"]
[27994][1553773876382][shell][info]["init~setViewAttributes - Initializing view with opts:",{"devtools":false,"id":2,"logPath":"/home/wikt/.config/Postman/logs","sessionId":27994,"startTime":1553773875704,"type":"shared","partitionId":"default"}]
[27994][1553773876384][shell][info]["init~setViewAttributes - Success"]
[27994][1553773879166][shell][info]["EventBus~initialize - Success"]
[27994][1553773879172][shell][info]["shellController~init: Success"]
[27994][1553773879172][shell][info]["shellMeta~init: Success"]
[27994][1553773879183][shell][info]["init~setViewAttributes - Initializing view with opts:",{"allIds":[3],"devtools":false,"id":3,"logPath":"/home/wikt/.config/Postman/logs","primaryId":3,"sessionId":27994,"startTime":1553773878799,"type":"requester","partitionId":"default"}]
[27994][1553773879185][shell][info]["init~setViewAttributes - Success"]
[19683][1553842760973][shell][info]["EventBus~initialize - Success"]
[19683][1553842760981][shell][info]["shellController~init: Success"]
[19683][1553842760982][shell][info]["shellMeta~init: Success"]
[19683][1553842760998][shell][info]["init~setViewAttributes - Initializing view with opts:",{"devtools":false,"id":2,"logPath":"/home/wikt/.config/Postman/logs","sessionId":19683,"startTime":1553842760490,"type":"shared","partitionId":"default"}]
[19683][1553842761001][shell][info]["init~setViewAttributes - Success"]
[19683][1553842763473][shell][info]["EventBus~initialize - Success"]
[19683][1553842763478][shell][info]["shellController~init: Success"]
[19683][1553842763479][shell][info]["shellMeta~init: Success"]
[19683][1553842763490][shell][info]["init~setViewAttributes - Initializing view with opts:",{"allIds":[3],"devtools":false,"id":3,"logPath":"/home/wikt/.config/Postman/logs","primaryId":3,"sessionId":19683,"startTime":1553842763134,"type":"requester","partitionId":"default"}]
[19683][1553842763491][shell][info]["init~setViewAttributes - Success"]
