[1320][1553520999729][requester][info]["EventBus~initialize - Success"]
[1320][1553520999735][requester][info]["Messaging~boot - Success"]
[1320][1553520999746][requester][info]["Telemetry~boot - Success"]
[1320][1553520999749][requester][info]["bootConfigurations~initialize - Success"]
[1320][1553520999751][requester][info]["Settings~boot - Success"]
[1320][1553520999870][requester][info]["bootstrapModels - Success"]
[1320][1553520999871][requester][info]["WLModels~boot - Success"]
[1320][1553520999976][requester][info]["Session~boot - Success"]
[1320][1553520999979][requester][info]["IndependentServices~boot - Success"]
[1320][1553520999996][requester][info]["AppModels~boot - Success"]
[1320][1553520999996][requester][info]["RuntimeListeners~boot- Success"]
[1320][1553520999997][requester][info]["DBWatcher~boot - Success"]
[1320][1553521000001][requester][info]["ThemeManager~boot - Success"]
[1320][1553521000003][requester][info]["InAppMessaging~boot - Success"]
[1320][1553521000005][requester][info]["Store~boot - Success"]
[1320][1553521000008][requester][info]["Shortcuts~boot - Success"]
[1320][1553521000008][requester][info]["SyncProxy~boot - Success"]
[1320][1553521000019][requester][info]["Requester~boot - Success"]
[1320][1553521000020][requester][info]["booted - requester"]
[1320][1553521028931][requester][warn]["AcUiUtils~getActionInfo: Could not get the AC action for",{"action":"addcollection","entityType":"workspace","entityId":"29ba1c6f-43ab-4e23-8a6c-27c39a57a069"}]
[1320][1553521028948][requester][info]["ACService~can: No permission found for",{"model":"workspace","modelId":"29ba1c6f-43ab-4e23-8a6c-27c39a57a069","action":"ADD_COLLECTION_TO_WORKSPACE"}]
[1320][1553521031707][requester][info]["ACService~can: No permission found for",{"model":"collection","modelId":"0-da667a8c-18fb-4110-a773-28e332386555","action":"UPDATE_COLLECTION"}]
[1320][1553521120732][requester][info]["ACService~can: No permission found for",{"model":"workspace","modelId":"29ba1c6f-43ab-4e23-8a6c-27c39a57a069","action":"CREATE_HISTORY"}]
[1320][1553521647910][requester][info]["ACService~can: No permission found for",{"model":"workspace","modelId":"29ba1c6f-43ab-4e23-8a6c-27c39a57a069","action":"CREATE_HISTORY"}]
[1320][1553521771462][requester][info]["ACService~can: No permission found for",{"model":"workspace","modelId":"29ba1c6f-43ab-4e23-8a6c-27c39a57a069","action":"CREATE_HISTORY"}]
[1320][1553521947829][requester][info]["ACService~can: No permission found for",{"model":"workspace","modelId":"29ba1c6f-43ab-4e23-8a6c-27c39a57a069","action":"CREATE_HISTORY"}]
[1320][1553522009689][requester][info]["ACService~can: No permission found for",{"model":"workspace","modelId":"29ba1c6f-43ab-4e23-8a6c-27c39a57a069","action":"CREATE_HISTORY"}]
[1320][1553522011279][requester][info]["ACService~can: No permission found for",{"model":"workspace","modelId":"29ba1c6f-43ab-4e23-8a6c-27c39a57a069","action":"CREATE_HISTORY"}]
[1320][1553522012076][requester][info]["ACService~can: No permission found for",{"model":"workspace","modelId":"29ba1c6f-43ab-4e23-8a6c-27c39a57a069","action":"CREATE_HISTORY"}]
[1320][1553522046718][requester][info]["ACService~can: No permission found for",{"model":"workspace","modelId":"29ba1c6f-43ab-4e23-8a6c-27c39a57a069","action":"CREATE_HISTORY"}]
[1320][1553522271199][requester][info]["ACService~can: No permission found for",{"model":"workspace","modelId":"29ba1c6f-43ab-4e23-8a6c-27c39a57a069","action":"CREATE_HISTORY"}]
[1320][1553522290157][requester][info]["ACService~can: No permission found for",{"model":"workspace","modelId":"29ba1c6f-43ab-4e23-8a6c-27c39a57a069","action":"CREATE_HISTORY"}]
[1320][1553522311501][requester][info]["ACService~can: No permission found for",{"model":"workspace","modelId":"29ba1c6f-43ab-4e23-8a6c-27c39a57a069","action":"CREATE_HISTORY"}]
[1320][1553522312512][requester][info]["ACService~can: No permission found for",{"model":"workspace","modelId":"29ba1c6f-43ab-4e23-8a6c-27c39a57a069","action":"CREATE_HISTORY"}]
[1320][1553522631806][requester][info]["ACService~can: No permission found for",{"model":"workspace","modelId":"29ba1c6f-43ab-4e23-8a6c-27c39a57a069","action":"CREATE_HISTORY"}]
[1320][1553523510151][requester][info]["ACService~can: No permission found for",{"model":"workspace","modelId":"29ba1c6f-43ab-4e23-8a6c-27c39a57a069","action":"CREATE_HISTORY"}]
[1320][1553523882129][requester][info]["ACService~can: No permission found for",{"model":"workspace","modelId":"29ba1c6f-43ab-4e23-8a6c-27c39a57a069","action":"CREATE_HISTORY"}]
[1320][1553523885936][requester][info]["ACService~can: No permission found for",{"model":"workspace","modelId":"29ba1c6f-43ab-4e23-8a6c-27c39a57a069","action":"CREATE_HISTORY"}]
[1320][1553524026549][requester][info]["ACService~can: No permission found for",{"model":"workspace","modelId":"29ba1c6f-43ab-4e23-8a6c-27c39a57a069","action":"CREATE_HISTORY"}]
[1320][1553524031112][requester][info]["ACService~can: No permission found for",{"model":"workspace","modelId":"29ba1c6f-43ab-4e23-8a6c-27c39a57a069","action":"CREATE_HISTORY"}]
[1320][1553524031974][requester][info]["ACService~can: No permission found for",{"model":"workspace","modelId":"29ba1c6f-43ab-4e23-8a6c-27c39a57a069","action":"CREATE_HISTORY"}]
[1320][1553524032595][requester][info]["ACService~can: No permission found for",{"model":"workspace","modelId":"29ba1c6f-43ab-4e23-8a6c-27c39a57a069","action":"CREATE_HISTORY"}]
[1320][1553524033164][requester][info]["ACService~can: No permission found for",{"model":"workspace","modelId":"29ba1c6f-43ab-4e23-8a6c-27c39a57a069","action":"CREATE_HISTORY"}]
[1320][1553524033805][requester][info]["ACService~can: No permission found for",{"model":"workspace","modelId":"29ba1c6f-43ab-4e23-8a6c-27c39a57a069","action":"CREATE_HISTORY"}]
[1320][1553524034797][requester][info]["ACService~can: No permission found for",{"model":"workspace","modelId":"29ba1c6f-43ab-4e23-8a6c-27c39a57a069","action":"CREATE_HISTORY"}]
[1320][1553524036233][requester][info]["ACService~can: No permission found for",{"model":"workspace","modelId":"29ba1c6f-43ab-4e23-8a6c-27c39a57a069","action":"CREATE_HISTORY"}]
[1320][1553524039111][requester][info]["ACService~can: No permission found for",{"model":"workspace","modelId":"29ba1c6f-43ab-4e23-8a6c-27c39a57a069","action":"CREATE_HISTORY"}]
[1320][1553524039680][requester][info]["ACService~can: No permission found for",{"model":"workspace","modelId":"29ba1c6f-43ab-4e23-8a6c-27c39a57a069","action":"CREATE_HISTORY"}]
[1320][1553524051986][requester][info]["ACService~can: No permission found for",{"model":"workspace","modelId":"29ba1c6f-43ab-4e23-8a6c-27c39a57a069","action":"CREATE_HISTORY"}]
[1320][1553524052974][requester][info]["ACService~can: No permission found for",{"model":"workspace","modelId":"29ba1c6f-43ab-4e23-8a6c-27c39a57a069","action":"CREATE_HISTORY"}]
[1320][1553524053283][requester][info]["ACService~can: No permission found for",{"model":"workspace","modelId":"29ba1c6f-43ab-4e23-8a6c-27c39a57a069","action":"CREATE_HISTORY"}]
[1320][1553524053745][requester][info]["ACService~can: No permission found for",{"model":"workspace","modelId":"29ba1c6f-43ab-4e23-8a6c-27c39a57a069","action":"CREATE_HISTORY"}]
[1320][1553524130297][requester][info]["ACService~can: No permission found for",{"model":"workspace","modelId":"29ba1c6f-43ab-4e23-8a6c-27c39a57a069","action":"CREATE_HISTORY"}]
[1320][1553524137567][requester][info]["ACService~can: No permission found for",{"model":"workspace","modelId":"29ba1c6f-43ab-4e23-8a6c-27c39a57a069","action":"CREATE_HISTORY"}]
[1320][1553524159335][requester][info]["ACService~can: No permission found for",{"model":"workspace","modelId":"29ba1c6f-43ab-4e23-8a6c-27c39a57a069","action":"CREATE_HISTORY"}]
[1320][1553524187764][requester][info]["ACService~can: No permission found for",{"model":"workspace","modelId":"29ba1c6f-43ab-4e23-8a6c-27c39a57a069","action":"CREATE_HISTORY"}]
[1320][1553524201834][requester][info]["ACService~can: No permission found for",{"model":"workspace","modelId":"29ba1c6f-43ab-4e23-8a6c-27c39a57a069","action":"CREATE_HISTORY"}]
[1320][1553524203390][requester][info]["ACService~can: No permission found for",{"model":"workspace","modelId":"29ba1c6f-43ab-4e23-8a6c-27c39a57a069","action":"CREATE_HISTORY"}]
[1320][1553524352004][requester][info]["ACService~can: No permission found for",{"model":"workspace","modelId":"29ba1c6f-43ab-4e23-8a6c-27c39a57a069","action":"CREATE_HISTORY"}]
[1320][1553524407374][requester][info]["ACService~can: No permission found for",{"model":"workspace","modelId":"29ba1c6f-43ab-4e23-8a6c-27c39a57a069","action":"CREATE_HISTORY"}]
[1320][1553524979454][requester][info]["ACService~can: No permission found for",{"model":"workspace","modelId":"29ba1c6f-43ab-4e23-8a6c-27c39a57a069","action":"CREATE_HISTORY"}]
[1320][1553525030526][requester][info]["ACService~can: No permission found for",{"model":"workspace","modelId":"29ba1c6f-43ab-4e23-8a6c-27c39a57a069","action":"CREATE_HISTORY"}]
[1320][1553525081783][requester][info]["ACService~can: No permission found for",{"model":"workspace","modelId":"29ba1c6f-43ab-4e23-8a6c-27c39a57a069","action":"CREATE_HISTORY"}]
[1320][1553525095944][requester][info]["ACService~can: No permission found for",{"model":"workspace","modelId":"29ba1c6f-43ab-4e23-8a6c-27c39a57a069","action":"CREATE_HISTORY"}]
[1320][1553568706926][requester][info]["ACService~can: No permission found for",{"model":"workspace","modelId":"29ba1c6f-43ab-4e23-8a6c-27c39a57a069","action":"CREATE_HISTORY"}]
[1320][1553568751807][requester][info]["ACService~can: No permission found for",{"model":"workspace","modelId":"29ba1c6f-43ab-4e23-8a6c-27c39a57a069","action":"CREATE_HISTORY"}]
[1320][1553568783572][requester][info]["ACService~can: No permission found for",{"model":"workspace","modelId":"29ba1c6f-43ab-4e23-8a6c-27c39a57a069","action":"CREATE_HISTORY"}]
[1320][1553568889172][requester][info]["ACService~can: No permission found for",{"model":"workspace","modelId":"29ba1c6f-43ab-4e23-8a6c-27c39a57a069","action":"CREATE_HISTORY"}]
[1320][1553568938468][requester][info]["ACService~can: No permission found for",{"model":"workspace","modelId":"29ba1c6f-43ab-4e23-8a6c-27c39a57a069","action":"CREATE_HISTORY"}]
[1320][1553570020340][requester][info]["ACService~can: No permission found for",{"model":"workspace","modelId":"29ba1c6f-43ab-4e23-8a6c-27c39a57a069","action":"CREATE_HISTORY"}]
[1320][1553570025847][requester][info]["ACService~can: No permission found for",{"model":"workspace","modelId":"29ba1c6f-43ab-4e23-8a6c-27c39a57a069","action":"CREATE_HISTORY"}]
[1320][1553570034346][requester][info]["ACService~can: No permission found for",{"model":"workspace","modelId":"29ba1c6f-43ab-4e23-8a6c-27c39a57a069","action":"CREATE_HISTORY"}]
[1320][1553587468732][requester][info]["ACService~can: No permission found for",{"model":"workspace","modelId":"29ba1c6f-43ab-4e23-8a6c-27c39a57a069","action":"CREATE_HISTORY"}]
[1320][1553597905664][requester][info]["ACService~can: No permission found for",{"model":"workspace","modelId":"29ba1c6f-43ab-4e23-8a6c-27c39a57a069","action":"CREATE_HISTORY"}]
[1320][1553597925685][requester][info]["ACService~can: No permission found for",{"model":"workspace","modelId":"29ba1c6f-43ab-4e23-8a6c-27c39a57a069","action":"CREATE_HISTORY"}]
[1320][1553598008388][requester][info]["ACService~can: No permission found for",{"model":"workspace","modelId":"29ba1c6f-43ab-4e23-8a6c-27c39a57a069","action":"CREATE_HISTORY"}]
[1320][1553598028296][requester][info]["ACService~can: No permission found for",{"model":"workspace","modelId":"29ba1c6f-43ab-4e23-8a6c-27c39a57a069","action":"CREATE_HISTORY"}]
[1320][1553598069543][requester][info]["ACService~can: No permission found for",{"model":"workspace","modelId":"29ba1c6f-43ab-4e23-8a6c-27c39a57a069","action":"CREATE_HISTORY"}]
[1320][1553598227704][requester][info]["ACService~can: No permission found for",{"model":"workspace","modelId":"29ba1c6f-43ab-4e23-8a6c-27c39a57a069","action":"CREATE_HISTORY"}]
[1320][1553598273487][requester][info]["ACService~can: No permission found for",{"model":"workspace","modelId":"29ba1c6f-43ab-4e23-8a6c-27c39a57a069","action":"CREATE_HISTORY"}]
[1320][1553598285931][requester][info]["ACService~can: No permission found for",{"model":"workspace","modelId":"29ba1c6f-43ab-4e23-8a6c-27c39a57a069","action":"CREATE_HISTORY"}]
[1320][1553598305172][requester][info]["ACService~can: No permission found for",{"model":"workspace","modelId":"29ba1c6f-43ab-4e23-8a6c-27c39a57a069","action":"CREATE_HISTORY"}]
[1320][1553600894685][requester][info]["ACService~can: No permission found for",{"model":"workspace","modelId":"29ba1c6f-43ab-4e23-8a6c-27c39a57a069","action":"CREATE_HISTORY"}]
[1320][1553600954925][requester][info]["ACService~can: No permission found for",{"model":"workspace","modelId":"29ba1c6f-43ab-4e23-8a6c-27c39a57a069","action":"CREATE_HISTORY"}]
[1320][1553600977923][requester][info]["ACService~can: No permission found for",{"model":"workspace","modelId":"29ba1c6f-43ab-4e23-8a6c-27c39a57a069","action":"CREATE_HISTORY"}]
[1320][1553600985669][requester][info]["ACService~can: No permission found for",{"model":"workspace","modelId":"29ba1c6f-43ab-4e23-8a6c-27c39a57a069","action":"CREATE_HISTORY"}]
[1320][1553601002288][requester][info]["ACService~can: No permission found for",{"model":"workspace","modelId":"29ba1c6f-43ab-4e23-8a6c-27c39a57a069","action":"CREATE_HISTORY"}]
[1320][1553601027018][requester][info]["ACService~can: No permission found for",{"model":"workspace","modelId":"29ba1c6f-43ab-4e23-8a6c-27c39a57a069","action":"CREATE_HISTORY"}]
[1320][1553601078128][requester][info]["ACService~can: No permission found for",{"model":"workspace","modelId":"29ba1c6f-43ab-4e23-8a6c-27c39a57a069","action":"CREATE_HISTORY"}]
[1320][1553601108461][requester][info]["ACService~can: No permission found for",{"model":"workspace","modelId":"29ba1c6f-43ab-4e23-8a6c-27c39a57a069","action":"CREATE_HISTORY"}]
[1320][1553601149875][requester][info]["ACService~can: No permission found for",{"model":"workspace","modelId":"29ba1c6f-43ab-4e23-8a6c-27c39a57a069","action":"CREATE_HISTORY"}]
[1320][1553601163166][requester][info]["ACService~can: No permission found for",{"model":"workspace","modelId":"29ba1c6f-43ab-4e23-8a6c-27c39a57a069","action":"CREATE_HISTORY"}]
[1320][1553601193902][requester][info]["ACService~can: No permission found for",{"model":"workspace","modelId":"29ba1c6f-43ab-4e23-8a6c-27c39a57a069","action":"CREATE_HISTORY"}]
[1320][1553601216242][requester][info]["ACService~can: No permission found for",{"model":"workspace","modelId":"29ba1c6f-43ab-4e23-8a6c-27c39a57a069","action":"CREATE_HISTORY"}]
[1320][1553601251706][requester][info]["ACService~can: No permission found for",{"model":"workspace","modelId":"29ba1c6f-43ab-4e23-8a6c-27c39a57a069","action":"CREATE_HISTORY"}]
[1320][1553604481258][requester][info]["ACService~can: No permission found for",{"model":"workspace","modelId":"29ba1c6f-43ab-4e23-8a6c-27c39a57a069","action":"CREATE_HISTORY"}]
[1320][1553604490864][requester][info]["ACService~can: No permission found for",{"model":"workspace","modelId":"29ba1c6f-43ab-4e23-8a6c-27c39a57a069","action":"CREATE_HISTORY"}]
[1320][1553604496903][requester][info]["ACService~can: No permission found for",{"model":"workspace","modelId":"29ba1c6f-43ab-4e23-8a6c-27c39a57a069","action":"CREATE_HISTORY"}]
[1320][1553604518847][requester][info]["ACService~can: No permission found for",{"model":"workspace","modelId":"29ba1c6f-43ab-4e23-8a6c-27c39a57a069","action":"CREATE_HISTORY"}]
[1320][1553604549411][requester][info]["ACService~can: No permission found for",{"model":"workspace","modelId":"29ba1c6f-43ab-4e23-8a6c-27c39a57a069","action":"CREATE_HISTORY"}]
[1320][1553604569934][requester][info]["ACService~can: No permission found for",{"model":"workspace","modelId":"29ba1c6f-43ab-4e23-8a6c-27c39a57a069","action":"CREATE_HISTORY"}]
[1320][1553604669392][requester][info]["ACService~can: No permission found for",{"model":"workspace","modelId":"29ba1c6f-43ab-4e23-8a6c-27c39a57a069","action":"CREATE_HISTORY"}]
[1320][1553604684534][requester][info]["ACService~can: No permission found for",{"model":"workspace","modelId":"29ba1c6f-43ab-4e23-8a6c-27c39a57a069","action":"CREATE_HISTORY"}]
[1320][1553604716816][requester][info]["ACService~can: No permission found for",{"model":"workspace","modelId":"29ba1c6f-43ab-4e23-8a6c-27c39a57a069","action":"CREATE_HISTORY"}]
[1320][1553604842992][requester][info]["ACService~can: No permission found for",{"model":"workspace","modelId":"29ba1c6f-43ab-4e23-8a6c-27c39a57a069","action":"CREATE_HISTORY"}]
[1320][1553604853638][requester][info]["ACService~can: No permission found for",{"model":"workspace","modelId":"29ba1c6f-43ab-4e23-8a6c-27c39a57a069","action":"CREATE_HISTORY"}]
[1320][1553604940373][requester][info]["ACService~can: No permission found for",{"model":"workspace","modelId":"29ba1c6f-43ab-4e23-8a6c-27c39a57a069","action":"CREATE_HISTORY"}]
[1320][1553604943672][requester][info]["ACService~can: No permission found for",{"model":"workspace","modelId":"29ba1c6f-43ab-4e23-8a6c-27c39a57a069","action":"CREATE_HISTORY"}]
[1320][1553605019203][requester][info]["ACService~can: No permission found for",{"model":"workspace","modelId":"29ba1c6f-43ab-4e23-8a6c-27c39a57a069","action":"CREATE_HISTORY"}]
[1320][1553605145423][requester][info]["ACService~can: No permission found for",{"model":"workspace","modelId":"29ba1c6f-43ab-4e23-8a6c-27c39a57a069","action":"CREATE_HISTORY"}]
[1320][1553605301178][requester][info]["ACService~can: No permission found for",{"model":"workspace","modelId":"29ba1c6f-43ab-4e23-8a6c-27c39a57a069","action":"CREATE_HISTORY"}]
[1320][1553605444712][requester][info]["ACService~can: No permission found for",{"model":"workspace","modelId":"29ba1c6f-43ab-4e23-8a6c-27c39a57a069","action":"CREATE_HISTORY"}]
[4935][1553606800587][requester][info]["EventBus~initialize - Success"]
[4935][1553606800591][requester][info]["Messaging~boot - Success"]
[4935][1553606800600][requester][info]["Telemetry~boot - Success"]
[4935][1553606800601][requester][info]["bootConfigurations~initialize - Success"]
[4935][1553606800604][requester][info]["Settings~boot - Success"]
[4935][1553606800705][requester][info]["bootstrapModels - Success"]
[4935][1553606800707][requester][info]["WLModels~boot - Success"]
[4935][1553606800748][requester][info]["Session~boot - Success"]
[4935][1553606800755][requester][info]["IndependentServices~boot - Success"]
[4935][1553606800768][requester][info]["AppModels~boot - Success"]
[4935][1553606800768][requester][info]["RuntimeListeners~boot- Success"]
[4935][1553606800769][requester][info]["DBWatcher~boot - Success"]
[4935][1553606800772][requester][info]["ThemeManager~boot - Success"]
[4935][1553606800773][requester][info]["InAppMessaging~boot - Success"]
[4935][1553606800774][requester][info]["Store~boot - Success"]
[4935][1553606800776][requester][info]["Shortcuts~boot - Success"]
[4935][1553606800776][requester][info]["SyncProxy~boot - Success"]
[4935][1553606800787][requester][info]["Requester~boot - Success"]
[4935][1553606800788][requester][info]["booted - requester"]
[4935][1553606813215][requester][info]["ACService~can: No permission found for",{"model":"workspace","modelId":"29ba1c6f-43ab-4e23-8a6c-27c39a57a069","action":"CREATE_HISTORY"}]
[4935][1553606835705][requester][info]["ACService~can: No permission found for",{"model":"workspace","modelId":"29ba1c6f-43ab-4e23-8a6c-27c39a57a069","action":"CREATE_HISTORY"}]
[4935][1553606840825][requester][info]["ACService~can: No permission found for",{"model":"workspace","modelId":"29ba1c6f-43ab-4e23-8a6c-27c39a57a069","action":"CREATE_HISTORY"}]
[4935][1553606847796][requester][info]["ACService~can: No permission found for",{"model":"workspace","modelId":"29ba1c6f-43ab-4e23-8a6c-27c39a57a069","action":"CREATE_HISTORY"}]
[4935][1553606858541][requester][info]["ACService~can: No permission found for",{"model":"workspace","modelId":"29ba1c6f-43ab-4e23-8a6c-27c39a57a069","action":"CREATE_HISTORY"}]
[4935][1553606886379][requester][info]["ACService~can: No permission found for",{"model":"workspace","modelId":"29ba1c6f-43ab-4e23-8a6c-27c39a57a069","action":"CREATE_HISTORY"}]
[4935][1553606969306][requester][info]["ACService~can: No permission found for",{"model":"workspace","modelId":"29ba1c6f-43ab-4e23-8a6c-27c39a57a069","action":"CREATE_HISTORY"}]
[4935][1553606994163][requester][info]["ACService~can: No permission found for",{"model":"workspace","modelId":"29ba1c6f-43ab-4e23-8a6c-27c39a57a069","action":"CREATE_HISTORY"}]
[4935][1553607771825][requester][info]["ACService~can: No permission found for",{"model":"workspace","modelId":"29ba1c6f-43ab-4e23-8a6c-27c39a57a069","action":"CREATE_HISTORY"}]
[4935][1553607789231][requester][info]["ACService~can: No permission found for",{"model":"workspace","modelId":"29ba1c6f-43ab-4e23-8a6c-27c39a57a069","action":"CREATE_HISTORY"}]
[4935][1553607833086][requester][info]["ACService~can: No permission found for",{"model":"workspace","modelId":"29ba1c6f-43ab-4e23-8a6c-27c39a57a069","action":"CREATE_HISTORY"}]
[4935][1553608047679][requester][info]["ACService~can: No permission found for",{"model":"workspace","modelId":"29ba1c6f-43ab-4e23-8a6c-27c39a57a069","action":"CREATE_HISTORY"}]
[4935][1553608104396][requester][info]["ACService~can: No permission found for",{"model":"workspace","modelId":"29ba1c6f-43ab-4e23-8a6c-27c39a57a069","action":"CREATE_HISTORY"}]
[4935][1553608164271][requester][info]["ACService~can: No permission found for",{"model":"workspace","modelId":"29ba1c6f-43ab-4e23-8a6c-27c39a57a069","action":"CREATE_HISTORY"}]
[4935][1553608176968][requester][info]["ACService~can: No permission found for",{"model":"workspace","modelId":"29ba1c6f-43ab-4e23-8a6c-27c39a57a069","action":"CREATE_HISTORY"}]
[4935][1553608404369][requester][info]["ACService~can: No permission found for",{"model":"workspace","modelId":"29ba1c6f-43ab-4e23-8a6c-27c39a57a069","action":"CREATE_HISTORY"}]
[4935][1553608421094][requester][info]["ACService~can: No permission found for",{"model":"workspace","modelId":"29ba1c6f-43ab-4e23-8a6c-27c39a57a069","action":"CREATE_HISTORY"}]
[4935][1553608453746][requester][info]["ACService~can: No permission found for",{"model":"workspace","modelId":"29ba1c6f-43ab-4e23-8a6c-27c39a57a069","action":"CREATE_HISTORY"}]
[4935][1553608474913][requester][info]["ACService~can: No permission found for",{"model":"workspace","modelId":"29ba1c6f-43ab-4e23-8a6c-27c39a57a069","action":"CREATE_HISTORY"}]
[4935][1553609988243][requester][info]["ACService~can: No permission found for",{"model":"workspace","modelId":"29ba1c6f-43ab-4e23-8a6c-27c39a57a069","action":"CREATE_HISTORY"}]
[4935][1553610016629][requester][info]["ACService~can: No permission found for",{"model":"workspace","modelId":"29ba1c6f-43ab-4e23-8a6c-27c39a57a069","action":"CREATE_HISTORY"}]
[4935][1553610442980][requester][info]["ACService~can: No permission found for",{"model":"workspace","modelId":"29ba1c6f-43ab-4e23-8a6c-27c39a57a069","action":"CREATE_HISTORY"}]
[4935][1553610580240][requester][info]["ACService~can: No permission found for",{"model":"workspace","modelId":"29ba1c6f-43ab-4e23-8a6c-27c39a57a069","action":"CREATE_HISTORY"}]
[4935][1553610622850][requester][info]["ACService~can: No permission found for",{"model":"workspace","modelId":"29ba1c6f-43ab-4e23-8a6c-27c39a57a069","action":"CREATE_HISTORY"}]
[4935][1553610653012][requester][info]["ACService~can: No permission found for",{"model":"workspace","modelId":"29ba1c6f-43ab-4e23-8a6c-27c39a57a069","action":"CREATE_HISTORY"}]
[4935][1553610710901][requester][info]["ACService~can: No permission found for",{"model":"workspace","modelId":"29ba1c6f-43ab-4e23-8a6c-27c39a57a069","action":"CREATE_HISTORY"}]
[4935][1553610769029][requester][info]["ACService~can: No permission found for",{"model":"workspace","modelId":"29ba1c6f-43ab-4e23-8a6c-27c39a57a069","action":"CREATE_HISTORY"}]
[4935][1553610936278][requester][info]["ACService~can: No permission found for",{"model":"workspace","modelId":"29ba1c6f-43ab-4e23-8a6c-27c39a57a069","action":"CREATE_HISTORY"}]
[4935][1553610975369][requester][info]["ACService~can: No permission found for",{"model":"workspace","modelId":"29ba1c6f-43ab-4e23-8a6c-27c39a57a069","action":"CREATE_HISTORY"}]
[4935][1553611331337][requester][info]["ACService~can: No permission found for",{"model":"workspace","modelId":"29ba1c6f-43ab-4e23-8a6c-27c39a57a069","action":"CREATE_HISTORY"}]
[4935][1553611400897][requester][info]["ACService~can: No permission found for",{"model":"workspace","modelId":"29ba1c6f-43ab-4e23-8a6c-27c39a57a069","action":"CREATE_HISTORY"}]
[4935][1553611404341][requester][info]["ACService~can: No permission found for",{"model":"workspace","modelId":"29ba1c6f-43ab-4e23-8a6c-27c39a57a069","action":"CREATE_HISTORY"}]
[4935][1553611405418][requester][info]["ACService~can: No permission found for",{"model":"workspace","modelId":"29ba1c6f-43ab-4e23-8a6c-27c39a57a069","action":"CREATE_HISTORY"}]
[4935][1553611406110][requester][info]["ACService~can: No permission found for",{"model":"workspace","modelId":"29ba1c6f-43ab-4e23-8a6c-27c39a57a069","action":"CREATE_HISTORY"}]
[4935][1553611406760][requester][info]["ACService~can: No permission found for",{"model":"workspace","modelId":"29ba1c6f-43ab-4e23-8a6c-27c39a57a069","action":"CREATE_HISTORY"}]
[4935][1553611995663][requester][info]["ACService~can: No permission found for",{"model":"workspace","modelId":"29ba1c6f-43ab-4e23-8a6c-27c39a57a069","action":"CREATE_HISTORY"}]
[4935][1553612094627][requester][info]["ACService~can: No permission found for",{"model":"workspace","modelId":"29ba1c6f-43ab-4e23-8a6c-27c39a57a069","action":"CREATE_HISTORY"}]
[4935][1553612241035][requester][info]["ACService~can: No permission found for",{"model":"workspace","modelId":"29ba1c6f-43ab-4e23-8a6c-27c39a57a069","action":"CREATE_HISTORY"}]
[4935][1553612335257][requester][info]["ACService~can: No permission found for",{"model":"workspace","modelId":"29ba1c6f-43ab-4e23-8a6c-27c39a57a069","action":"CREATE_HISTORY"}]
[4935][1553612401237][requester][info]["ACService~can: No permission found for",{"model":"workspace","modelId":"29ba1c6f-43ab-4e23-8a6c-27c39a57a069","action":"CREATE_HISTORY"}]
[4935][1553612467752][requester][info]["ACService~can: No permission found for",{"model":"workspace","modelId":"29ba1c6f-43ab-4e23-8a6c-27c39a57a069","action":"CREATE_HISTORY"}]
[4935][1553612776696][requester][info]["ACService~can: No permission found for",{"model":"workspace","modelId":"29ba1c6f-43ab-4e23-8a6c-27c39a57a069","action":"CREATE_HISTORY"}]
[4935][1553612887757][requester][info]["ACService~can: No permission found for",{"model":"workspace","modelId":"29ba1c6f-43ab-4e23-8a6c-27c39a57a069","action":"CREATE_HISTORY"}]
[4935][1553612954292][requester][info]["ACService~can: No permission found for",{"model":"workspace","modelId":"29ba1c6f-43ab-4e23-8a6c-27c39a57a069","action":"CREATE_HISTORY"}]
[4935][1553612988175][requester][info]["ACService~can: No permission found for",{"model":"workspace","modelId":"29ba1c6f-43ab-4e23-8a6c-27c39a57a069","action":"CREATE_HISTORY"}]
[4935][1553613118046][requester][info]["ACService~can: No permission found for",{"model":"workspace","modelId":"29ba1c6f-43ab-4e23-8a6c-27c39a57a069","action":"CREATE_HISTORY"}]
[4935][1553613172578][requester][info]["ACService~can: No permission found for",{"model":"workspace","modelId":"29ba1c6f-43ab-4e23-8a6c-27c39a57a069","action":"CREATE_HISTORY"}]
[4935][1553613352664][requester][info]["ACService~can: No permission found for",{"model":"workspace","modelId":"29ba1c6f-43ab-4e23-8a6c-27c39a57a069","action":"CREATE_HISTORY"}]
[6948][1553633566826][requester][info]["EventBus~initialize - Success"]
[6948][1553633566835][requester][info]["Messaging~boot - Success"]
[6948][1553633566841][requester][info]["Telemetry~boot - Success"]
[6948][1553633566843][requester][info]["bootConfigurations~initialize - Success"]
[6948][1553633566848][requester][info]["Settings~boot - Success"]
[6948][1553633566959][requester][info]["bootstrapModels - Success"]
[6948][1553633566959][requester][info]["WLModels~boot - Success"]
[6948][1553633567010][requester][info]["Session~boot - Success"]
[6948][1553633567018][requester][info]["IndependentServices~boot - Success"]
[6948][1553633567033][requester][info]["AppModels~boot - Success"]
[6948][1553633567033][requester][info]["RuntimeListeners~boot- Success"]
[6948][1553633567034][requester][info]["DBWatcher~boot - Success"]
[6948][1553633567036][requester][info]["ThemeManager~boot - Success"]
[6948][1553633567038][requester][info]["InAppMessaging~boot - Success"]
[6948][1553633567039][requester][info]["Store~boot - Success"]
[6948][1553633567042][requester][info]["Shortcuts~boot - Success"]
[6948][1553633567042][requester][info]["SyncProxy~boot - Success"]
[6948][1553633567055][requester][info]["Requester~boot - Success"]
[6948][1553633567056][requester][info]["booted - requester"]
[1498][1553662222530][requester][info]["EventBus~initialize - Success"]
[1498][1553662222535][requester][info]["Messaging~boot - Success"]
[1498][1553662222543][requester][info]["Telemetry~boot - Success"]
[1498][1553662222545][requester][info]["bootConfigurations~initialize - Success"]
[1498][1553662222546][requester][info]["Settings~boot - Success"]
[1498][1553662222684][requester][info]["bootstrapModels - Success"]
[1498][1553662222684][requester][info]["WLModels~boot - Success"]
[1498][1553662222730][requester][info]["Session~boot - Success"]
[1498][1553662222736][requester][info]["IndependentServices~boot - Success"]
[1498][1553662222747][requester][info]["AppModels~boot - Success"]
[1498][1553662222747][requester][info]["RuntimeListeners~boot- Success"]
[1498][1553662222749][requester][info]["DBWatcher~boot - Success"]
[1498][1553662222751][requester][info]["ThemeManager~boot - Success"]
[1498][1553662222752][requester][info]["InAppMessaging~boot - Success"]
[1498][1553662222753][requester][info]["Store~boot - Success"]
[1498][1553662222754][requester][info]["Shortcuts~boot - Success"]
[1498][1553662222755][requester][info]["SyncProxy~boot - Success"]
[1498][1553662222764][requester][info]["Requester~boot - Success"]
[1498][1553662222766][requester][info]["booted - requester"]
[7076][1553671344604][requester][info]["EventBus~initialize - Success"]
[7076][1553671344606][requester][info]["Messaging~boot - Success"]
[7076][1553671344612][requester][info]["Telemetry~boot - Success"]
[7076][1553671344615][requester][info]["bootConfigurations~initialize - Success"]
[7076][1553671344620][requester][info]["Settings~boot - Success"]
[7076][1553671344724][requester][info]["bootstrapModels - Success"]
[7076][1553671344724][requester][info]["WLModels~boot - Success"]
[7076][1553671344770][requester][info]["Session~boot - Success"]
[7076][1553671344774][requester][info]["IndependentServices~boot - Success"]
[7076][1553671344788][requester][info]["AppModels~boot - Success"]
[7076][1553671344788][requester][info]["RuntimeListeners~boot- Success"]
[7076][1553671344789][requester][info]["DBWatcher~boot - Success"]
[7076][1553671344791][requester][info]["ThemeManager~boot - Success"]
[7076][1553671344792][requester][info]["InAppMessaging~boot - Success"]
[7076][1553671344792][requester][info]["Store~boot - Success"]
[7076][1553671344794][requester][info]["Shortcuts~boot - Success"]
[7076][1553671344794][requester][info]["SyncProxy~boot - Success"]
[7076][1553671344806][requester][info]["Requester~boot - Success"]
[7076][1553671344806][requester][info]["booted - requester"]
[7076][1553671357272][requester][info]["ACService~can: No permission found for",{"model":"workspace","modelId":"29ba1c6f-43ab-4e23-8a6c-27c39a57a069","action":"CREATE_HISTORY"}]
[7076][1553673303834][requester][info]["ACService~can: No permission found for",{"model":"workspace","modelId":"29ba1c6f-43ab-4e23-8a6c-27c39a57a069","action":"CREATE_HISTORY"}]
[7076][1553674424723][requester][info]["ACService~can: No permission found for",{"model":"workspace","modelId":"29ba1c6f-43ab-4e23-8a6c-27c39a57a069","action":"CREATE_HISTORY"}]
[27994][1553773880887][requester][info]["EventBus~initialize - Success"]
[27994][1553773880890][requester][info]["Messaging~boot - Success"]
[27994][1553773880899][requester][info]["Telemetry~boot - Success"]
[27994][1553773880903][requester][info]["bootConfigurations~initialize - Success"]
[27994][1553773880905][requester][info]["Settings~boot - Success"]
[27994][1553773881015][requester][info]["bootstrapModels - Success"]
[27994][1553773881016][requester][info]["WLModels~boot - Success"]
[27994][1553773881072][requester][info]["Session~boot - Success"]
[27994][1553773881076][requester][info]["IndependentServices~boot - Success"]
[27994][1553773881089][requester][info]["AppModels~boot - Success"]
[27994][1553773881090][requester][info]["RuntimeListeners~boot- Success"]
[27994][1553773881090][requester][info]["DBWatcher~boot - Success"]
[27994][1553773881092][requester][info]["ThemeManager~boot - Success"]
[27994][1553773881093][requester][info]["InAppMessaging~boot - Success"]
[27994][1553773881094][requester][info]["Store~boot - Success"]
[27994][1553773881098][requester][info]["Shortcuts~boot - Success"]
[27994][1553773881098][requester][info]["SyncProxy~boot - Success"]
[27994][1553773881106][requester][info]["Requester~boot - Success"]
[27994][1553773881107][requester][info]["booted - requester"]
[27994][1553776029580][requester][info]["ACService~can: No permission found for",{"model":"workspace","modelId":"29ba1c6f-43ab-4e23-8a6c-27c39a57a069","action":"CREATE_HISTORY"}]
[27994][1553776054567][requester][info]["ACService~can: No permission found for",{"model":"workspace","modelId":"29ba1c6f-43ab-4e23-8a6c-27c39a57a069","action":"CREATE_HISTORY"}]
[27994][1553776070822][requester][info]["ACService~can: No permission found for",{"model":"workspace","modelId":"29ba1c6f-43ab-4e23-8a6c-27c39a57a069","action":"CREATE_HISTORY"}]
[27994][1553779441786][requester][info]["ACService~can: No permission found for",{"model":"workspace","modelId":"29ba1c6f-43ab-4e23-8a6c-27c39a57a069","action":"CREATE_HISTORY"}]
[27994][1553780348514][requester][info]["ACService~can: No permission found for",{"model":"workspace","modelId":"29ba1c6f-43ab-4e23-8a6c-27c39a57a069","action":"CREATE_HISTORY"}]
[27994][1553780354221][requester][info]["ACService~can: No permission found for",{"model":"workspace","modelId":"29ba1c6f-43ab-4e23-8a6c-27c39a57a069","action":"CREATE_HISTORY"}]
[27994][1553780517781][requester][info]["ACService~can: No permission found for",{"model":"workspace","modelId":"29ba1c6f-43ab-4e23-8a6c-27c39a57a069","action":"CREATE_HISTORY"}]
[27994][1553780765255][requester][info]["ACService~can: No permission found for",{"model":"workspace","modelId":"29ba1c6f-43ab-4e23-8a6c-27c39a57a069","action":"CREATE_HISTORY"}]
[27994][1553781665540][requester][info]["ACService~can: No permission found for",{"model":"workspace","modelId":"29ba1c6f-43ab-4e23-8a6c-27c39a57a069","action":"CREATE_HISTORY"}]
[27994][1553783761647][requester][info]["ACService~can: No permission found for",{"model":"workspace","modelId":"29ba1c6f-43ab-4e23-8a6c-27c39a57a069","action":"CREATE_HISTORY"}]
[19683][1553842765093][requester][info]["EventBus~initialize - Success"]
