[2019-03-27 23:45:26.058] [exthost] [info] extension host started
[2019-03-27 23:45:26.353] [exthost] [info] ExtensionService#_doActivateExtension vscode.debug-auto-launch {"startup":true,"activationEvent":"*"}
[2019-03-27 23:45:26.353] [exthost] [info] ExtensionService#loadCommonJSModule /opt/visual-studio-code/resources/app/extensions/debug-auto-launch/dist/extension
[2019-03-27 23:45:26.363] [exthost] [info] ExtensionService#_doActivateExtension vscode.emmet {"startup":true,"activationEvent":"*"}
[2019-03-27 23:45:26.363] [exthost] [info] ExtensionService#loadCommonJSModule /opt/visual-studio-code/resources/app/extensions/emmet/dist/extension
[2019-03-27 23:45:26.374] [exthost] [info] ExtensionService#_doActivateExtension vscode.git {"startup":true,"activationEvent":"*"}
[2019-03-27 23:45:26.374] [exthost] [info] ExtensionService#loadCommonJSModule /opt/visual-studio-code/resources/app/extensions/git/dist/main
[2019-03-27 23:45:26.479] [exthost] [info] ExtensionService#_doActivateExtension vscode.merge-conflict {"startup":true,"activationEvent":"*"}
[2019-03-27 23:45:26.479] [exthost] [info] ExtensionService#loadCommonJSModule /opt/visual-studio-code/resources/app/extensions/merge-conflict/dist/extension
[2019-03-27 23:45:26.491] [exthost] [info] ExtensionService#_doActivateExtension christian-kohler.path-intellisense {"startup":true,"activationEvent":"*"}
[2019-03-27 23:45:26.491] [exthost] [info] ExtensionService#loadCommonJSModule /home/wikt/.vscode/extensions/christian-kohler.path-intellisense-1.4.2/out/src/extension
[2019-03-27 23:45:26.534] [exthost] [info] ExtensionService#_doActivateExtension dbaeumer.vscode-eslint {"startup":true,"activationEvent":"*"}
[2019-03-27 23:45:26.534] [exthost] [info] ExtensionService#loadCommonJSModule /home/wikt/.vscode/extensions/dbaeumer.vscode-eslint-1.8.2/client/out/extension
[2019-03-27 23:45:26.577] [exthost] [info] ExtensionService#_doActivateExtension Equinusocio.vsc-material-theme {"startup":true,"activationEvent":"*"}
[2019-03-27 23:45:26.578] [exthost] [info] ExtensionService#loadCommonJSModule /home/wikt/.vscode/extensions/equinusocio.vsc-material-theme-2.8.2/out/src/material.theme.config
[2019-03-27 23:45:26.672] [exthost] [info] ExtensionService#_doActivateExtension esbenp.prettier-vscode {"startup":true,"activationEvent":"*"}
[2019-03-27 23:45:26.673] [exthost] [info] ExtensionService#loadCommonJSModule /home/wikt/.vscode/extensions/esbenp.prettier-vscode-1.8.1/out/src/extension
[2019-03-27 23:45:27.061] [exthost] [info] ExtensionService#_doActivateExtension Gruntfuggly.todo-tree {"startup":true,"activationEvent":"*"}
[2019-03-27 23:45:27.061] [exthost] [info] ExtensionService#loadCommonJSModule /home/wikt/.vscode/extensions/gruntfuggly.todo-tree-0.0.125/extension
[2019-03-27 23:45:27.944] [exthost] [info] ExtensionService#_doActivateExtension monokai.theme-monokai-pro-vscode {"startup":true,"activationEvent":"*"}
[2019-03-27 23:45:27.944] [exthost] [info] ExtensionService#loadCommonJSModule /home/wikt/.vscode/extensions/monokai.theme-monokai-pro-vscode-1.1.12/js/main
[2019-03-27 23:45:27.951] [exthost] [info] ExtensionService#_doActivateExtension PKief.material-icon-theme {"startup":true,"activationEvent":"*"}
[2019-03-27 23:45:27.951] [exthost] [info] ExtensionService#loadCommonJSModule /home/wikt/.vscode/extensions/pkief.material-icon-theme-3.7.0/dist/extension
[2019-03-27 23:45:27.981] [exthost] [info] ExtensionService#_doActivateExtension wix.glean {"startup":true,"activationEvent":"*"}
[2019-03-27 23:45:27.981] [exthost] [info] ExtensionService#loadCommonJSModule /home/wikt/.vscode/extensions/wix.glean-4.10.0/out/extension
[2019-03-27 23:45:28.491] [exthost] [info] ExtensionService#_doActivateExtension vscode.configuration-editing {"startup":false,"activationEvent":"onLanguage:json"}
[2019-03-27 23:45:28.491] [exthost] [info] ExtensionService#loadCommonJSModule /opt/visual-studio-code/resources/app/extensions/configuration-editing/dist/extension
[2019-03-27 23:45:28.495] [exthost] [info] ExtensionService#_doActivateExtension vscode.extension-editing {"startup":false,"activationEvent":"onLanguage:json"}
[2019-03-27 23:45:28.495] [exthost] [info] ExtensionService#loadCommonJSModule /opt/visual-studio-code/resources/app/extensions/extension-editing/dist/extension
[2019-03-27 23:45:28.507] [exthost] [info] ExtensionService#_doActivateExtension vscode.json-language-features {"startup":false,"activationEvent":"onLanguage:json"}
[2019-03-27 23:45:28.507] [exthost] [info] ExtensionService#loadCommonJSModule /opt/visual-studio-code/resources/app/extensions/json-language-features/client/dist/jsonMain
[2019-03-27 23:45:28.552] [exthost] [info] ExtensionService#_doActivateExtension vscode.npm {"startup":false,"activationEvent":"onLanguage:json"}
[2019-03-27 23:45:28.552] [exthost] [info] ExtensionService#loadCommonJSModule /opt/visual-studio-code/resources/app/extensions/npm/dist/main
[2019-03-27 23:45:28.558] [exthost] [info] eager extensions activated
[2019-03-27 23:45:28.798] [exthost] [error] [wix.glean] provider FAILED
[2019-03-27 23:45:28.799] [exthost] [error] TypeError: Cannot read property 'superClass' of undefined
	at isSupportedComponent (/home/wikt/.vscode/extensions/wix.glean-4.10.0/out/modules/stateful-to-stateless.js:303:28)
	at Object.isStatefulComp (/home/wikt/.vscode/extensions/wix.glean-4.10.0/out/modules/stateful-to-stateless.js:310:9)
	at CompleteActionProvider.provideCodeActions (/home/wikt/.vscode/extensions/wix.glean-4.10.0/out/extension.js:39:37)
	at /opt/visual-studio-code/resources/app/out/vs/workbench/services/extensions/node/extensionHostProcess.js:541:390
	at t.asPromise (/opt/visual-studio-code/resources/app/out/vs/workbench/services/extensions/node/extensionHostProcess.js:50:385)
	at new Promise (<anonymous>)
	at Object.t.asPromise (/opt/visual-studio-code/resources/app/out/vs/workbench/services/extensions/node/extensionHostProcess.js:50:353)
	at e.provideCodeActions (/opt/visual-studio-code/resources/app/out/vs/workbench/services/extensions/node/extensionHostProcess.js:541:350)
	at /opt/visual-studio-code/resources/app/out/vs/workbench/services/extensions/node/extensionHostProcess.js:558:130
	at e._withAdapter (/opt/visual-studio-code/resources/app/out/vs/workbench/services/extensions/node/extensionHostProcess.js:553:292)
	at e.$provideCodeActions (/opt/visual-studio-code/resources/app/out/vs/workbench/services/extensions/node/extensionHostProcess.js:558:92)
	at t._doInvokeHandler (/opt/visual-studio-code/resources/app/out/vs/workbench/services/extensions/node/extensionHostProcess.js:644:118)
	at t._invokeHandler (/opt/visual-studio-code/resources/app/out/vs/workbench/services/extensions/node/extensionHostProcess.js:643:744)
	at t._receiveRequest (/opt/visual-studio-code/resources/app/out/vs/workbench/services/extensions/node/extensionHostProcess.js:642:256)
	at t._receiveOneMessage (/opt/visual-studio-code/resources/app/out/vs/workbench/services/extensions/node/extensionHostProcess.js:641:155)
	at /opt/visual-studio-code/resources/app/out/vs/workbench/services/extensions/node/extensionHostProcess.js:638:960
	at /opt/visual-studio-code/resources/app/out/vs/workbench/services/extensions/node/extensionHostProcess.js:38:994
	at e.fire (/opt/visual-studio-code/resources/app/out/vs/workbench/services/extensions/node/extensionHostProcess.js:44:113)
	at a (/opt/visual-studio-code/resources/app/out/vs/workbench/services/extensions/node/extensionHostProcess.js:170:213)
	at Socket.f._socketDataListener (/opt/visual-studio-code/resources/app/out/vs/workbench/services/extensions/node/extensionHostProcess.js:170:434)
	at Socket.emit (events.js:182:13)
	at addChunk (_stream_readable.js:279:12)
	at readableAddChunk (_stream_readable.js:264:11)
	at Socket.Readable.push (_stream_readable.js:219:10)
	at Pipe.onread (net.js:636:20)
[2019-03-27 23:45:29.156] [exthost] [info] ExtensionService#_doActivateExtension vscode.typescript-language-features {"startup":false,"activationEvent":"onLanguage:jsonc"}
[2019-03-27 23:45:29.157] [exthost] [info] ExtensionService#loadCommonJSModule /opt/visual-studio-code/resources/app/extensions/typescript-language-features/dist/extension
[2019-03-27 23:45:38.718] [exthost] [error] [wix.glean] provider FAILED
[2019-03-27 23:45:38.719] [exthost] [error] TypeError: Cannot read property 'superClass' of undefined
	at isSupportedComponent (/home/wikt/.vscode/extensions/wix.glean-4.10.0/out/modules/stateful-to-stateless.js:303:28)
	at Object.isStatefulComp (/home/wikt/.vscode/extensions/wix.glean-4.10.0/out/modules/stateful-to-stateless.js:310:9)
	at CompleteActionProvider.provideCodeActions (/home/wikt/.vscode/extensions/wix.glean-4.10.0/out/extension.js:39:37)
	at /opt/visual-studio-code/resources/app/out/vs/workbench/services/extensions/node/extensionHostProcess.js:541:390
	at t.asPromise (/opt/visual-studio-code/resources/app/out/vs/workbench/services/extensions/node/extensionHostProcess.js:50:385)
	at new Promise (<anonymous>)
	at Object.t.asPromise (/opt/visual-studio-code/resources/app/out/vs/workbench/services/extensions/node/extensionHostProcess.js:50:353)
	at e.provideCodeActions (/opt/visual-studio-code/resources/app/out/vs/workbench/services/extensions/node/extensionHostProcess.js:541:350)
	at /opt/visual-studio-code/resources/app/out/vs/workbench/services/extensions/node/extensionHostProcess.js:558:130
	at e._withAdapter (/opt/visual-studio-code/resources/app/out/vs/workbench/services/extensions/node/extensionHostProcess.js:553:292)
	at e.$provideCodeActions (/opt/visual-studio-code/resources/app/out/vs/workbench/services/extensions/node/extensionHostProcess.js:558:92)
	at t._doInvokeHandler (/opt/visual-studio-code/resources/app/out/vs/workbench/services/extensions/node/extensionHostProcess.js:644:118)
	at t._invokeHandler (/opt/visual-studio-code/resources/app/out/vs/workbench/services/extensions/node/extensionHostProcess.js:643:744)
	at t._receiveRequest (/opt/visual-studio-code/resources/app/out/vs/workbench/services/extensions/node/extensionHostProcess.js:642:256)
	at t._receiveOneMessage (/opt/visual-studio-code/resources/app/out/vs/workbench/services/extensions/node/extensionHostProcess.js:641:155)
	at /opt/visual-studio-code/resources/app/out/vs/workbench/services/extensions/node/extensionHostProcess.js:638:960
	at /opt/visual-studio-code/resources/app/out/vs/workbench/services/extensions/node/extensionHostProcess.js:38:994
	at e.fire (/opt/visual-studio-code/resources/app/out/vs/workbench/services/extensions/node/extensionHostProcess.js:44:113)
	at a (/opt/visual-studio-code/resources/app/out/vs/workbench/services/extensions/node/extensionHostProcess.js:170:213)
	at Socket.f._socketDataListener (/opt/visual-studio-code/resources/app/out/vs/workbench/services/extensions/node/extensionHostProcess.js:170:434)
	at Socket.emit (events.js:182:13)
	at addChunk (_stream_readable.js:279:12)
	at readableAddChunk (_stream_readable.js:264:11)
	at Socket.Readable.push (_stream_readable.js:219:10)
	at Pipe.onread (net.js:636:20)
