[2019-03-28 21:13:27.527] [exthost] [info] extension host started
[2019-03-28 21:13:27.707] [exthost] [info] ExtensionService#_doActivateExtension vscode.debug-auto-launch {"startup":true,"activationEvent":"*"}
[2019-03-28 21:13:27.707] [exthost] [info] ExtensionService#loadCommonJSModule /opt/visual-studio-code/resources/app/extensions/debug-auto-launch/dist/extension
[2019-03-28 21:13:27.710] [exthost] [info] ExtensionService#_doActivateExtension vscode.emmet {"startup":true,"activationEvent":"*"}
[2019-03-28 21:13:27.710] [exthost] [info] ExtensionService#loadCommonJSModule /opt/visual-studio-code/resources/app/extensions/emmet/dist/extension
[2019-03-28 21:13:27.714] [exthost] [info] ExtensionService#_doActivateExtension vscode.git {"startup":true,"activationEvent":"*"}
[2019-03-28 21:13:27.714] [exthost] [info] ExtensionService#loadCommonJSModule /opt/visual-studio-code/resources/app/extensions/git/dist/main
[2019-03-28 21:13:27.754] [exthost] [info] ExtensionService#_doActivateExtension vscode.merge-conflict {"startup":true,"activationEvent":"*"}
[2019-03-28 21:13:27.754] [exthost] [info] ExtensionService#loadCommonJSModule /opt/visual-studio-code/resources/app/extensions/merge-conflict/dist/extension
[2019-03-28 21:13:27.758] [exthost] [info] ExtensionService#_doActivateExtension christian-kohler.path-intellisense {"startup":true,"activationEvent":"*"}
[2019-03-28 21:13:27.758] [exthost] [info] ExtensionService#loadCommonJSModule /home/wikt/.vscode/extensions/christian-kohler.path-intellisense-1.4.2/out/src/extension
[2019-03-28 21:13:27.774] [exthost] [info] ExtensionService#_doActivateExtension dbaeumer.vscode-eslint {"startup":true,"activationEvent":"*"}
[2019-03-28 21:13:27.774] [exthost] [info] ExtensionService#loadCommonJSModule /home/wikt/.vscode/extensions/dbaeumer.vscode-eslint-1.8.2/client/out/extension
[2019-03-28 21:13:27.785] [exthost] [info] ExtensionService#_doActivateExtension Equinusocio.vsc-material-theme {"startup":true,"activationEvent":"*"}
[2019-03-28 21:13:27.785] [exthost] [info] ExtensionService#loadCommonJSModule /home/wikt/.vscode/extensions/equinusocio.vsc-material-theme-2.8.2/out/src/material.theme.config
[2019-03-28 21:13:27.797] [exthost] [info] ExtensionService#_doActivateExtension esbenp.prettier-vscode {"startup":true,"activationEvent":"*"}
[2019-03-28 21:13:27.797] [exthost] [info] ExtensionService#loadCommonJSModule /home/wikt/.vscode/extensions/esbenp.prettier-vscode-1.8.1/out/src/extension
[2019-03-28 21:13:27.880] [exthost] [info] ExtensionService#_doActivateExtension Gruntfuggly.todo-tree {"startup":true,"activationEvent":"*"}
[2019-03-28 21:13:27.880] [exthost] [info] ExtensionService#loadCommonJSModule /home/wikt/.vscode/extensions/gruntfuggly.todo-tree-0.0.125/extension
[2019-03-28 21:13:28.073] [exthost] [info] ExtensionService#_doActivateExtension monokai.theme-monokai-pro-vscode {"startup":true,"activationEvent":"*"}
[2019-03-28 21:13:28.073] [exthost] [info] ExtensionService#loadCommonJSModule /home/wikt/.vscode/extensions/monokai.theme-monokai-pro-vscode-1.1.12/js/main
[2019-03-28 21:13:28.074] [exthost] [info] ExtensionService#_doActivateExtension PKief.material-icon-theme {"startup":true,"activationEvent":"*"}
[2019-03-28 21:13:28.074] [exthost] [info] ExtensionService#loadCommonJSModule /home/wikt/.vscode/extensions/pkief.material-icon-theme-3.7.0/dist/extension
[2019-03-28 21:13:28.079] [exthost] [info] ExtensionService#_doActivateExtension wix.glean {"startup":true,"activationEvent":"*"}
[2019-03-28 21:13:28.079] [exthost] [info] ExtensionService#loadCommonJSModule /home/wikt/.vscode/extensions/wix.glean-4.10.0/out/extension
[2019-03-28 21:13:28.226] [exthost] [info] ExtensionService#_doActivateExtension vscode.configuration-editing {"startup":false,"activationEvent":"onLanguage:json"}
[2019-03-28 21:13:28.226] [exthost] [info] ExtensionService#loadCommonJSModule /opt/visual-studio-code/resources/app/extensions/configuration-editing/dist/extension
[2019-03-28 21:13:28.229] [exthost] [info] ExtensionService#_doActivateExtension vscode.extension-editing {"startup":false,"activationEvent":"onLanguage:json"}
[2019-03-28 21:13:28.229] [exthost] [info] ExtensionService#loadCommonJSModule /opt/visual-studio-code/resources/app/extensions/extension-editing/dist/extension
[2019-03-28 21:13:28.237] [exthost] [info] ExtensionService#_doActivateExtension vscode.json-language-features {"startup":false,"activationEvent":"onLanguage:json"}
[2019-03-28 21:13:28.237] [exthost] [info] ExtensionService#loadCommonJSModule /opt/visual-studio-code/resources/app/extensions/json-language-features/client/dist/jsonMain
[2019-03-28 21:13:28.248] [exthost] [info] ExtensionService#_doActivateExtension vscode.npm {"startup":false,"activationEvent":"onLanguage:json"}
[2019-03-28 21:13:28.248] [exthost] [info] ExtensionService#loadCommonJSModule /opt/visual-studio-code/resources/app/extensions/npm/dist/main
[2019-03-28 21:13:28.256] [exthost] [info] eager extensions activated
[2019-03-28 21:13:28.423] [exthost] [error] [wix.glean] provider FAILED
[2019-03-28 21:13:28.424] [exthost] [error] TypeError: Cannot read property 'superClass' of undefined
	at isSupportedComponent (/home/wikt/.vscode/extensions/wix.glean-4.10.0/out/modules/stateful-to-stateless.js:303:28)
	at Object.isStatefulComp (/home/wikt/.vscode/extensions/wix.glean-4.10.0/out/modules/stateful-to-stateless.js:310:9)
	at CompleteActionProvider.provideCodeActions (/home/wikt/.vscode/extensions/wix.glean-4.10.0/out/extension.js:39:37)
	at /opt/visual-studio-code/resources/app/out/vs/workbench/services/extensions/node/extensionHostProcess.js:541:390
	at t.asPromise (/opt/visual-studio-code/resources/app/out/vs/workbench/services/extensions/node/extensionHostProcess.js:50:385)
	at new Promise (<anonymous>)
	at Object.t.asPromise (/opt/visual-studio-code/resources/app/out/vs/workbench/services/extensions/node/extensionHostProcess.js:50:353)
	at e.provideCodeActions (/opt/visual-studio-code/resources/app/out/vs/workbench/services/extensions/node/extensionHostProcess.js:541:350)
	at /opt/visual-studio-code/resources/app/out/vs/workbench/services/extensions/node/extensionHostProcess.js:558:130
	at e._withAdapter (/opt/visual-studio-code/resources/app/out/vs/workbench/services/extensions/node/extensionHostProcess.js:553:292)
	at e.$provideCodeActions (/opt/visual-studio-code/resources/app/out/vs/workbench/services/extensions/node/extensionHostProcess.js:558:92)
	at t._doInvokeHandler (/opt/visual-studio-code/resources/app/out/vs/workbench/services/extensions/node/extensionHostProcess.js:644:118)
	at t._invokeHandler (/opt/visual-studio-code/resources/app/out/vs/workbench/services/extensions/node/extensionHostProcess.js:643:744)
	at t._receiveRequest (/opt/visual-studio-code/resources/app/out/vs/workbench/services/extensions/node/extensionHostProcess.js:642:256)
	at t._receiveOneMessage (/opt/visual-studio-code/resources/app/out/vs/workbench/services/extensions/node/extensionHostProcess.js:641:155)
	at /opt/visual-studio-code/resources/app/out/vs/workbench/services/extensions/node/extensionHostProcess.js:638:960
	at /opt/visual-studio-code/resources/app/out/vs/workbench/services/extensions/node/extensionHostProcess.js:38:994
	at e.fire (/opt/visual-studio-code/resources/app/out/vs/workbench/services/extensions/node/extensionHostProcess.js:44:113)
	at a (/opt/visual-studio-code/resources/app/out/vs/workbench/services/extensions/node/extensionHostProcess.js:170:213)
	at Socket.f._socketDataListener (/opt/visual-studio-code/resources/app/out/vs/workbench/services/extensions/node/extensionHostProcess.js:170:434)
	at Socket.emit (events.js:182:13)
	at addChunk (_stream_readable.js:279:12)
	at readableAddChunk (_stream_readable.js:264:11)
	at Socket.Readable.push (_stream_readable.js:219:10)
	at Pipe.onread (net.js:636:20)
[2019-03-28 21:13:28.905] [exthost] [info] ExtensionService#_doActivateExtension vscode.typescript-language-features {"startup":false,"activationEvent":"onLanguage:jsonc"}
[2019-03-28 21:13:28.906] [exthost] [info] ExtensionService#loadCommonJSModule /opt/visual-studio-code/resources/app/extensions/typescript-language-features/dist/extension
[2019-03-28 21:14:15.658] [exthost] [info] extension host started
[2019-03-28 21:14:15.736] [exthost] [info] ExtensionService#_doActivateExtension vscode.debug-auto-launch {"startup":true,"activationEvent":"*"}
[2019-03-28 21:14:15.736] [exthost] [info] ExtensionService#loadCommonJSModule /opt/visual-studio-code/resources/app/extensions/debug-auto-launch/dist/extension
[2019-03-28 21:14:15.742] [exthost] [info] ExtensionService#_doActivateExtension vscode.emmet {"startup":true,"activationEvent":"*"}
[2019-03-28 21:14:15.742] [exthost] [info] ExtensionService#loadCommonJSModule /opt/visual-studio-code/resources/app/extensions/emmet/dist/extension
[2019-03-28 21:14:15.757] [exthost] [info] ExtensionService#_doActivateExtension vscode.git {"startup":true,"activationEvent":"*"}
[2019-03-28 21:14:15.757] [exthost] [info] ExtensionService#loadCommonJSModule /opt/visual-studio-code/resources/app/extensions/git/dist/main
[2019-03-28 21:14:15.837] [exthost] [info] ExtensionService#_doActivateExtension vscode.merge-conflict {"startup":true,"activationEvent":"*"}
[2019-03-28 21:14:15.837] [exthost] [info] ExtensionService#loadCommonJSModule /opt/visual-studio-code/resources/app/extensions/merge-conflict/dist/extension
[2019-03-28 21:14:15.849] [exthost] [info] ExtensionService#_doActivateExtension christian-kohler.path-intellisense {"startup":true,"activationEvent":"*"}
[2019-03-28 21:14:15.849] [exthost] [info] ExtensionService#loadCommonJSModule /home/wikt/.vscode/extensions/christian-kohler.path-intellisense-1.4.2/out/src/extension
[2019-03-28 21:14:15.869] [exthost] [info] ExtensionService#_doActivateExtension dbaeumer.vscode-eslint {"startup":true,"activationEvent":"*"}
[2019-03-28 21:14:15.869] [exthost] [info] ExtensionService#loadCommonJSModule /home/wikt/.vscode/extensions/dbaeumer.vscode-eslint-1.8.2/client/out/extension
[2019-03-28 21:14:15.890] [exthost] [info] ExtensionService#_doActivateExtension Equinusocio.vsc-material-theme {"startup":true,"activationEvent":"*"}
[2019-03-28 21:14:15.890] [exthost] [info] ExtensionService#loadCommonJSModule /home/wikt/.vscode/extensions/equinusocio.vsc-material-theme-2.8.2/out/src/material.theme.config
[2019-03-28 21:14:15.912] [exthost] [info] ExtensionService#_doActivateExtension esbenp.prettier-vscode {"startup":true,"activationEvent":"*"}
[2019-03-28 21:14:15.912] [exthost] [info] ExtensionService#loadCommonJSModule /home/wikt/.vscode/extensions/esbenp.prettier-vscode-1.8.1/out/src/extension
[2019-03-28 21:14:16.075] [exthost] [info] ExtensionService#_doActivateExtension Gruntfuggly.todo-tree {"startup":true,"activationEvent":"*"}
[2019-03-28 21:14:16.075] [exthost] [info] ExtensionService#loadCommonJSModule /home/wikt/.vscode/extensions/gruntfuggly.todo-tree-0.0.125/extension
[2019-03-28 21:14:16.394] [exthost] [info] ExtensionService#_doActivateExtension monokai.theme-monokai-pro-vscode {"startup":true,"activationEvent":"*"}
[2019-03-28 21:14:16.394] [exthost] [info] ExtensionService#loadCommonJSModule /home/wikt/.vscode/extensions/monokai.theme-monokai-pro-vscode-1.1.12/js/main
[2019-03-28 21:14:16.397] [exthost] [info] ExtensionService#_doActivateExtension PKief.material-icon-theme {"startup":true,"activationEvent":"*"}
[2019-03-28 21:14:16.397] [exthost] [info] ExtensionService#loadCommonJSModule /home/wikt/.vscode/extensions/pkief.material-icon-theme-3.7.0/dist/extension
[2019-03-28 21:14:16.411] [exthost] [info] ExtensionService#_doActivateExtension vscode.typescript-language-features {"startup":false,"activationEvent":"onLanguage:javascript"}
[2019-03-28 21:14:16.411] [exthost] [info] ExtensionService#loadCommonJSModule /opt/visual-studio-code/resources/app/extensions/typescript-language-features/dist/extension
[2019-03-28 21:14:16.430] [exthost] [info] ExtensionService#_doActivateExtension timothymclane.react-redux-es6-snippets {"startup":false,"activationEvent":"onLanguage:javascript"}
[2019-03-28 21:14:16.430] [exthost] [info] ExtensionService#loadCommonJSModule /home/wikt/.vscode/extensions/timothymclane.react-redux-es6-snippets-2.1.0/out/src/extension
[2019-03-28 21:14:16.459] [exthost] [info] eager extensions activated
[2019-03-28 21:14:49.883] [exthost] [info] ExtensionService#_doActivateExtension vscode.extension-editing {"startup":false,"activationEvent":"onLanguage:typescript"}
[2019-03-28 21:14:49.883] [exthost] [info] ExtensionService#loadCommonJSModule /opt/visual-studio-code/resources/app/extensions/extension-editing/dist/extension
[2019-03-28 22:16:15.874] [exthost] [info] ExtensionService#_doActivateExtension PeterJausovec.vscode-docker {"startup":false,"activationEvent":"onLanguage:yaml"}
[2019-03-28 22:16:15.874] [exthost] [info] ExtensionService#loadCommonJSModule /home/wikt/.vscode/extensions/peterjausovec.vscode-docker-0.6.1/main
[2019-03-28 22:16:20.863] [exthost] [info] ExtensionService#_doActivateExtension vscode.configuration-editing {"startup":false,"activationEvent":"onLanguage:json"}
[2019-03-28 22:16:20.863] [exthost] [info] ExtensionService#loadCommonJSModule /opt/visual-studio-code/resources/app/extensions/configuration-editing/dist/extension
[2019-03-28 22:16:20.865] [exthost] [info] ExtensionService#_doActivateExtension vscode.json-language-features {"startup":false,"activationEvent":"onLanguage:json"}
[2019-03-28 22:16:20.865] [exthost] [info] ExtensionService#loadCommonJSModule /opt/visual-studio-code/resources/app/extensions/json-language-features/client/dist/jsonMain
[2019-03-28 22:16:20.877] [exthost] [info] ExtensionService#_doActivateExtension vscode.npm {"startup":false,"activationEvent":"onLanguage:json"}
[2019-03-28 22:16:20.877] [exthost] [info] ExtensionService#loadCommonJSModule /opt/visual-studio-code/resources/app/extensions/npm/dist/main
[2019-03-29 01:46:49.436] [exthost] [info] ExtensionService#_doActivateExtension vscode.html-language-features {"startup":false,"activationEvent":"onLanguage:html"}
[2019-03-29 01:46:49.436] [exthost] [info] ExtensionService#loadCommonJSModule /opt/visual-studio-code/resources/app/extensions/html-language-features/client/dist/htmlMain
